nohup: ignoring input
Logging to results/g_1_ICEWS14s_short_True_long_True_f_gate_fr_gate_ta_0.7_gnn1_regcn_2_gnn2_rgat_r1_3_seq_regcn_3_max_length_10_fil_False_ori_Falselast_True
../bertintkg/data/ICEWS14s
# Sanity Check:  entities: 7128
# Sanity Check:  relations: 230
# Sanity Check:  edges: 74845
../bertintkg/data/ICEWS14s
# Sanity Check:  entities: 7128
# Sanity Check:  relations: 230
# Sanity Check:  edges: 74845
# Sanity Check:  ave node num : 226.654605, ave rel num : 92.960526, snapshots num: 0304, max edges num: 0389, min edges num: 0093, max union rate: 1.0000, min union rate: 1.0000
# Sanity Check:  ave node num : 242.866667, ave rel num : 100.400000, snapshots num: 0030, max edges num: 0398, min edges num: 0159, max union rate: 1.0000, min union rate: 1.0000
# Sanity Check:  ave node num : 219.677419, ave rel num : 91.935484, snapshots num: 0031, max edges num: 0357, min edges num: 0112, max union rate: 1.0000, min union rate: 1.0000
# Sanity Check:  ave node num : 219.677419, ave rel num : 91.935484, snapshots num: 0031, max edges num: 0357, min edges num: 0112, max union rate: 1.0000, min union rate: 1.0000
# Sanity Check:  ave node num : 219.677419, ave rel num : 91.935484, snapshots num: 0031, max edges num: 0357, min edges num: 0112, max union rate: 1.0000, min union rate: 1.0000
# Sanity Check:  ave node num : 242.866667, ave rel num : 100.400000, snapshots num: 0030, max edges num: 0398, min edges num: 0159, max union rate: 1.0000, min union rate: 1.0000
# Sanity Check:  ave node num : 242.866667, ave rel num : 100.400000, snapshots num: 0030, max edges num: 0398, min edges num: 0159, max union rate: 1.0000, min union rate: 1.0000
{'gpu': '1', 'dataset': 'ICEWS14s', 'n_layers': 2, 'self_loop': True, 'layer_norm': False, 'relation_prediction': True, 'entity_prediction': False, 'n_epochs': 25, 'lr': 0.001, 'grad_norm': 1.0, 'n_hidden': 200, 'k_hop': 2, 'task': 0.7, 'short': True, 'long': True, 'gnn': 'regcn', 'fuse': 'gate', 'r_fuse': 'gate', 'record': True, 'model_record': True, 'config': 'long_config.yaml'}
{'h_dim': 200, 'num_hidden_layers': 2, 'decoder': 'convtranse', 'encoder': 'uvrgcn', 'sequence': 'regcn', 'sequence_len': 3, 'use_static': False, 'weight': 0.5, 'discount': 1, 'angle': 10, 'dropout': 0.2, 'num_bases': 100, 'num_basis': 100, 'self_loop': True, 'skip_connect': False, 'input_dropout': 0.2, 'hidden_dropout': 0.2, 'feat_dropout': 0.2, 'aggregation': 'none', 'entity_prediction': True, 'relation_prediction': True, 'opn': 'sub', 'num_static_rels': 0, 'num_words': 0}
{'h_dim': 200, 'out_dim': 200, 'encoder': 'regcn', 'decoder': 'rgat_r1', 'feat_drop': 0.0, 'attn_drop': 0.0, 'a_layer_num': 2, 'd_layer_num': 3, 'max_length': 10, 'filter': False, 'low_memory': True, 'last': True, 'ori': False, 'time_length': 365, 'time_idx': array([    0,   131,   322,   490,   626,   747,   974,  1207,  1427,
        1683,  1936,  2053,  2218,  2496,  2715,  2964,  3229,  3472,
        3623,  3749,  4032,  4293,  4565,  4832,  5080,  5225,  5384,
        5639,  5876,  6144,  6429,  6683,  6811,  6949,  7193,  7466,
        7727,  7996,  8219,  8368,  8483,  8765,  9023,  9289,  9564,
        9826, 10008, 10132, 10389, 10666, 10932, 11210, 11471, 11655,
       11792, 12082, 12362, 12644, 12925, 13177, 13341, 13497, 13743,
       13997, 14242, 14478, 14706, 14849, 14991, 15240, 15514, 15802,
       16064, 16350, 16490, 16629, 16900, 17163, 17414, 17675, 17937,
       18075, 18205, 18475, 18744, 19006, 19278, 19528, 19667, 19810,
       20067, 20320, 20573, 20818, 21083, 21242, 21382, 21640, 21938,
       22222, 22475, 22719, 22859, 22982, 23286, 23562, 23798, 24035,
       24229, 24355, 24483, 24680, 24897, 25124, 25379, 25636, 25797,
       25957, 26162, 26442, 26728, 26929, 27156, 27298, 27458, 27719,
       28010, 28279, 28534, 28807, 28965, 29136, 29404, 29676, 29914,
       30180, 30456, 30611, 30736, 31042, 31369, 31660, 31963, 32227,
       32407, 32595, 32816, 33046, 33322, 33622, 33869, 34015, 34152,
       34401, 34665, 34938, 35203, 35466, 35628, 35765, 36036, 36322,
       36552, 36820, 37090, 37234, 37381, 37701, 37999, 38287, 38588,
       38867, 38992, 39122, 39426, 39673, 39924, 40180, 40423, 40564,
       40682, 40951, 41211, 41458, 41730, 41995, 42138, 42280, 42553,
       42831, 43076, 43313, 43543, 43668, 43811, 44064, 44317, 44556,
       44808, 45047, 45183, 45321, 45565, 45785, 46043, 46289, 46515,
       46630, 46749, 46972, 47186, 47413, 47658, 47864, 47987, 48116,
       48342, 48584, 48822, 49067, 49285, 49408, 49548, 49838, 50092,
       50354, 50566, 50793, 50911, 51050, 51311, 51578, 51804, 52043,
       52262, 52396, 52523, 52812, 53076, 53348, 53628, 53812, 53968,
       54099, 54372, 54664, 54949, 55213, 55441, 55591, 55753, 56044,
       56308, 56602, 56895, 57149, 57301, 57470, 57759, 58013, 58282,
       58556, 58823, 58977, 59141, 59438, 59730, 59982, 60251, 60506,
       60683, 60799, 61096, 61363, 61662, 61960, 62216, 62336, 62480,
       62722, 63020, 63283, 63553, 63787, 63943, 64094, 64364, 64646,
       64953, 65234, 65500, 65670, 65810, 66134, 66440, 66727, 67006,
       67237, 67382, 67522, 67822, 68105, 68401, 68643, 68903, 69045,
       69195, 69478, 69741, 70009, 70274, 70529, 70693, 70846, 71148,
       71427, 71726, 72025, 72284, 72449, 72589, 72917, 73214, 73514,
       73808, 74095, 74272, 74431, 74730, 74993, 75304, 75594, 75854,
       76008, 76189, 76495, 76779, 77080, 77331, 77570, 77732, 77908,
       78196, 78469, 78756, 79055, 79297, 79410, 79555, 79852, 80132,
       80393, 80644, 80868, 80989, 81123, 81372, 81621, 81802, 81928,
       82095, 82217, 82343, 82593, 82801, 82999])}
use layer :uvrgcn
activate function: <function rrelu at 0x732ce5b81580>
activate function: <function rrelu at 0x732ce5b81580>
use layer :uvrgcn
activate function: <function rrelu at 0x732ce5b81580>
activate function: <function rrelu at 0x732ce5b81580>
load data online
Epoch 0 _ Start training:  2024-10-14 21:07:52.809786 =============================================
Epoch 0, loss 4.6797 2024-10-14 21:09:17.453620
	Start validating:  2024-10-14 21:09:17.453665
	train_loss:4.6797	val_loss:3.9811	val_Mrr_raw:0.3151	val_Hits(raw)@1:0.2108	val_Hits(raw)@3:0.3454	val_Hits(raw)@10:0.5275	val_Mrr_filter:0.3269	val_Hits(filter)@1:0.2263	val_Hits(filter)@3:0.3554	val_Hits(filter)@10:0.5311
	Start testing:  2024-10-14 21:09:29.225760
	val_loss:4.0194	val_Mrr_raw:0.3042	val_Hits(raw)@1:0.2032	val_Hits(raw)@3:0.3306	val_Hits(raw)@10:0.5108	val_Mrr_filter:0.3113	val_Hits(filter)@1:0.2128	val_Hits(filter)@3:0.3360	val_Hits(filter)@10:0.5134
Epoch 1 _ Start training:  2024-10-14 21:09:40.830653 =============================================
Epoch 1, loss 3.9079 2024-10-14 21:11:04.117179
	Start validating:  2024-10-14 21:11:04.117219
	train_loss:3.9079	val_loss:3.5469	val_Mrr_raw:0.3812	val_Hits(raw)@1:0.2683	val_Hits(raw)@3:0.4276	val_Hits(raw)@10:0.6058	val_Mrr_filter:0.3963	val_Hits(filter)@1:0.2889	val_Hits(filter)@3:0.4376	val_Hits(filter)@10:0.6115
	Start testing:  2024-10-14 21:11:15.867535
	val_loss:3.5252	val_Mrr_raw:0.3747	val_Hits(raw)@1:0.2617	val_Hits(raw)@3:0.4149	val_Hits(raw)@10:0.6024	val_Mrr_filter:0.3846	val_Hits(filter)@1:0.2749	val_Hits(filter)@3:0.4243	val_Hits(filter)@10:0.6063
Epoch 2 _ Start training:  2024-10-14 21:11:27.324947 =============================================
Epoch 2, loss 3.5946 2024-10-14 21:12:51.137183
	Start validating:  2024-10-14 21:12:51.137282
	train_loss:3.5946	val_loss:3.3659	val_Mrr_raw:0.4174	val_Hits(raw)@1:0.2985	val_Hits(raw)@3:0.4733	val_Hits(raw)@10:0.6534	val_Mrr_filter:0.4347	val_Hits(filter)@1:0.3228	val_Hits(filter)@3:0.4856	val_Hits(filter)@10:0.6570
	Start testing:  2024-10-14 21:13:02.810064
	val_loss:3.3304	val_Mrr_raw:0.4134	val_Hits(raw)@1:0.2938	val_Hits(raw)@3:0.4641	val_Hits(raw)@10:0.6524	val_Mrr_filter:0.4250	val_Hits(filter)@1:0.3095	val_Hits(filter)@3:0.4733	val_Hits(filter)@10:0.6555
Epoch 3 _ Start training:  2024-10-14 21:13:14.347913 =============================================
Epoch 3, loss 3.3790 2024-10-14 21:14:37.554074
	Start validating:  2024-10-14 21:14:37.554119
	train_loss:3.3790	val_loss:3.2707	val_Mrr_raw:0.4350	val_Hits(raw)@1:0.3131	val_Hits(raw)@3:0.4962	val_Hits(raw)@10:0.6762	val_Mrr_filter:0.4534	val_Hits(filter)@1:0.3391	val_Hits(filter)@3:0.5093	val_Hits(filter)@10:0.6808
	Start testing:  2024-10-14 21:14:49.260229
	val_loss:3.2092	val_Mrr_raw:0.4378	val_Hits(raw)@1:0.3143	val_Hits(raw)@3:0.4961	val_Hits(raw)@10:0.6842	val_Mrr_filter:0.4498	val_Hits(filter)@1:0.3306	val_Hits(filter)@3:0.5048	val_Hits(filter)@10:0.6887
Epoch 4 _ Start training:  2024-10-14 21:15:00.883013 =============================================
Epoch 4, loss 3.2056 2024-10-14 21:16:24.652138
	Start validating:  2024-10-14 21:16:24.652211
	train_loss:3.2056	val_loss:3.2138	val_Mrr_raw:0.4526	val_Hits(raw)@1:0.3303	val_Hits(raw)@3:0.5150	val_Hits(raw)@10:0.6941	val_Mrr_filter:0.4716	val_Hits(filter)@1:0.3568	val_Hits(filter)@3:0.5288	val_Hits(filter)@10:0.6985
	Start testing:  2024-10-14 21:16:36.377792
	val_loss:3.1460	val_Mrr_raw:0.4569	val_Hits(raw)@1:0.3341	val_Hits(raw)@3:0.5178	val_Hits(raw)@10:0.7011	val_Mrr_filter:0.4694	val_Hits(filter)@1:0.3511	val_Hits(filter)@3:0.5269	val_Hits(filter)@10:0.7043
Epoch 5 _ Start training:  2024-10-14 21:16:47.917364 =============================================
Epoch 5, loss 3.0519 2024-10-14 21:18:11.175680
	Start validating:  2024-10-14 21:18:11.175825
	train_loss:3.0519	val_loss:3.2141	val_Mrr_raw:0.4581	val_Hits(raw)@1:0.3353	val_Hits(raw)@3:0.5202	val_Hits(raw)@10:0.6994	val_Mrr_filter:0.4764	val_Hits(filter)@1:0.3603	val_Hits(filter)@3:0.5338	val_Hits(filter)@10:0.7038
	Start testing:  2024-10-14 21:18:22.947501
	val_loss:3.1332	val_Mrr_raw:0.4628	val_Hits(raw)@1:0.3369	val_Hits(raw)@3:0.5277	val_Hits(raw)@10:0.7081	val_Mrr_filter:0.4754	val_Hits(filter)@1:0.3541	val_Hits(filter)@3:0.5377	val_Hits(filter)@10:0.7123
Epoch 6 _ Start training:  2024-10-14 21:18:34.470787 =============================================
Epoch 6, loss 2.9112 2024-10-14 21:19:57.546939
	Start validating:  2024-10-14 21:19:57.547026
	train_loss:2.9112	val_loss:3.2094	val_Mrr_raw:0.4659	val_Hits(raw)@1:0.3430	val_Hits(raw)@3:0.5335	val_Hits(raw)@10:0.7058	val_Mrr_filter:0.4844	val_Hits(filter)@1:0.3681	val_Hits(filter)@3:0.5464	val_Hits(filter)@10:0.7107
	Start testing:  2024-10-14 21:20:09.224012
	val_loss:3.1225	val_Mrr_raw:0.4697	val_Hits(raw)@1:0.3455	val_Hits(raw)@3:0.5339	val_Hits(raw)@10:0.7132	val_Mrr_filter:0.4826	val_Hits(filter)@1:0.3632	val_Hits(filter)@3:0.5442	val_Hits(filter)@10:0.7178
Epoch 7 _ Start training:  2024-10-14 21:20:20.793808 =============================================
Epoch 7, loss 2.7875 2024-10-14 21:21:44.389230
	Start validating:  2024-10-14 21:21:44.389277
	train_loss:2.7875	val_loss:3.1868	val_Mrr_raw:0.4703	val_Hits(raw)@1:0.3456	val_Hits(raw)@3:0.5381	val_Hits(raw)@10:0.7129	val_Mrr_filter:0.4893	val_Hits(filter)@1:0.3719	val_Hits(filter)@3:0.5523	val_Hits(filter)@10:0.7171
	Start testing:  2024-10-14 21:21:56.108347
	val_loss:3.0981	val_Mrr_raw:0.4759	val_Hits(raw)@1:0.3503	val_Hits(raw)@3:0.5424	val_Hits(raw)@10:0.7199	val_Mrr_filter:0.4891	val_Hits(filter)@1:0.3686	val_Hits(filter)@3:0.5519	val_Hits(filter)@10:0.7235
Epoch 8 _ Start training:  2024-10-14 21:22:07.685726 =============================================
Epoch 8, loss 2.6726 2024-10-14 21:23:31.676976
	Start validating:  2024-10-14 21:23:31.677020
	train_loss:2.6726	val_loss:3.1816	val_Mrr_raw:0.4748	val_Hits(raw)@1:0.3518	val_Hits(raw)@3:0.5394	val_Hits(raw)@10:0.7165	val_Mrr_filter:0.4936	val_Hits(filter)@1:0.3776	val_Hits(filter)@3:0.5532	val_Hits(filter)@10:0.7209
	Start testing:  2024-10-14 21:23:43.366744
	val_loss:3.0923	val_Mrr_raw:0.4793	val_Hits(raw)@1:0.3540	val_Hits(raw)@3:0.5465	val_Hits(raw)@10:0.7228	val_Mrr_filter:0.4928	val_Hits(filter)@1:0.3728	val_Hits(filter)@3:0.5574	val_Hits(filter)@10:0.7263
Epoch 9 _ Start training:  2024-10-14 21:23:54.866517 =============================================
Epoch 9, loss 2.5720 2024-10-14 21:25:18.961454
	Start validating:  2024-10-14 21:25:18.961539
	train_loss:2.5720	val_loss:3.2144	val_Mrr_raw:0.4741	val_Hits(raw)@1:0.3524	val_Hits(raw)@3:0.5375	val_Hits(raw)@10:0.7154	val_Mrr_filter:0.4926	val_Hits(filter)@1:0.3781	val_Hits(filter)@3:0.5517	val_Hits(filter)@10:0.7199
	Start testing:  2024-10-14 21:25:30.733930
	val_loss:3.1285	val_Mrr_raw:0.4801	val_Hits(raw)@1:0.3559	val_Hits(raw)@3:0.5473	val_Hits(raw)@10:0.7198	val_Mrr_filter:0.4930	val_Hits(filter)@1:0.3733	val_Hits(filter)@3:0.5567	val_Hits(filter)@10:0.7240
Epoch 10 _ Start training:  2024-10-14 21:25:42.353304 =============================================
Epoch 10, loss 2.4739 2024-10-14 21:27:06.647413
	Start validating:  2024-10-14 21:27:06.647458
	train_loss:2.4739	val_loss:3.1960	val_Mrr_raw:0.4773	val_Hits(raw)@1:0.3533	val_Hits(raw)@3:0.5456	val_Hits(raw)@10:0.7169	val_Mrr_filter:0.4962	val_Hits(filter)@1:0.3794	val_Hits(filter)@3:0.5594	val_Hits(filter)@10:0.7216
	Start testing:  2024-10-14 21:27:18.368454
	val_loss:3.1134	val_Mrr_raw:0.4836	val_Hits(raw)@1:0.3599	val_Hits(raw)@3:0.5496	val_Hits(raw)@10:0.7231	val_Mrr_filter:0.4969	val_Hits(filter)@1:0.3785	val_Hits(filter)@3:0.5593	val_Hits(filter)@10:0.7271
Epoch 11 _ Start training:  2024-10-14 21:27:29.912734 =============================================
Epoch 11, loss 2.3845 2024-10-14 21:28:53.870010
	Start validating:  2024-10-14 21:28:53.870086
	train_loss:2.3845	val_loss:3.2461	val_Mrr_raw:0.4768	val_Hits(raw)@1:0.3535	val_Hits(raw)@3:0.5459	val_Hits(raw)@10:0.7173	val_Mrr_filter:0.4959	val_Hits(filter)@1:0.3802	val_Hits(filter)@3:0.5584	val_Hits(filter)@10:0.7215
	Start testing:  2024-10-14 21:29:05.517157
	val_loss:3.1579	val_Mrr_raw:0.4810	val_Hits(raw)@1:0.3584	val_Hits(raw)@3:0.5468	val_Hits(raw)@10:0.7194	val_Mrr_filter:0.4946	val_Hits(filter)@1:0.3775	val_Hits(filter)@3:0.5547	val_Hits(filter)@10:0.7232
Epoch 12 _ Start training:  2024-10-14 21:29:17.007158 =============================================
Epoch 12, loss 2.3041 2024-10-14 21:30:40.816048
	Start validating:  2024-10-14 21:30:40.816119
	train_loss:2.3041	val_loss:3.2870	val_Mrr_raw:0.4763	val_Hits(raw)@1:0.3533	val_Hits(raw)@3:0.5463	val_Hits(raw)@10:0.7137	val_Mrr_filter:0.4956	val_Hits(filter)@1:0.3806	val_Hits(filter)@3:0.5574	val_Hits(filter)@10:0.7175
	Start testing:  2024-10-14 21:30:52.504710
	val_loss:3.2005	val_Mrr_raw:0.4809	val_Hits(raw)@1:0.3588	val_Hits(raw)@3:0.5478	val_Hits(raw)@10:0.7165	val_Mrr_filter:0.4948	val_Hits(filter)@1:0.3788	val_Hits(filter)@3:0.5568	val_Hits(filter)@10:0.7213
Epoch 13 _ Start training:  2024-10-14 21:31:04.061261 =============================================
Epoch 13, loss 2.2302 2024-10-14 21:32:27.860241
	Start validating:  2024-10-14 21:32:27.860286
	train_loss:2.2302	val_loss:3.2931	val_Mrr_raw:0.4752	val_Hits(raw)@1:0.3512	val_Hits(raw)@3:0.5429	val_Hits(raw)@10:0.7176	val_Mrr_filter:0.4939	val_Hits(filter)@1:0.3772	val_Hits(filter)@3:0.5571	val_Hits(filter)@10:0.7218
	Start testing:  2024-10-14 21:32:39.306200
	val_loss:3.1973	val_Mrr_raw:0.4832	val_Hits(raw)@1:0.3610	val_Hits(raw)@3:0.5516	val_Hits(raw)@10:0.7196	val_Mrr_filter:0.4963	val_Hits(filter)@1:0.3789	val_Hits(filter)@3:0.5604	val_Hits(filter)@10:0.7229
Epoch 14 _ Start training:  2024-10-14 21:32:50.864250 =============================================
Epoch 14, loss 2.1599 2024-10-14 21:34:14.758837
	Start validating:  2024-10-14 21:34:14.758957paper/HGLS/biregccn_regcn.log
	train_loss:2.1599	val_loss:3.3040	val_Mrr_raw:0.4762	val_Hits(raw)@1:0.3521	val_Hits(raw)@3:0.5433	val_Hits(raw)@10:0.7157	val_Mrr_filter:0.4949	val_Hits(filter)@1:0.3776	val_Hits(filter)@3:0.5587	val_Hits(filter)@10:0.7204
	Start testing:  2024-10-14 21:34:26.449895
	val_loss:3.2171	val_Mrr_raw:0.4814	val_Hits(raw)@1:0.3588	val_Hits(raw)@3:0.5493	val_Hits(raw)@10:0.7165	val_Mrr_filter:0.4949	val_Hits(filter)@1:0.3778	val_Hits(filter)@3:0.5575	val_Hits(filter)@10:0.7208
Epoch 15 _ Start training:  2024-10-14 21:34:38.022917 =============================================
Epoch 15, loss 2.1010 2024-10-14 21:36:01.773990
	Start validating:  2024-10-14 21:36:01.774042
	train_loss:2.1010	val_loss:3.3514	val_Mrr_raw:0.4746	val_Hits(raw)@1:0.3498	val_Hits(raw)@3:0.5447	val_Hits(raw)@10:0.7138	val_Mrr_filter:0.4936	val_Hits(filter)@1:0.3767	val_Hits(filter)@3:0.5590	val_Hits(filter)@10:0.7180
	Start testing:  2024-10-14 21:36:13.478366
	val_loss:3.2603	val_Mrr_raw:0.4791	val_Hits(raw)@1:0.3552	val_Hits(raw)@3:0.5483	val_Hits(raw)@10:0.7160	val_Mrr_filter:0.4926	val_Hits(filter)@1:0.3746	val_Hits(filter)@3:0.5563	val_Hits(filter)@10:0.7200
Epoch 16 _ Start training:  2024-10-14 21:36:24.975405 =============================================
Epoch 16, loss 2.0453 2024-10-14 21:37:48.902171
	Start validating:  2024-10-14 21:37:48.902215
	train_loss:2.0453	val_loss:3.3947	val_Mrr_raw:0.4747	val_Hits(raw)@1:0.3530	val_Hits(raw)@3:0.5398	val_Hits(raw)@10:0.7110	val_Mrr_filter:0.4935	val_Hits(filter)@1:0.3797	val_Hits(filter)@3:0.5524	val_Hits(filter)@10:0.7151
	Start testing:  2024-10-14 21:38:00.521210
	val_loss:3.3138	val_Mrr_raw:0.4751	val_Hits(raw)@1:0.3535	val_Hits(raw)@3:0.5402	val_Hits(raw)@10:0.7116	val_Mrr_filter:0.4879	val_Hits(filter)@1:0.3710	val_Hits(filter)@3:0.5497	val_Hits(filter)@10:0.7148
Epoch 17 _ Start training:  2024-10-14 21:38:12.075194 =============================================
Epoch 17, loss 1.9957 2024-10-14 21:39:36.081391
	Start validating:  2024-10-14 21:39:36.081441
	train_loss:1.9957	val_loss:3.4223	val_Mrr_raw:0.4760	val_Hits(raw)@1:0.3526	val_Hits(raw)@3:0.5447	val_Hits(raw)@10:0.7151	val_Mrr_filter:0.4957	val_Hits(filter)@1:0.3808	val_Hits(filter)@3:0.5580	val_Hits(filter)@10:0.7198
	Start testing:  2024-10-14 21:39:47.535451
	val_loss:3.3506	val_Mrr_raw:0.4796	val_Hits(raw)@1:0.3591	val_Hits(raw)@3:0.5444	val_Hits(raw)@10:0.7133	val_Mrr_filter:0.4932	val_Hits(filter)@1:0.3788	val_Hits(filter)@3:0.5538	val_Hits(filter)@10:0.7170
Epoch 18 _ Start training:  2024-10-14 21:39:59.171847 =============================================
Epoch 18, loss 1.9439 2024-10-14 21:41:23.758226
	Start validating:  2024-10-14 21:41:23.758311
	train_loss:1.9439	val_loss:3.4620	val_Mrr_raw:0.4751	val_Hits(raw)@1:0.3525	val_Hits(raw)@3:0.5425	val_Hits(raw)@10:0.7124	val_Mrr_filter:0.4932	val_Hits(filter)@1:0.3771	val_Hits(filter)@3:0.5571	val_Hits(filter)@10:0.7163
	Start testing:  2024-10-14 21:41:35.372915
	val_loss:3.3902	val_Mrr_raw:0.4747	val_Hits(raw)@1:0.3519	val_Hits(raw)@3:0.5435	val_Hits(raw)@10:0.7114	val_Mrr_filter:0.4876	val_Hits(filter)@1:0.3702	val_Hits(filter)@3:0.5522	val_Hits(filter)@10:0.7151
Epoch 19 _ Start training:  2024-10-14 21:41:46.942562 =============================================
Epoch 19, loss 1.9005 2024-10-14 21:43:10.892112
	Start validating:  2024-10-14 21:43:10.892155
	train_loss:1.9005	val_loss:3.4987	val_Mrr_raw:0.4706	val_Hits(raw)@1:0.3497	val_Hits(raw)@3:0.5350	val_Hits(raw)@10:0.7087	val_Mrr_filter:0.4886	val_Hits(filter)@1:0.3747	val_Hits(filter)@3:0.5499	val_Hits(filter)@10:0.7130
	Start testing:  2024-10-14 21:43:22.576489
	val_loss:3.4274	val_Mrr_raw:0.4713	val_Hits(raw)@1:0.3493	val_Hits(raw)@3:0.5387	val_Hits(raw)@10:0.7081	val_Mrr_filter:0.4840	val_Hits(filter)@1:0.3668	val_Hits(filter)@3:0.5474	val_Hits(filter)@10:0.7110
Epoch 20 _ Start training:  2024-10-14 21:43:34.115158 =============================================
Epoch 20, loss 1.8546 2024-10-14 21:44:59.314302
	Start validating:  2024-10-14 21:44:59.314368
	train_loss:1.8546	val_loss:3.4888	val_Mrr_raw:0.4651	val_Hits(raw)@1:0.3427	val_Hits(raw)@3:0.5304	val_Hits(raw)@10:0.7046	val_Mrr_filter:0.4828	val_Hits(filter)@1:0.3667	val_Hits(filter)@3:0.5436	val_Hits(filter)@10:0.7085
	Start testing:  2024-10-14 21:45:12.001385
	val_loss:3.4144	val_Mrr_raw:0.4680	val_Hits(raw)@1:0.3463	val_Hits(raw)@3:0.5364	val_Hits(raw)@10:0.7013	val_Mrr_filter:0.4806	val_Hits(filter)@1:0.3640	val_Hits(filter)@3:0.5457	val_Hits(filter)@10:0.7047
Epoch 21 _ Start training:  2024-10-14 21:45:23.582398 =============================================
Epoch 21, loss 1.8100 2024-10-14 21:46:49.599330
	Start validating:  2024-10-14 21:46:49.601142
	train_loss:1.8100	val_loss:3.5279	val_Mrr_raw:0.4662	val_Hits(raw)@1:0.3460	val_Hits(raw)@3:0.5301	val_Hits(raw)@10:0.7018	val_Mrr_filter:0.4839	val_Hits(filter)@1:0.3703	val_Hits(filter)@3:0.5440	val_Hits(filter)@10:0.7058
	Start testing:  2024-10-14 21:47:01.380128
	val_loss:3.4638	val_Mrr_raw:0.4668	val_Hits(raw)@1:0.3450	val_Hits(raw)@3:0.5353	val_Hits(raw)@10:0.7001	val_Mrr_filter:0.4792	val_Hits(filter)@1:0.3626	val_Hits(filter)@3:0.5431	val_Hits(filter)@10:0.7037
Epoch 22 _ Start training:  2024-10-14 21:47:12.998657 =============================================
Epoch 22, loss 1.7712 2024-10-14 21:48:39.583668
	Start validating:  2024-10-14 21:48:39.583761
	train_loss:1.7712	val_loss:3.5586	val_Mrr_raw:0.4619	val_Hits(raw)@1:0.3399	val_Hits(raw)@3:0.5288	val_Hits(raw)@10:0.6992	val_Mrr_filter:0.4795	val_Hits(filter)@1:0.3638	val_Hits(filter)@3:0.5422	val_Hits(filter)@10:0.7035
	Start testing:  2024-10-14 21:48:52.283788
	val_loss:3.4990	val_Mrr_raw:0.4646	val_Hits(raw)@1:0.3452	val_Hits(raw)@3:0.5294	val_Hits(raw)@10:0.6985	val_Mrr_filter:0.4767	val_Hits(filter)@1:0.3618	val_Hits(filter)@3:0.5386	val_Hits(filter)@10:0.7016
Epoch 23 _ Start training:  2024-10-14 21:49:03.884683 =============================================
Epoch 23, loss 1.7323 2024-10-14 21:50:27.821137
	Start validating:  2024-10-14 21:50:27.821183
	train_loss:1.7323	val_loss:3.5524	val_Mrr_raw:0.4675	val_Hits(raw)@1:0.3465	val_Hits(raw)@3:0.5361	val_Hits(raw)@10:0.7035	val_Mrr_filter:0.4850	val_Hits(filter)@1:0.3705	val_Hits(filter)@3:0.5491	val_Hits(filter)@10:0.7074
	Start testing:  2024-10-14 21:50:39.647048
	val_loss:3.4877	val_Mrr_raw:0.4678	val_Hits(raw)@1:0.3464	val_Hits(raw)@3:0.5346	val_Hits(raw)@10:0.7013	val_Mrr_filter:0.4798	val_Hits(filter)@1:0.3630	val_Hits(filter)@3:0.5432	val_Hits(filter)@10:0.7042
Epoch 24 _ Start training:  2024-10-14 21:50:51.284868 =============================================
Epoch 24, loss 1.7016 2024-10-14 21:52:15.687880
	Start validating:  2024-10-14 21:52:15.687925
	train_loss:1.7016	val_loss:3.5687	val_Mrr_raw:0.4660	val_Hits(raw)@1:0.3449	val_Hits(raw)@3:0.5311	val_Hits(raw)@10:0.7024	val_Mrr_filter:0.4838	val_Hits(filter)@1:0.3694	val_Hits(filter)@3:0.5438	val_Hits(filter)@10:0.7064
	Start testing:  2024-10-14 21:52:27.350920
	val_loss:3.5096	val_Mrr_raw:0.4629	val_Hits(raw)@1:0.3409	val_Hits(raw)@3:0.5305	val_Hits(raw)@10:0.7002	val_Mrr_filter:0.4749	val_Hits(filter)@1:0.3572	val_Hits(filter)@3:0.5402	val_Hits(filter)@10:0.7041
