nohup: ignoring input
Logging to results/g_1_ICEWS14s_short_True_long_True_f_gate_fr_gate_ta_0.7_gnn1_regcn_2_gnn2_rgat_r1_3_seq_rnn_3_max_length_10_fil_False_ori_Falselast_True
../bertintkg/data/ICEWS14s
# Sanity Check:  entities: 7128
# Sanity Check:  relations: 230
# Sanity Check:  edges: 74845
../bertintkg/data/ICEWS14s
# Sanity Check:  entities: 7128
# Sanity Check:  relations: 230
# Sanity Check:  edges: 74845
# Sanity Check:  ave node num : 226.654605, ave rel num : 92.960526, snapshots num: 0304, max edges num: 0389, min edges num: 0093, max union rate: 1.0000, min union rate: 1.0000
# Sanity Check:  ave node num : 242.866667, ave rel num : 100.400000, snapshots num: 0030, max edges num: 0398, min edges num: 0159, max union rate: 1.0000, min union rate: 1.0000
# Sanity Check:  ave node num : 219.677419, ave rel num : 91.935484, snapshots num: 0031, max edges num: 0357, min edges num: 0112, max union rate: 1.0000, min union rate: 1.0000
# Sanity Check:  ave node num : 219.677419, ave rel num : 91.935484, snapshots num: 0031, max edges num: 0357, min edges num: 0112, max union rate: 1.0000, min union rate: 1.0000
# Sanity Check:  ave node num : 219.677419, ave rel num : 91.935484, snapshots num: 0031, max edges num: 0357, min edges num: 0112, max union rate: 1.0000, min union rate: 1.0000
# Sanity Check:  ave node num : 242.866667, ave rel num : 100.400000, snapshots num: 0030, max edges num: 0398, min edges num: 0159, max union rate: 1.0000, min union rate: 1.0000
# Sanity Check:  ave node num : 242.866667, ave rel num : 100.400000, snapshots num: 0030, max edges num: 0398, min edges num: 0159, max union rate: 1.0000, min union rate: 1.0000
{'gpu': '1', 'dataset': 'ICEWS14s', 'n_layers': 2, 'self_loop': True, 'layer_norm': False, 'relation_prediction': True, 'entity_prediction': False, 'n_epochs': 40, 'lr': 0.0005, 'grad_norm': 1.0, 'n_hidden': 200, 'k_hop': 2, 'task': 0.7, 'short': True, 'long': True, 'gnn': 'regcn', 'fuse': 'gate', 'r_fuse': 'gate', 'record': True, 'model_record': True, 'config': 'long_config.yaml'}
{'h_dim': 200, 'num_hidden_layers': 2, 'decoder': 'convtranse', 'encoder': 'uvrgcn', 'sequence': 'rnn', 'sequence_len': 3, 'use_static': False, 'weight': 0.5, 'discount': 1, 'angle': 10, 'dropout': 0.2, 'num_bases': 100, 'num_basis': 100, 'self_loop': True, 'skip_connect': False, 'input_dropout': 0.2, 'hidden_dropout': 0.2, 'feat_dropout': 0.2, 'aggregation': 'none', 'entity_prediction': True, 'relation_prediction': True, 'opn': 'sub', 'num_static_rels': 0, 'num_words': 0}
{'h_dim': 200, 'out_dim': 200, 'encoder': 'regcn', 'decoder': 'rgat_r1', 'feat_drop': 0.0, 'attn_drop': 0.0, 'a_layer_num': 2, 'd_layer_num': 3, 'max_length': 10, 'filter': False, 'low_memory': True, 'last': True, 'ori': False, 'time_length': 365, 'time_idx': array([    0,   131,   322,   490,   626,   747,   974,  1207,  1427,
        1683,  1936,  2053,  2218,  2496,  2715,  2964,  3229,  3472,
        3623,  3749,  4032,  4293,  4565,  4832,  5080,  5225,  5384,
        5639,  5876,  6144,  6429,  6683,  6811,  6949,  7193,  7466,
        7727,  7996,  8219,  8368,  8483,  8765,  9023,  9289,  9564,
        9826, 10008, 10132, 10389, 10666, 10932, 11210, 11471, 11655,
       11792, 12082, 12362, 12644, 12925, 13177, 13341, 13497, 13743,
       13997, 14242, 14478, 14706, 14849, 14991, 15240, 15514, 15802,
       16064, 16350, 16490, 16629, 16900, 17163, 17414, 17675, 17937,
       18075, 18205, 18475, 18744, 19006, 19278, 19528, 19667, 19810,
       20067, 20320, 20573, 20818, 21083, 21242, 21382, 21640, 21938,
       22222, 22475, 22719, 22859, 22982, 23286, 23562, 23798, 24035,
       24229, 24355, 24483, 24680, 24897, 25124, 25379, 25636, 25797,
       25957, 26162, 26442, 26728, 26929, 27156, 27298, 27458, 27719,
       28010, 28279, 28534, 28807, 28965, 29136, 29404, 29676, 29914,
       30180, 30456, 30611, 30736, 31042, 31369, 31660, 31963, 32227,
       32407, 32595, 32816, 33046, 33322, 33622, 33869, 34015, 34152,
       34401, 34665, 34938, 35203, 35466, 35628, 35765, 36036, 36322,
       36552, 36820, 37090, 37234, 37381, 37701, 37999, 38287, 38588,
       38867, 38992, 39122, 39426, 39673, 39924, 40180, 40423, 40564,
       40682, 40951, 41211, 41458, 41730, 41995, 42138, 42280, 42553,
       42831, 43076, 43313, 43543, 43668, 43811, 44064, 44317, 44556,
       44808, 45047, 45183, 45321, 45565, 45785, 46043, 46289, 46515,
       46630, 46749, 46972, 47186, 47413, 47658, 47864, 47987, 48116,
       48342, 48584, 48822, 49067, 49285, 49408, 49548, 49838, 50092,
       50354, 50566, 50793, 50911, 51050, 51311, 51578, 51804, 52043,
       52262, 52396, 52523, 52812, 53076, 53348, 53628, 53812, 53968,
       54099, 54372, 54664, 54949, 55213, 55441, 55591, 55753, 56044,
       56308, 56602, 56895, 57149, 57301, 57470, 57759, 58013, 58282,
       58556, 58823, 58977, 59141, 59438, 59730, 59982, 60251, 60506,
       60683, 60799, 61096, 61363, 61662, 61960, 62216, 62336, 62480,
       62722, 63020, 63283, 63553, 63787, 63943, 64094, 64364, 64646,
       64953, 65234, 65500, 65670, 65810, 66134, 66440, 66727, 67006,
       67237, 67382, 67522, 67822, 68105, 68401, 68643, 68903, 69045,
       69195, 69478, 69741, 70009, 70274, 70529, 70693, 70846, 71148,
       71427, 71726, 72025, 72284, 72449, 72589, 72917, 73214, 73514,
       73808, 74095, 74272, 74431, 74730, 74993, 75304, 75594, 75854,
       76008, 76189, 76495, 76779, 77080, 77331, 77570, 77732, 77908,
       78196, 78469, 78756, 79055, 79297, 79410, 79555, 79852, 80132,
       80393, 80644, 80868, 80989, 81123, 81372, 81621, 81802, 81928,
       82095, 82217, 82343, 82593, 82801, 82999])}
use layer :uvrgcn
activate function: <function rrelu at 0x7dc246381580>
activate function: <function rrelu at 0x7dc246381580>
use layer :uvrgcn
activate function: <function rrelu at 0x7dc246381580>
activate function: <function rrelu at 0x7dc246381580>
load data online
Epoch 0 _ Start training:  2024-10-14 18:04:24.837170 =============================================
Epoch 0, loss 4.8388 2024-10-14 18:05:47.710188
	Start validating:  2024-10-14 18:05:47.710276
	train_loss:4.8388	val_loss:4.2034	val_Mrr_raw:0.2906	val_Hits(raw)@1:0.1929	val_Hits(raw)@3:0.3188	val_Hits(raw)@10:0.4847	val_Mrr_filter:0.2996	val_Hits(filter)@1:0.2033	val_Hits(filter)@3:0.3283	val_Hits(filter)@10:0.4885
	Start testing:  2024-10-14 18:05:59.484690
	val_loss:4.2462	val_Mrr_raw:0.2787	val_Hits(raw)@1:0.1844	val_Hits(raw)@3:0.3025	val_Hits(raw)@10:0.4644	val_Mrr_filter:0.2843	val_Hits(filter)@1:0.1916	val_Hits(filter)@3:0.3075	val_Hits(filter)@10:0.4675
Epoch 1 _ Start training:  2024-10-14 18:06:10.993603 =============================================
Epoch 1, loss 4.0881 2024-10-14 18:07:34.715210
	Start validating:  2024-10-14 18:07:34.715261
	train_loss:4.0881	val_loss:3.9022	val_Mrr_raw:0.3482	val_Hits(raw)@1:0.2413	val_Hits(raw)@3:0.3888	val_Hits(raw)@10:0.5621	val_Mrr_filter:0.3600	val_Hits(filter)@1:0.2560	val_Hits(filter)@3:0.3995	val_Hits(filter)@10:0.5664
	Start testing:  2024-10-14 18:07:46.474008
	val_loss:3.9124	val_Mrr_raw:0.3433	val_Hits(raw)@1:0.2377	val_Hits(raw)@3:0.3772	val_Hits(raw)@10:0.5556	val_Mrr_filter:0.3512	val_Hits(filter)@1:0.2480	val_Hits(filter)@3:0.3821	val_Hits(filter)@10:0.5584
Epoch 2 _ Start training:  2024-10-14 18:07:58.060745 =============================================
Epoch 2, loss 3.7843 2024-10-14 18:09:21.601897
	Start validating:  2024-10-14 18:09:21.601946
	train_loss:3.7843	val_loss:3.6050	val_Mrr_raw:0.3815	val_Hits(raw)@1:0.2680	val_Hits(raw)@3:0.4289	val_Hits(raw)@10:0.6095	val_Mrr_filter:0.3968	val_Hits(filter)@1:0.2886	val_Hits(filter)@3:0.4388	val_Hits(filter)@10:0.6136
	Start testing:  2024-10-14 18:09:33.198433
	val_loss:3.5800	val_Mrr_raw:0.3769	val_Hits(raw)@1:0.2643	val_Hits(raw)@3:0.4196	val_Hits(raw)@10:0.6054	val_Mrr_filter:0.3863	val_Hits(filter)@1:0.2769	val_Hits(filter)@3:0.4266	val_Hits(filter)@10:0.6092
Epoch 3 _ Start training:  2024-10-14 18:09:44.838429 =============================================
Epoch 3, loss 3.5794 2024-10-14 18:11:08.970882
	Start validating:  2024-10-14 18:11:08.970934
	train_loss:3.5794	val_loss:3.4611	val_Mrr_raw:0.4062	val_Hits(raw)@1:0.2891	val_Hits(raw)@3:0.4594	val_Hits(raw)@10:0.6378	val_Mrr_filter:0.4227	val_Hits(filter)@1:0.3113	val_Hits(filter)@3:0.4723	val_Hits(filter)@10:0.6426
	Start testing:  2024-10-14 18:11:20.673306
	val_loss:3.4173	val_Mrr_raw:0.4039	val_Hits(raw)@1:0.2854	val_Hits(raw)@3:0.4528	val_Hits(raw)@10:0.6450	val_Mrr_filter:0.4147	val_Hits(filter)@1:0.2998	val_Hits(filter)@3:0.4609	val_Hits(filter)@10:0.6487
Epoch 4 _ Start training:  2024-10-14 18:11:32.123053 =============================================
Epoch 4, loss 3.4188 2024-10-14 18:12:55.535335
	Start validating:  2024-10-14 18:12:55.535389
	train_loss:3.4188	val_loss:3.4067	val_Mrr_raw:0.4243	val_Hits(raw)@1:0.3063	val_Hits(raw)@3:0.4772	val_Hits(raw)@10:0.6604	val_Mrr_filter:0.4416	val_Hits(filter)@1:0.3303	val_Hits(filter)@3:0.4903	val_Hits(filter)@10:0.6647
	Start testing:  2024-10-14 18:13:07.289445
	val_loss:3.3690	val_Mrr_raw:0.4249	val_Hits(raw)@1:0.3080	val_Hits(raw)@3:0.4765	val_Hits(raw)@10:0.6648	val_Mrr_filter:0.4364	val_Hits(filter)@1:0.3235	val_Hits(filter)@3:0.4856	val_Hits(filter)@10:0.6682
Epoch 5 _ Start training:  2024-10-14 18:13:19.027148 =============================================
Epoch 5, loss 3.2842 2024-10-14 18:14:43.422718
	Start validating:  2024-10-14 18:14:43.422806
	train_loss:3.2842	val_loss:3.3166	val_Mrr_raw:0.4354	val_Hits(raw)@1:0.3146	val_Hits(raw)@3:0.4929	val_Hits(raw)@10:0.6742	val_Mrr_filter:0.4534	val_Hits(filter)@1:0.3401	val_Hits(filter)@3:0.5058	val_Hits(filter)@10:0.6786
	Start testing:  2024-10-14 18:14:55.105677
	val_loss:3.2695	val_Mrr_raw:0.4366	val_Hits(raw)@1:0.3156	val_Hits(raw)@3:0.4938	val_Hits(raw)@10:0.6799	val_Mrr_filter:0.4488	val_Hits(filter)@1:0.3322	val_Hits(filter)@3:0.5024	val_Hits(filter)@10:0.6842
Epoch 6 _ Start training:  2024-10-14 18:15:06.694831 =============================================
Epoch 6, loss 3.1703 2024-10-14 18:16:30.889993
	Start validating:  2024-10-14 18:16:30.890050
	train_loss:3.1703	val_loss:3.2611	val_Mrr_raw:0.4442	val_Hits(raw)@1:0.3235	val_Hits(raw)@3:0.5026	val_Hits(raw)@10:0.6837	val_Mrr_filter:0.4626	val_Hits(filter)@1:0.3494	val_Hits(filter)@3:0.5167	val_Hits(filter)@10:0.6870
	Start testing:  2024-10-14 18:16:42.611606
	val_loss:3.1952	val_Mrr_raw:0.4481	val_Hits(raw)@1:0.3283	val_Hits(raw)@3:0.5029	val_Hits(raw)@10:0.6890	val_Mrr_filter:0.4607	val_Hits(filter)@1:0.3453	val_Hits(filter)@3:0.5123	val_Hits(filter)@10:0.6923
Epoch 7 _ Start training:  2024-10-14 18:16:54.310735 =============================================
Epoch 7, loss 3.0656 2024-10-14 18:18:17.822551
	Start validating:  2024-10-14 18:18:17.822635
	train_loss:3.0656	val_loss:3.2645	val_Mrr_raw:0.4488	val_Hits(raw)@1:0.3265	val_Hits(raw)@3:0.5108	val_Hits(raw)@10:0.6865	val_Mrr_filter:0.4674	val_Hits(filter)@1:0.3523	val_Hits(filter)@3:0.5244	val_Hits(filter)@10:0.6912
	Start testing:  2024-10-14 18:18:29.385398
	val_loss:3.2008	val_Mrr_raw:0.4549	val_Hits(raw)@1:0.3349	val_Hits(raw)@3:0.5134	val_Hits(raw)@10:0.6951	val_Mrr_filter:0.4676	val_Hits(filter)@1:0.3525	val_Hits(filter)@3:0.5229	val_Hits(filter)@10:0.6981
Epoch 8 _ Start training:  2024-10-14 18:18:41.058399 =============================================
Epoch 8, loss 2.9707 2024-10-14 18:20:04.859111
	Start validating:  2024-10-14 18:20:04.859271
	train_loss:2.9707	val_loss:3.2467	val_Mrr_raw:0.4534	val_Hits(raw)@1:0.3305	val_Hits(raw)@3:0.5175	val_Hits(raw)@10:0.6954	val_Mrr_filter:0.4714	val_Hits(filter)@1:0.3548	val_Hits(filter)@3:0.5312	val_Hits(filter)@10:0.6995
	Start testing:  2024-10-14 18:20:16.556107
	val_loss:3.1868	val_Mrr_raw:0.4577	val_Hits(raw)@1:0.3356	val_Hits(raw)@3:0.5188	val_Hits(raw)@10:0.6976	val_Mrr_filter:0.4706	val_Hits(filter)@1:0.3531	val_Hits(filter)@3:0.5285	val_Hits(filter)@10:0.7010
Epoch 9 _ Start training:  2024-10-14 18:20:28.065647 =============================================
Epoch 9, loss 2.8853 2024-10-14 18:21:52.209691
	Start validating:  2024-10-14 18:21:52.209871
	train_loss:2.8853	val_loss:3.1972	val_Mrr_raw:0.4611	val_Hits(raw)@1:0.3381	val_Hits(raw)@3:0.5259	val_Hits(raw)@10:0.7021	val_Mrr_filter:0.4800	val_Hits(filter)@1:0.3644	val_Hits(filter)@3:0.5406	val_Hits(filter)@10:0.7062
	Start testing:  2024-10-14 18:22:04.000871
	val_loss:3.1341	val_Mrr_raw:0.4647	val_Hits(raw)@1:0.3434	val_Hits(raw)@3:0.5245	val_Hits(raw)@10:0.7044	val_Mrr_filter:0.4775	val_Hits(filter)@1:0.3604	val_Hits(filter)@3:0.5355	val_Hits(filter)@10:0.7081
Epoch 10 _ Start training:  2024-10-14 18:22:15.623019 =============================================
Epoch 10, loss 2.8004 2024-10-14 18:23:39.253105
	Start validating:  2024-10-14 18:23:39.253187
	train_loss:2.8004	val_loss:3.2181	val_Mrr_raw:0.4574	val_Hits(raw)@1:0.3343	val_Hits(raw)@3:0.5207	val_Hits(raw)@10:0.7001	val_Mrr_filter:0.4757	val_Hits(filter)@1:0.3594	val_Hits(filter)@3:0.5331	val_Hits(filter)@10:0.7038
	Start testing:  2024-10-14 18:23:51.037168
	val_loss:3.1362	val_Mrr_raw:0.4687	val_Hits(raw)@1:0.3474	val_Hits(raw)@3:0.5294	val_Hits(raw)@10:0.7077	val_Mrr_filter:0.4822	val_Hits(filter)@1:0.3666	val_Hits(filter)@3:0.5394	val_Hits(filter)@10:0.7120
Epoch 11 _ Start training:  2024-10-14 18:24:02.589815 =============================================
Epoch 11, loss 2.7210 2024-10-14 18:25:27.696408
	Start validating:  2024-10-14 18:25:27.696491
	train_loss:2.7210	val_loss:3.2293	val_Mrr_raw:0.4624	val_Hits(raw)@1:0.3392	val_Hits(raw)@3:0.5294	val_Hits(raw)@10:0.7028	val_Mrr_filter:0.4818	val_Hits(filter)@1:0.3661	val_Hits(filter)@3:0.5435	val_Hits(filter)@10:0.7068
	Start testing:  2024-10-14 18:25:39.693523
	val_loss:3.1657	val_Mrr_raw:0.4680	val_Hits(raw)@1:0.3459	val_Hits(raw)@3:0.5322	val_Hits(raw)@10:0.7061	val_Mrr_filter:0.4816	val_Hits(filter)@1:0.3647	val_Hits(filter)@3:0.5421	val_Hits(filter)@10:0.7099
Epoch 12 _ Start training:  2024-10-14 18:25:51.393024 =============================================
Epoch 12, loss 2.6493 2024-10-14 18:27:17.246873
	Start validating:  2024-10-14 18:27:17.246966
	train_loss:2.6493	val_loss:3.1887	val_Mrr_raw:0.4690	val_Hits(raw)@1:0.3458	val_Hits(raw)@3:0.5339	val_Hits(raw)@10:0.7077	val_Mrr_filter:0.4884	val_Hits(filter)@1:0.3730	val_Hits(filter)@3:0.5476	val_Hits(filter)@10:0.7111
	Start testing:  2024-10-14 18:27:29.100297
	val_loss:3.1363	val_Mrr_raw:0.4723	val_Hits(raw)@1:0.3521	val_Hits(raw)@3:0.5322	val_Hits(raw)@10:0.7102	val_Mrr_filter:0.4857	val_Hits(filter)@1:0.3712	val_Hits(filter)@3:0.5417	val_Hits(filter)@10:0.7142
Epoch 13 _ Start training:  2024-10-14 18:27:40.743391 =============================================
Epoch 13, loss 2.5711 2024-10-14 18:29:07.027422
	Start validating:  2024-10-14 18:29:07.027474
	train_loss:2.5711	val_loss:3.1978	val_Mrr_raw:0.4674	val_Hits(raw)@1:0.3434	val_Hits(raw)@3:0.5334	val_Hits(raw)@10:0.7087	val_Mrr_filter:0.4870	val_Hits(filter)@1:0.3707	val_Hits(filter)@3:0.5477	val_Hits(filter)@10:0.7132
	Start testing:  2024-10-14 18:29:18.943320
	val_loss:3.1312	val_Mrr_raw:0.4729	val_Hits(raw)@1:0.3511	val_Hits(raw)@3:0.5353	val_Hits(raw)@10:0.7112	val_Mrr_filter:0.4863	val_Hits(filter)@1:0.3700	val_Hits(filter)@3:0.5450	val_Hits(filter)@10:0.7154
Epoch 14 _ Start training:  2024-10-14 18:29:31.676967 =============================================
Epoch 14, loss 2.5036 2024-10-14 18:31:01.052751
	Start validating:  2024-10-14 18:31:01.052804
	train_loss:2.5036	val_loss:3.1946	val_Mrr_raw:0.4678	val_Hits(raw)@1:0.3431	val_Hits(raw)@3:0.5352	val_Hits(raw)@10:0.7108	val_Mrr_filter:0.4868	val_Hits(filter)@1:0.3691	val_Hits(filter)@3:0.5507	val_Hits(filter)@10:0.7151
	Start testing:  2024-10-14 18:31:12.838470
	val_loss:3.1374	val_Mrr_raw:0.4740	val_Hits(raw)@1:0.3521	val_Hits(raw)@3:0.5368	val_Hits(raw)@10:0.7132	val_Mrr_filter:0.4874	val_Hits(filter)@1:0.3712	val_Hits(filter)@3:0.5463	val_Hits(filter)@10:0.7170
Epoch 15 _ Start training:  2024-10-14 18:31:24.413616 =============================================
Epoch 15, loss 2.4335 2024-10-14 18:32:47.866848
	Start validating:  2024-10-14 18:32:47.866930
	train_loss:2.4335	val_loss:3.2167	val_Mrr_raw:0.4695	val_Hits(raw)@1:0.3458	val_Hits(raw)@3:0.5366	val_Hits(raw)@10:0.7068	val_Mrr_filter:0.4885	val_Hits(filter)@1:0.3723	val_Hits(filter)@3:0.5504	val_Hits(filter)@10:0.7113
	Start testing:  2024-10-14 18:32:59.592902
	val_loss:3.1539	val_Mrr_raw:0.4740	val_Hits(raw)@1:0.3538	val_Hits(raw)@3:0.5381	val_Hits(raw)@10:0.7097	val_Mrr_filter:0.4871	val_Hits(filter)@1:0.3718	val_Hits(filter)@3:0.5469	val_Hits(filter)@10:0.7131
Epoch 16 _ Start training:  2024-10-14 18:33:11.301611 =============================================
Epoch 16, loss 2.3693 2024-10-14 18:34:35.722439
	Start validating:  2024-10-14 18:34:35.722490
	train_loss:2.3693	val_loss:3.2270	val_Mrr_raw:0.4698	val_Hits(raw)@1:0.3455	val_Hits(raw)@3:0.5369	val_Hits(raw)@10:0.7109	val_Mrr_filter:0.4892	val_Hits(filter)@1:0.3724	val_Hits(filter)@3:0.5517	val_Hits(filter)@10:0.7149
	Start testing:  2024-10-14 18:34:47.667645
	val_loss:3.1603	val_Mrr_raw:0.4756	val_Hits(raw)@1:0.3546	val_Hits(raw)@3:0.5384	val_Hits(raw)@10:0.7129	val_Mrr_filter:0.4888	val_Hits(filter)@1:0.3731	val_Hits(filter)@3:0.5482	val_Hits(filter)@10:0.7168
Epoch 17 _ Start training:  2024-10-14 18:34:59.301282 =============================================
Epoch 17, loss 2.3059 2024-10-14 18:36:26.011697
	Start validating:  2024-10-14 18:36:26.011766
	train_loss:2.3059	val_loss:3.2463	val_Mrr_raw:0.4690	val_Hits(raw)@1:0.3467	val_Hits(raw)@3:0.5342	val_Hits(raw)@10:0.7081	val_Mrr_filter:0.4879	val_Hits(filter)@1:0.3723	val_Hits(filter)@3:0.5482	val_Hits(filter)@10:0.7115
	Start testing:  2024-10-14 18:36:37.598663
	val_loss:3.1896	val_Mrr_raw:0.4722	val_Hits(raw)@1:0.3502	val_Hits(raw)@3:0.5347	val_Hits(raw)@10:0.7129	val_Mrr_filter:0.4854	val_Hits(filter)@1:0.3687	val_Hits(filter)@3:0.5422	val_Hits(filter)@10:0.7165
Epoch 18 _ Start training:  2024-10-14 18:36:49.049107 =============================================
Epoch 18, loss 2.2491 2024-10-14 18:38:14.156745
	Start validating:  2024-10-14 18:38:14.156797
	train_loss:2.2491	val_loss:3.2666	val_Mrr_raw:0.4687	val_Hits(raw)@1:0.3468	val_Hits(raw)@3:0.5344	val_Hits(raw)@10:0.7053	val_Mrr_filter:0.4874	val_Hits(filter)@1:0.3726	val_Hits(filter)@3:0.5477	val_Hits(filter)@10:0.7089
	Start testing:  2024-10-14 18:38:25.964409
	val_loss:3.2072	val_Mrr_raw:0.4731	val_Hits(raw)@1:0.3522	val_Hits(raw)@3:0.5381	val_Hits(raw)@10:0.7092	val_Mrr_filter:0.4860	val_Hits(filter)@1:0.3704	val_Hits(filter)@3:0.5475	val_Hits(filter)@10:0.7135
Epoch 19 _ Start training:  2024-10-14 18:38:37.522835 =============================================
Epoch 19, loss 2.1866 2024-10-14 18:40:01.817062
	Start validating:  2024-10-14 18:40:01.818810
	train_loss:2.1866	val_loss:3.2700	val_Mrr_raw:0.4713	val_Hits(raw)@1:0.3491	val_Hits(raw)@3:0.5382	val_Hits(raw)@10:0.7082	val_Mrr_filter:0.4903	val_Hits(filter)@1:0.3757	val_Hits(filter)@3:0.5515	val_Hits(filter)@10:0.7120
	Start testing:  2024-10-14 18:40:13.498202
	val_loss:3.2117	val_Mrr_raw:0.4742	val_Hits(raw)@1:0.3541	val_Hits(raw)@3:0.5374	val_Hits(raw)@10:0.7061	val_Mrr_filter:0.4871	val_Hits(filter)@1:0.3725	val_Hits(filter)@3:0.5458	val_Hits(filter)@10:0.7097
Epoch 20 _ Start training:  2024-10-14 18:40:25.112379 =============================================
Epoch 20, loss 2.1318 2024-10-14 18:41:50.640490
	Start validating:  2024-10-14 18:41:50.640542
	train_loss:2.1318	val_loss:3.3146	val_Mrr_raw:0.4651	val_Hits(raw)@1:0.3441	val_Hits(raw)@3:0.5288	val_Hits(raw)@10:0.7027	val_Mrr_filter:0.4836	val_Hits(filter)@1:0.3695	val_Hits(filter)@3:0.5431	val_Hits(filter)@10:0.7067
	Start testing:  2024-10-14 18:42:02.473625
	val_loss:3.2439	val_Mrr_raw:0.4716	val_Hits(raw)@1:0.3513	val_Hits(raw)@3:0.5332	val_Hits(raw)@10:0.7049	val_Mrr_filter:0.4849	val_Hits(filter)@1:0.3704	val_Hits(filter)@3:0.5413	val_Hits(filter)@10:0.7093
Epoch 21 _ Start training:  2024-10-14 18:42:13.998468 =============================================
Epoch 21, loss 2.0801 2024-10-14 18:43:39.426873
	Start validating:  2024-10-14 18:43:39.426952
	train_loss:2.0801	val_loss:3.3183	val_Mrr_raw:0.4678	val_Hits(raw)@1:0.3463	val_Hits(raw)@3:0.5344	val_Hits(raw)@10:0.7065	val_Mrr_filter:0.4870	val_Hits(filter)@1:0.3730	val_Hits(filter)@3:0.5485	val_Hits(filter)@10:0.7098
	Start testing:  2024-10-14 18:43:51.241859
	val_loss:3.2659	val_Mrr_raw:0.4713	val_Hits(raw)@1:0.3516	val_Hits(raw)@3:0.5353	val_Hits(raw)@10:0.7032	val_Mrr_filter:0.4843	val_Hits(filter)@1:0.3700	val_Hits(filter)@3:0.5434	val_Hits(filter)@10:0.7068
Epoch 22 _ Start training:  2024-10-14 18:44:02.756704 =============================================
Epoch 22, loss 2.0310 2024-10-14 18:45:28.154173
	Start validating:  2024-10-14 18:45:28.154274
	train_loss:2.0310	val_loss:3.3048	val_Mrr_raw:0.4688	val_Hits(raw)@1:0.3472	val_Hits(raw)@3:0.5333	val_Hits(raw)@10:0.7077	val_Mrr_filter:0.4876	val_Hits(filter)@1:0.3729	val_Hits(filter)@3:0.5473	val_Hits(filter)@10:0.7118
	Start testing:  2024-10-14 18:45:39.860731
	val_loss:3.2502	val_Mrr_raw:0.4747	val_Hits(raw)@1:0.3544	val_Hits(raw)@3:0.5398	val_Hits(raw)@10:0.7076	val_Mrr_filter:0.4878	val_Hits(filter)@1:0.3727	val_Hits(filter)@3:0.5482	val_Hits(filter)@10:0.7113
Epoch 23 _ Start training:  2024-10-14 18:45:51.400210 =============================================
Epoch 23, loss 1.9835 2024-10-14 18:47:15.790067
	Start validating:  2024-10-14 18:47:15.790222
	train_loss:1.9835	val_loss:3.3817	val_Mrr_raw:0.4636	val_Hits(raw)@1:0.3429	val_Hits(raw)@3:0.5274	val_Hits(raw)@10:0.6991	val_Mrr_filter:0.4824	val_Hits(filter)@1:0.3696	val_Hits(filter)@3:0.5401	val_Hits(filter)@10:0.7036
	Start testing:  2024-10-14 18:47:27.594497
	val_loss:3.3303	val_Mrr_raw:0.4678	val_Hits(raw)@1:0.3477	val_Hits(raw)@3:0.5322	val_Hits(raw)@10:0.7004	val_Mrr_filter:0.4805	val_Hits(filter)@1:0.3655	val_Hits(filter)@3:0.5405	val_Hits(filter)@10:0.7044
Epoch 24 _ Start training:  2024-10-14 18:47:39.363930 =============================================
Epoch 24, loss 1.9339 2024-10-14 18:49:05.679049
	Start validating:  2024-10-14 18:49:05.679101
	train_loss:1.9339	val_loss:3.4006	val_Mrr_raw:0.4618	val_Hits(raw)@1:0.3407	val_Hits(raw)@3:0.5278	val_Hits(raw)@10:0.6989	val_Mrr_filter:0.4806	val_Hits(filter)@1:0.3669	val_Hits(filter)@3:0.5403	val_Hits(filter)@10:0.7030
	Start testing:  2024-10-14 18:49:17.515942
	val_loss:3.3327	val_Mrr_raw:0.4674	val_Hits(raw)@1:0.3457	val_Hits(raw)@3:0.5351	val_Hits(raw)@10:0.6996	val_Mrr_filter:0.4795	val_Hits(filter)@1:0.3626	val_Hits(filter)@3:0.5433	val_Hits(filter)@10:0.7029
Epoch 25 _ Start training:  2024-10-14 18:49:29.079041 =============================================
Epoch 25, loss 1.8921 2024-10-14 18:50:56.707485
	Start validating:  2024-10-14 18:50:56.707634
	train_loss:1.8921	val_loss:3.4099	val_Mrr_raw:0.4650	val_Hits(raw)@1:0.3435	val_Hits(raw)@3:0.5298	val_Hits(raw)@10:0.7028	val_Mrr_filter:0.4839	val_Hits(filter)@1:0.3696	val_Hits(filter)@3:0.5449	val_Hits(filter)@10:0.7073
	Start testing:  2024-10-14 18:51:08.368877
	val_loss:3.3570	val_Mrr_raw:0.4679	val_Hits(raw)@1:0.3478	val_Hits(raw)@3:0.5330	val_Hits(raw)@10:0.7023	val_Mrr_filter:0.4802	val_Hits(filter)@1:0.3646	val_Hits(filter)@3:0.5412	val_Hits(filter)@10:0.7063
Epoch 26 _ Start training:  2024-10-14 18:51:20.001721 =============================================
Epoch 26, loss 1.8513 2024-10-14 18:52:44.918265
	Start validating:  2024-10-14 18:52:44.918318
	train_loss:1.8513	val_loss:3.4298	val_Mrr_raw:0.4661	val_Hits(raw)@1:0.3463	val_Hits(raw)@3:0.5298	val_Hits(raw)@10:0.7019	val_Mrr_filter:0.4847	val_Hits(filter)@1:0.3716	val_Hits(filter)@3:0.5430	val_Hits(filter)@10:0.7055
	Start testing:  2024-10-14 18:52:56.765174
	val_loss:3.3641	val_Mrr_raw:0.4669	val_Hits(raw)@1:0.3453	val_Hits(raw)@3:0.5319	val_Hits(raw)@10:0.6993	val_Mrr_filter:0.4790	val_Hits(filter)@1:0.3620	val_Hits(filter)@3:0.5410	val_Hits(filter)@10:0.7030
Epoch 27 _ Start training:  2024-10-14 18:53:08.464166 =============================================
Epoch 27, loss 1.8112 2024-10-14 18:54:32.942075
	Start validating:  2024-10-14 18:54:32.942126
	train_loss:1.8112	val_loss:3.4437	val_Mrr_raw:0.4653	val_Hits(raw)@1:0.3447	val_Hits(raw)@3:0.5291	val_Hits(raw)@10:0.7018	val_Mrr_filter:0.4840	val_Hits(filter)@1:0.3706	val_Hits(filter)@3:0.5422	val_Hits(filter)@10:0.7055
	Start testing:  2024-10-14 18:54:44.611564
	val_loss:3.3801	val_Mrr_raw:0.4673	val_Hits(raw)@1:0.3457	val_Hits(raw)@3:0.5318	val_Hits(raw)@10:0.7038	val_Mrr_filter:0.4797	val_Hits(filter)@1:0.3628	val_Hits(filter)@3:0.5416	val_Hits(filter)@10:0.7075
Epoch 28 _ Start training:  2024-10-14 18:54:56.263071 =============================================
Epoch 28, loss 1.7720 2024-10-14 18:56:22.016340
	Start validating:  2024-10-14 18:56:22.016426
	train_loss:1.7720	val_loss:3.4777	val_Mrr_raw:0.4609	val_Hits(raw)@1:0.3387	val_Hits(raw)@3:0.5253	val_Hits(raw)@10:0.7005	val_Mrr_filter:0.4785	val_Hits(filter)@1:0.3625	val_Hits(filter)@3:0.5388	val_Hits(filter)@10:0.7045
	Start testing:  2024-10-14 18:56:33.926205
	val_loss:3.3928	val_Mrr_raw:0.4649	val_Hits(raw)@1:0.3434	val_Hits(raw)@3:0.5299	val_Hits(raw)@10:0.7000	val_Mrr_filter:0.4770	val_Hits(filter)@1:0.3599	val_Hits(filter)@3:0.5388	val_Hits(filter)@10:0.7051
Epoch 29 _ Start training:  2024-10-14 18:56:45.476647 =============================================
Epoch 29, loss 1.7321 2024-10-14 18:58:09.887834
	Start validating:  2024-10-14 18:58:09.887917
	train_loss:1.7321	val_loss:3.5188	val_Mrr_raw:0.4625	val_Hits(raw)@1:0.3406	val_Hits(raw)@3:0.5305	val_Hits(raw)@10:0.6972	val_Mrr_filter:0.4811	val_Hits(filter)@1:0.3667	val_Hits(filter)@3:0.5450	val_Hits(filter)@10:0.7016
	Start testing:  2024-10-14 18:58:21.631328
	val_loss:3.4295	val_Mrr_raw:0.4655	val_Hits(raw)@1:0.3440	val_Hits(raw)@3:0.5315	val_Hits(raw)@10:0.6983	val_Mrr_filter:0.4778	val_Hits(filter)@1:0.3609	val_Hits(filter)@3:0.5396	val_Hits(filter)@10:0.7023
Epoch 30 _ Start training:  2024-10-14 18:58:33.111587 =============================================
Epoch 30, loss 1.7016 2024-10-14 18:59:56.539050
	Start validating:  2024-10-14 18:59:56.539101
	train_loss:1.7016	val_loss:3.5571	val_Mrr_raw:0.4578	val_Hits(raw)@1:0.3363	val_Hits(raw)@3:0.5240	val_Hits(raw)@10:0.6943	val_Mrr_filter:0.4754	val_Hits(filter)@1:0.3600	val_Hits(filter)@3:0.5379	val_Hits(filter)@10:0.6976
	Start testing:  2024-10-14 19:00:08.240381
	val_loss:3.4704	val_Mrr_raw:0.4643	val_Hits(raw)@1:0.3457	val_Hits(raw)@3:0.5280	val_Hits(raw)@10:0.6905	val_Mrr_filter:0.4761	val_Hits(filter)@1:0.3618	val_Hits(filter)@3:0.5370	val_Hits(filter)@10:0.6945
Epoch 31 _ Start training:  2024-10-14 19:00:19.744649 =============================================
Epoch 31, loss 1.6722 2024-10-14 19:01:44.549362
	Start validating:  2024-10-14 19:01:44.549439
	train_loss:1.6722	val_loss:3.5763	val_Mrr_raw:0.4551	val_Hits(raw)@1:0.3344	val_Hits(raw)@3:0.5194	val_Hits(raw)@10:0.6923	val_Mrr_filter:0.4734	val_Hits(filter)@1:0.3598	val_Hits(filter)@3:0.5319	val_Hits(filter)@10:0.6955
	Start testing:  2024-10-14 19:01:56.275495
	val_loss:3.4914	val_Mrr_raw:0.4590	val_Hits(raw)@1:0.3390	val_Hits(raw)@3:0.5209	val_Hits(raw)@10:0.6937	val_Mrr_filter:0.4707	val_Hits(filter)@1:0.3550	val_Hits(filter)@3:0.5299	val_Hits(filter)@10:0.6964
Epoch 32 _ Start training:  2024-10-14 19:02:07.826442 =============================================
Epoch 32, loss 1.6392 2024-10-14 19:03:31.094866
	Start validating:  2024-10-14 19:03:31.094925
	train_loss:1.6392	val_loss:3.6106	val_Mrr_raw:0.4544	val_Hits(raw)@1:0.3322	val_Hits(raw)@3:0.5211	val_Hits(raw)@10:0.6922	val_Mrr_filter:0.4723	val_Hits(filter)@1:0.3569	val_Hits(filter)@3:0.5340	val_Hits(filter)@10:0.6955
	Start testing:  2024-10-14 19:03:42.930953
	val_loss:3.5353	val_Mrr_raw:0.4592	val_Hits(raw)@1:0.3391	val_Hits(raw)@3:0.5237	val_Hits(raw)@10:0.6897	val_Mrr_filter:0.4710	val_Hits(filter)@1:0.3554	val_Hits(filter)@3:0.5323	val_Hits(filter)@10:0.6937
Epoch 33 _ Start training:  2024-10-14 19:03:54.449109 =============================================
Epoch 33, loss 1.6069 2024-10-14 19:05:17.985012
	Start validating:  2024-10-14 19:05:17.985069
	train_loss:1.6069	val_loss:3.5794	val_Mrr_raw:0.4586	val_Hits(raw)@1:0.3373	val_Hits(raw)@3:0.5241	val_Hits(raw)@10:0.6943	val_Mrr_filter:0.4769	val_Hits(filter)@1:0.3625	val_Hits(filter)@3:0.5368	val_Hits(filter)@10:0.6983
	Start testing:  2024-10-14 19:05:29.662127
	val_loss:3.5114	val_Mrr_raw:0.4613	val_Hits(raw)@1:0.3422	val_Hits(raw)@3:0.5249	val_Hits(raw)@10:0.6931	val_Mrr_filter:0.4732	val_Hits(filter)@1:0.3586	val_Hits(filter)@3:0.5325	val_Hits(filter)@10:0.6962
Epoch 34 _ Start training:  2024-10-14 19:05:41.337980 =============================================
Epoch 34, loss 1.5792 2024-10-14 19:07:04.925792
	Start validating:  2024-10-14 19:07:04.925841
	train_loss:1.5792	val_loss:3.6532	val_Mrr_raw:0.4559	val_Hits(raw)@1:0.3351	val_Hits(raw)@3:0.5228	val_Hits(raw)@10:0.6869	val_Mrr_filter:0.4746	val_Hits(filter)@1:0.3620	val_Hits(filter)@3:0.5349	val_Hits(filter)@10:0.6910
	Start testing:  2024-10-14 19:07:16.649734
	val_loss:3.5988	val_Mrr_raw:0.4552	val_Hits(raw)@1:0.3359	val_Hits(raw)@3:0.5188	val_Hits(raw)@10:0.6868	val_Mrr_filter:0.4668	val_Hits(filter)@1:0.3519	val_Hits(filter)@3:0.5275	val_Hits(filter)@10:0.6901
Epoch 35 _ Start training:  2024-10-14 19:07:28.223635 =============================================
Epoch 35, loss 1.5468 2024-10-14 19:08:52.869047
	Start validating:  2024-10-14 19:08:52.869546
	train_loss:1.5468	val_loss:3.6568	val_Mrr_raw:0.4563	val_Hits(raw)@1:0.3345	val_Hits(raw)@3:0.5227	val_Hits(raw)@10:0.6920	val_Mrr_filter:0.4751	val_Hits(filter)@1:0.3615	val_Hits(filter)@3:0.5360	val_Hits(filter)@10:0.6957
	Start testing:  2024-10-14 19:09:04.600358
	val_loss:3.5933	val_Mrr_raw:0.4592	val_Hits(raw)@1:0.3403	val_Hits(raw)@3:0.5229	val_Hits(raw)@10:0.6891	val_Mrr_filter:0.4710	val_Hits(filter)@1:0.3561	val_Hits(filter)@3:0.5310	val_Hits(filter)@10:0.6920
Epoch 36 _ Start training:  2024-10-14 19:09:16.166380 =============================================
Epoch 36, loss 1.5224 2024-10-14 19:10:40.096080
	Start validating:  2024-10-14 19:10:40.096132
	train_loss:1.5224	val_loss:3.7074	val_Mrr_raw:0.4491	val_Hits(raw)@1:0.3285	val_Hits(raw)@3:0.5120	val_Hits(raw)@10:0.6807	val_Mrr_filter:0.4669	val_Hits(filter)@1:0.3536	val_Hits(filter)@3:0.5250	val_Hits(filter)@10:0.6856
	Start testing:  2024-10-14 19:10:51.705390
	val_loss:3.6295	val_Mrr_raw:0.4521	val_Hits(raw)@1:0.3333	val_Hits(raw)@3:0.5158	val_Hits(raw)@10:0.6789	val_Mrr_filter:0.4635	val_Hits(filter)@1:0.3489	val_Hits(filter)@3:0.5243	val_Hits(filter)@10:0.6836
Epoch 37 _ Start training:  2024-10-14 19:11:03.306205 =============================================
Epoch 37, loss 1.4959 2024-10-14 19:12:27.736149
	Start validating:  2024-10-14 19:12:27.736199
	train_loss:1.4959	val_loss:3.7214	val_Mrr_raw:0.4544	val_Hits(raw)@1:0.3359	val_Hits(raw)@3:0.5177	val_Hits(raw)@10:0.6859	val_Mrr_filter:0.4723	val_Hits(filter)@1:0.3608	val_Hits(filter)@3:0.5309	val_Hits(filter)@10:0.6901
	Start testing:  2024-10-14 19:12:39.561174
	val_loss:3.6539	val_Mrr_raw:0.4558	val_Hits(raw)@1:0.3374	val_Hits(raw)@3:0.5198	val_Hits(raw)@10:0.6848	val_Mrr_filter:0.4675	val_Hits(filter)@1:0.3534	val_Hits(filter)@3:0.5287	val_Hits(filter)@10:0.6884
Epoch 38 _ Start training:  2024-10-14 19:12:51.093110 =============================================
Epoch 38, loss 1.4725 2024-10-14 19:14:15.117426
	Start validating:  2024-10-14 19:14:15.117572
	train_loss:1.4725	val_loss:3.7159	val_Mrr_raw:0.4555	val_Hits(raw)@1:0.3357	val_Hits(raw)@3:0.5195	val_Hits(raw)@10:0.6876	val_Mrr_filter:0.4736	val_Hits(filter)@1:0.3608	val_Hits(filter)@3:0.5335	val_Hits(filter)@10:0.6913
	Start testing:  2024-10-14 19:14:26.909861
	val_loss:3.6654	val_Mrr_raw:0.4528	val_Hits(raw)@1:0.3343	val_Hits(raw)@3:0.5153	val_Hits(raw)@10:0.6818	val_Mrr_filter:0.4648	val_Hits(filter)@1:0.3508	val_Hits(filter)@3:0.5239	val_Hits(filter)@10:0.6843
Epoch 39 _ Start training:  2024-10-14 19:14:38.585512 =============================================
Epoch 39, loss 1.4492 2024-10-14 19:16:02.302608
	Start validating:  2024-10-14 19:16:02.302659
	train_loss:1.4492	val_loss:3.7489	val_Mrr_raw:0.4486	val_Hits(raw)@1:0.3280	val_Hits(raw)@3:0.5132	val_Hits(raw)@10:0.6806	val_Mrr_filter:0.4662	val_Hits(filter)@1:0.3527	val_Hits(filter)@3:0.5255	val_Hits(filter)@10:0.6849
	Start testing:  2024-10-14 19:16:13.884107
	val_loss:3.6853	val_Mrr_raw:0.4520	val_Hits(raw)@1:0.3335	val_Hits(raw)@3:0.5139	val_Hits(raw)@10:0.6797	val_Mrr_filter:0.4640	val_Hits(filter)@1:0.3501	val_Hits(filter)@3:0.5225	val_Hits(filter)@10:0.6827
