nohup: ignoring input
../bertintkg/data/ICEWS14s
# Sanity Check:  entities: 7128
# Sanity Check:  relations: 230
# Sanity Check:  edges: 74845
../bertintkg/data/ICEWS14s
# Sanity Check:  entities: 7128
# Sanity Check:  relations: 230
# Sanity Check:  edges: 74845
# Sanity Check:  ave node num : 226.654605, ave rel num : 92.960526, snapshots num: 0304, max edges num: 0389, min edges num: 0093, max union rate: 1.0000, min union rate: 1.0000
# Sanity Check:  ave node num : 242.866667, ave rel num : 100.400000, snapshots num: 0030, max edges num: 0398, min edges num: 0159, max union rate: 1.0000, min union rate: 1.0000
# Sanity Check:  ave node num : 219.677419, ave rel num : 91.935484, snapshots num: 0031, max edges num: 0357, min edges num: 0112, max union rate: 1.0000, min union rate: 1.0000
# Sanity Check:  ave node num : 219.677419, ave rel num : 91.935484, snapshots num: 0031, max edges num: 0357, min edges num: 0112, max union rate: 1.0000, min union rate: 1.0000
# Sanity Check:  ave node num : 219.677419, ave rel num : 91.935484, snapshots num: 0031, max edges num: 0357, min edges num: 0112, max union rate: 1.0000, min union rate: 1.0000
# Sanity Check:  ave node num : 242.866667, ave rel num : 100.400000, snapshots num: 0030, max edges num: 0398, min edges num: 0159, max union rate: 1.0000, min union rate: 1.0000
# Sanity Check:  ave node num : 242.866667, ave rel num : 100.400000, snapshots num: 0030, max edges num: 0398, min edges num: 0159, max union rate: 1.0000, min union rate: 1.0000
False -------------------------------
{'gpu': '0', 'dataset': 'ICEWS14s', 'n_layers': 2, 'self_loop': True, 'layer_norm': False, 'relation_prediction': True, 'entity_prediction': False, 'n_epochs': 20, 'lr': 0.001, 'grad_norm': 1.0, 'n_hidden': 200, 'k_hop': 2, 'task': 0.7, 'short': True, 'long': True, 'gnn': 'regcn', 'fuse': 'gate', 'r_fuse': 'gate', 'record': True, 'model_record': True, 'config': 'long_config.yaml'}
{'h_dim': 200, 'num_hidden_layers': 2, 'decoder': 'convtranse', 'encoder': 'uvrgcn', 'sequence': 'regcn', 'short_model': 'regcn', 'pe_init': 'rw', 'pe_dim': 9, 'pe_dim_lis': [2], 'sequence_len_lis': [1], 'use_static': False, 'weight': 0.5, 'discount': 1, 'angle': 10, 'dropout': 0.2, 'num_bases': 100, 'num_basis': 100, 'self_loop': True, 'skip_connect': False, 'input_dropout': 0.2, 'hidden_dropout': 0.2, 'feat_dropout': 0.2, 'aggregation': 'none', 'entity_prediction': True, 'relation_prediction': True, 'opn': 'sub', 'num_words': 0, 'num_static_rels': 0}
{'h_dim': 200, 'out_dim': 200, 'encoder': 'regcn', 'decoder': 'rgat_r1', 'feat_drop': 0.0, 'attn_drop': 0.0, 'a_layer_num': 2, 'd_layer_num': 3, 'max_length': 10, 'filter': False, 'low_memory': True, 'last': True, 'ori': False, 'pe_init': 'rw', 'pe_dim_lis': [1, 2, 3, 4, 5, 6, 7, 8, 9, 10, 11, 12, 13, 14, 15], 'pe_dim': 3, 'time_length': 365, 'time_idx': array([    0,   131,   322,   490,   626,   747,   974,  1207,  1427,
        1683,  1936,  2053,  2218,  2496,  2715,  2964,  3229,  3472,
        3623,  3749,  4032,  4293,  4565,  4832,  5080,  5225,  5384,
        5639,  5876,  6144,  6429,  6683,  6811,  6949,  7193,  7466,
        7727,  7996,  8219,  8368,  8483,  8765,  9023,  9289,  9564,
        9826, 10008, 10132, 10389, 10666, 10932, 11210, 11471, 11655,
       11792, 12082, 12362, 12644, 12925, 13177, 13341, 13497, 13743,
       13997, 14242, 14478, 14706, 14849, 14991, 15240, 15514, 15802,
       16064, 16350, 16490, 16629, 16900, 17163, 17414, 17675, 17937,
       18075, 18205, 18475, 18744, 19006, 19278, 19528, 19667, 19810,
       20067, 20320, 20573, 20818, 21083, 21242, 21382, 21640, 21938,
       22222, 22475, 22719, 22859, 22982, 23286, 23562, 23798, 24035,
       24229, 24355, 24483, 24680, 24897, 25124, 25379, 25636, 25797,
       25957, 26162, 26442, 26728, 26929, 27156, 27298, 27458, 27719,
       28010, 28279, 28534, 28807, 28965, 29136, 29404, 29676, 29914,
       30180, 30456, 30611, 30736, 31042, 31369, 31660, 31963, 32227,
       32407, 32595, 32816, 33046, 33322, 33622, 33869, 34015, 34152,
       34401, 34665, 34938, 35203, 35466, 35628, 35765, 36036, 36322,
       36552, 36820, 37090, 37234, 37381, 37701, 37999, 38287, 38588,
       38867, 38992, 39122, 39426, 39673, 39924, 40180, 40423, 40564,
       40682, 40951, 41211, 41458, 41730, 41995, 42138, 42280, 42553,
       42831, 43076, 43313, 43543, 43668, 43811, 44064, 44317, 44556,
       44808, 45047, 45183, 45321, 45565, 45785, 46043, 46289, 46515,
       46630, 46749, 46972, 47186, 47413, 47658, 47864, 47987, 48116,
       48342, 48584, 48822, 49067, 49285, 49408, 49548, 49838, 50092,
       50354, 50566, 50793, 50911, 51050, 51311, 51578, 51804, 52043,
       52262, 52396, 52523, 52812, 53076, 53348, 53628, 53812, 53968,
       54099, 54372, 54664, 54949, 55213, 55441, 55591, 55753, 56044,
       56308, 56602, 56895, 57149, 57301, 57470, 57759, 58013, 58282,
       58556, 58823, 58977, 59141, 59438, 59730, 59982, 60251, 60506,
       60683, 60799, 61096, 61363, 61662, 61960, 62216, 62336, 62480,
       62722, 63020, 63283, 63553, 63787, 63943, 64094, 64364, 64646,
       64953, 65234, 65500, 65670, 65810, 66134, 66440, 66727, 67006,
       67237, 67382, 67522, 67822, 68105, 68401, 68643, 68903, 69045,
       69195, 69478, 69741, 70009, 70274, 70529, 70693, 70846, 71148,
       71427, 71726, 72025, 72284, 72449, 72589, 72917, 73214, 73514,
       73808, 74095, 74272, 74431, 74730, 74993, 75304, 75594, 75854,
       76008, 76189, 76495, 76779, 77080, 77331, 77570, 77732, 77908,
       78196, 78469, 78756, 79055, 79297, 79410, 79555, 79852, 80132,
       80393, 80644, 80868, 80989, 81123, 81372, 81621, 81802, 81928,
       82095, 82217, 82343, 82593, 82801, 82999])}
load data online
Logging to results/g_0_ICEWS14s_short_True_short-model_regcn_long_True_f_gate_fr_gate_ta_0.7_gnn1_regcn_2_gnn2_rgat_r1_3_seq_regcn_1_max_length_10_fil_False_ori_Falselast_True
use layer :uvrgcn
activate function: <function rrelu at 0x7f903cb89300>
pe_dim in UnionRGCNLayer==> 2
activate function: <function rrelu at 0x7f903cb89300>
pe_dim in UnionRGCNLayer==> 2
use layer :uvrgcn
activate function: <function rrelu at 0x7f903cb89300>
pe_dim in UnionRGCNLayer==> 2
activate function: <function rrelu at 0x7f903cb89300>
pe_dim in UnionRGCNLayer==> 2
Epoch 0 _ Start training:  2024-11-12 19:14:26.484703 =============================================
Epoch 0, loss 4.6564 2024-11-12 19:16:53.952224
	Start validating:  2024-11-12 19:16:53.952276
	train_loss:4.6564	val_loss:3.8982	val_Mrr_raw:0.3145	val_Hits(raw)@1:0.2130	val_Hits(raw)@3:0.3459	val_Hits(raw)@10:0.5140	val_Mrr_filter:0.3257	val_Hits(filter)@1:0.2284	val_Hits(filter)@3:0.3541	val_Hits(filter)@10:0.5181
	Start testing:  2024-11-12 19:17:17.879826
	val_loss:3.9053	val_Mrr_raw:0.3057	val_Hits(raw)@1:0.2061	val_Hits(raw)@3:0.3303	val_Hits(raw)@10:0.5042	val_Mrr_filter:0.3122	val_Hits(filter)@1:0.2150	val_Hits(filter)@3:0.3353	val_Hits(filter)@10:0.5078
Epoch 1 _ Start training:  2024-11-12 19:17:41.111485 =============================================
Epoch 1, loss 3.7963 2024-11-12 19:20:07.870098
	Start validating:  2024-11-12 19:20:07.870151
	train_loss:3.7963	val_loss:3.4924	val_Mrr_raw:0.3860	val_Hits(raw)@1:0.2723	val_Hits(raw)@3:0.4307	val_Hits(raw)@10:0.6109	val_Mrr_filter:0.4007	val_Hits(filter)@1:0.2919	val_Hits(filter)@3:0.4433	val_Hits(filter)@10:0.6151
	Start testing:  2024-11-12 19:20:31.658195
	val_loss:3.4924	val_Mrr_raw:0.3804	val_Hits(raw)@1:0.2692	val_Hits(raw)@3:0.4192	val_Hits(raw)@10:0.6087	val_Mrr_filter:0.3904	val_Hits(filter)@1:0.2825	val_Hits(filter)@3:0.4272	val_Hits(filter)@10:0.6117
Epoch 2 _ Start training:  2024-11-12 19:20:54.951005 =============================================
Epoch 2, loss 3.4883 2024-11-12 19:23:24.703508
	Start validating:  2024-11-12 19:23:24.703604
	train_loss:3.4883	val_loss:3.3271	val_Mrr_raw:0.4129	val_Hits(raw)@1:0.2936	val_Hits(raw)@3:0.4645	val_Hits(raw)@10:0.6486	val_Mrr_filter:0.4295	val_Hits(filter)@1:0.3158	val_Hits(filter)@3:0.4776	val_Hits(filter)@10:0.6527
	Start testing:  2024-11-12 19:23:48.685603
	val_loss:3.2953	val_Mrr_raw:0.4127	val_Hits(raw)@1:0.2965	val_Hits(raw)@3:0.4603	val_Hits(raw)@10:0.6500	val_Mrr_filter:0.4251	val_Hits(filter)@1:0.3137	val_Hits(filter)@3:0.4696	val_Hits(filter)@10:0.6532
Epoch 3 _ Start training:  2024-11-12 19:24:12.048078 =============================================
Epoch 3, loss 3.2863 2024-11-12 19:26:40.652755
	Start validating:  2024-11-12 19:26:40.652841
	train_loss:3.2863	val_loss:3.2082	val_Mrr_raw:0.4354	val_Hits(raw)@1:0.3122	val_Hits(raw)@3:0.4947	val_Hits(raw)@10:0.6771	val_Mrr_filter:0.4536	val_Hits(filter)@1:0.3374	val_Hits(filter)@3:0.5070	val_Hits(filter)@10:0.6824
	Start testing:  2024-11-12 19:27:04.710609
	val_loss:3.1815	val_Mrr_raw:0.4351	val_Hits(raw)@1:0.3154	val_Hits(raw)@3:0.4872	val_Hits(raw)@10:0.6807	val_Mrr_filter:0.4484	val_Hits(filter)@1:0.3331	val_Hits(filter)@3:0.4974	val_Hits(filter)@10:0.6839
Epoch 4 _ Start training:  2024-11-12 19:27:28.003846 =============================================
Epoch 4, loss 3.1185 2024-11-12 19:29:56.577077
	Start validating:  2024-11-12 19:29:56.577138
	train_loss:3.1185	val_loss:3.1730	val_Mrr_raw:0.4467	val_Hits(raw)@1:0.3222	val_Hits(raw)@3:0.5089	val_Hits(raw)@10:0.6893	val_Mrr_filter:0.4649	val_Hits(filter)@1:0.3474	val_Hits(filter)@3:0.5220	val_Hits(filter)@10:0.6939
	Start testing:  2024-11-12 19:30:20.562797
	val_loss:3.1076	val_Mrr_raw:0.4515	val_Hits(raw)@1:0.3293	val_Hits(raw)@3:0.5096	val_Hits(raw)@10:0.6922	val_Mrr_filter:0.4661	val_Hits(filter)@1:0.3503	val_Hits(filter)@3:0.5190	val_Hits(filter)@10:0.6961
Epoch 5 _ Start training:  2024-11-12 19:30:43.791993 =============================================
Epoch 5, loss 2.9726 2024-11-12 19:33:11.523636
	Start validating:  2024-11-12 19:33:11.523704
	train_loss:2.9726	val_loss:3.1383	val_Mrr_raw:0.4570	val_Hits(raw)@1:0.3290	val_Hits(raw)@3:0.5239	val_Hits(raw)@10:0.7060	val_Mrr_filter:0.4764	val_Hits(filter)@1:0.3564	val_Hits(filter)@3:0.5372	val_Hits(filter)@10:0.7099
	Start testing:  2024-11-12 19:33:35.488571
	val_loss:3.0943	val_Mrr_raw:0.4575	val_Hits(raw)@1:0.3325	val_Hits(raw)@3:0.5188	val_Hits(raw)@10:0.7027	val_Mrr_filter:0.4718	val_Hits(filter)@1:0.3527	val_Hits(filter)@3:0.5294	val_Hits(filter)@10:0.7057
Epoch 6 _ Start training:  2024-11-12 19:33:58.910178 =============================================
Epoch 6, loss 2.8446 2024-11-12 19:36:27.403120
	Start validating:  2024-11-12 19:36:27.403170
	train_loss:2.8446	val_loss:3.0940	val_Mrr_raw:0.4691	val_Hits(raw)@1:0.3414	val_Hits(raw)@3:0.5365	val_Hits(raw)@10:0.7172	val_Mrr_filter:0.4886	val_Hits(filter)@1:0.3687	val_Hits(filter)@3:0.5497	val_Hits(filter)@10:0.7212
	Start testing:  2024-11-12 19:36:51.352505
	val_loss:3.0363	val_Mrr_raw:0.4697	val_Hits(raw)@1:0.3437	val_Hits(raw)@3:0.5338	val_Hits(raw)@10:0.7172	val_Mrr_filter:0.4849	val_Hits(filter)@1:0.3655	val_Hits(filter)@3:0.5441	val_Hits(filter)@10:0.7205
Epoch 7 _ Start training:  2024-11-12 19:37:14.763446 =============================================
Epoch 7, loss 2.7191 2024-11-12 19:39:42.215581
	Start validating:  2024-11-12 19:39:42.215675
	train_loss:2.7191	val_loss:3.0912	val_Mrr_raw:0.4755	val_Hits(raw)@1:0.3475	val_Hits(raw)@3:0.5451	val_Hits(raw)@10:0.7249	val_Mrr_filter:0.4955	val_Hits(filter)@1:0.3759	val_Hits(filter)@3:0.5594	val_Hits(filter)@10:0.7296
	Start testing:  2024-11-12 19:40:06.166249
	val_loss:3.0383	val_Mrr_raw:0.4774	val_Hits(raw)@1:0.3534	val_Hits(raw)@3:0.5442	val_Hits(raw)@10:0.7218	val_Mrr_filter:0.4930	val_Hits(filter)@1:0.3752	val_Hits(filter)@3:0.5551	val_Hits(filter)@10:0.7257
Epoch 8 _ Start training:  2024-11-12 19:40:29.449779 =============================================
Epoch 8, loss 2.6067 2024-11-12 19:42:57.564047
	Start validating:  2024-11-12 19:42:57.564094
	train_loss:2.6067	val_loss:3.0885	val_Mrr_raw:0.4763	val_Hits(raw)@1:0.3488	val_Hits(raw)@3:0.5452	val_Hits(raw)@10:0.7241	val_Mrr_filter:0.4960	val_Hits(filter)@1:0.3766	val_Hits(filter)@3:0.5596	val_Hits(filter)@10:0.7280
	Start testing:  2024-11-12 19:43:21.538245
	val_loss:3.0283	val_Mrr_raw:0.4787	val_Hits(raw)@1:0.3527	val_Hits(raw)@3:0.5450	val_Hits(raw)@10:0.7232	val_Mrr_filter:0.4935	val_Hits(filter)@1:0.3734	val_Hits(filter)@3:0.5555	val_Hits(filter)@10:0.7274
Epoch 9 _ Start training:  2024-11-12 19:43:45.046985 =============================================
Epoch 9, loss 2.5033 2024-11-12 19:46:13.606765
	Start validating:  2024-11-12 19:46:13.606867
	train_loss:2.5033	val_loss:3.1243	val_Mrr_raw:0.4759	val_Hits(raw)@1:0.3486	val_Hits(raw)@3:0.5432	val_Hits(raw)@10:0.7252	val_Mrr_filter:0.4953	val_Hits(filter)@1:0.3759	val_Hits(filter)@3:0.5564	val_Hits(filter)@10:0.7301
	Start testing:  2024-11-12 19:46:37.646468
	val_loss:3.0662	val_Mrr_raw:0.4790	val_Hits(raw)@1:0.3540	val_Hits(raw)@3:0.5455	val_Hits(raw)@10:0.7230	val_Mrr_filter:0.4944	val_Hits(filter)@1:0.3762	val_Hits(filter)@3:0.5554	val_Hits(filter)@10:0.7266
Epoch 10 _ Start training:  2024-11-12 19:47:01.181957 =============================================
Epoch 10, loss 2.4110 2024-11-12 19:49:30.477215
	Start validating:  2024-11-12 19:49:30.477268
	train_loss:2.4110	val_loss:3.1361	val_Mrr_raw:0.4783	val_Hits(raw)@1:0.3500	val_Hits(raw)@3:0.5463	val_Hits(raw)@10:0.7300	val_Mrr_filter:0.4982	val_Hits(filter)@1:0.3783	val_Hits(filter)@3:0.5605	val_Hits(filter)@10:0.7339
	Start testing:  2024-11-12 19:49:54.360974
	val_loss:3.0762	val_Mrr_raw:0.4824	val_Hits(raw)@1:0.3552	val_Hits(raw)@3:0.5535	val_Hits(raw)@10:0.7264	val_Mrr_filter:0.4971	val_Hits(filter)@1:0.3761	val_Hits(filter)@3:0.5637	val_Hits(filter)@10:0.7296
Epoch 11 _ Start training:  2024-11-12 19:50:17.831686 =============================================
Epoch 11, loss 2.3244 2024-11-12 19:52:47.398334
	Start validating:  2024-11-12 19:52:47.398417
	train_loss:2.3244	val_loss:3.1463	val_Mrr_raw:0.4806	val_Hits(raw)@1:0.3508	val_Hits(raw)@3:0.5554	val_Hits(raw)@10:0.7309	val_Mrr_filter:0.5008	val_Hits(filter)@1:0.3797	val_Hits(filter)@3:0.5678	val_Hits(filter)@10:0.7360
	Start testing:  2024-11-12 19:53:11.456110
	val_loss:3.0702	val_Mrr_raw:0.4895	val_Hits(raw)@1:0.3651	val_Hits(raw)@3:0.5566	val_Hits(raw)@10:0.7294	val_Mrr_filter:0.5046	val_Hits(filter)@1:0.3870	val_Hits(filter)@3:0.5663	val_Hits(filter)@10:0.7327
Epoch 12 _ Start training:  2024-11-12 19:53:34.933693 =============================================
Epoch 12, loss 2.2500 2024-11-12 19:56:03.068668
	Start validating:  2024-11-12 19:56:03.068756
	train_loss:2.2500	val_loss:3.1534	val_Mrr_raw:0.4828	val_Hits(raw)@1:0.3537	val_Hits(raw)@3:0.5563	val_Hits(raw)@10:0.7287	val_Mrr_filter:0.5029	val_Hits(filter)@1:0.3824	val_Hits(filter)@3:0.5696	val_Hits(filter)@10:0.7331
	Start testing:  2024-11-12 19:56:27.001126
	val_loss:3.0950	val_Mrr_raw:0.4886	val_Hits(raw)@1:0.3643	val_Hits(raw)@3:0.5587	val_Hits(raw)@10:0.7245	val_Mrr_filter:0.5030	val_Hits(filter)@1:0.3844	val_Hits(filter)@3:0.5690	val_Hits(filter)@10:0.7281
Epoch 13 _ Start training:  2024-11-12 19:56:50.335599 =============================================
Epoch 13, loss 2.1785 2024-11-12 19:59:20.465624
	Start validating:  2024-11-12 19:59:20.465719
	train_loss:2.1785	val_loss:3.1812	val_Mrr_raw:0.4858	val_Hits(raw)@1:0.3594	val_Hits(raw)@3:0.5560	val_Hits(raw)@10:0.7317	val_Mrr_filter:0.5063	val_Hits(filter)@1:0.3889	val_Hits(filter)@3:0.5704	val_Hits(filter)@10:0.7358
	Start testing:  2024-11-12 19:59:44.567507
	val_loss:3.1301	val_Mrr_raw:0.4892	val_Hits(raw)@1:0.3659	val_Hits(raw)@3:0.5583	val_Hits(raw)@10:0.7271	val_Mrr_filter:0.5044	val_Hits(filter)@1:0.3877	val_Hits(filter)@3:0.5675	val_Hits(filter)@10:0.7304
Epoch 14 _ Start training:  2024-11-12 20:00:07.881459 =============================================
Epoch 14, loss 2.1135 2024-11-12 20:02:35.563228
	Start validating:  2024-11-12 20:02:35.563280
	train_loss:2.1135	val_loss:3.2277	val_Mrr_raw:0.4841	val_Hits(raw)@1:0.3599	val_Hits(raw)@3:0.5509	val_Hits(raw)@10:0.7249	val_Mrr_filter:0.5029	val_Hits(filter)@1:0.3857	val_Hits(filter)@3:0.5657	val_Hits(filter)@10:0.7298
	Start testing:  2024-11-12 20:02:59.274968
	val_loss:3.1680	val_Mrr_raw:0.4860	val_Hits(raw)@1:0.3622	val_Hits(raw)@3:0.5531	val_Hits(raw)@10:0.7257	val_Mrr_filter:0.5007	val_Hits(filter)@1:0.3829	val_Hits(filter)@3:0.5625	val_Hits(filter)@10:0.7296
Epoch 15 _ Start training:  2024-11-12 20:03:22.512550 =============================================
Epoch 15, loss 2.0576 2024-11-12 20:05:50.712136
	Start validating:  2024-11-12 20:05:50.712195
	train_loss:2.0576	val_loss:3.2838	val_Mrr_raw:0.4822	val_Hits(raw)@1:0.3539	val_Hits(raw)@3:0.5555	val_Hits(raw)@10:0.7281	val_Mrr_filter:0.5024	val_Hits(filter)@1:0.3830	val_Hits(filter)@3:0.5682	val_Hits(filter)@10:0.7319
	Start testing:  2024-11-12 20:06:14.581899
	val_loss:3.2241	val_Mrr_raw:0.4837	val_Hits(raw)@1:0.3613	val_Hits(raw)@3:0.5501	val_Hits(raw)@10:0.7236	val_Mrr_filter:0.4982	val_Hits(filter)@1:0.3818	val_Hits(filter)@3:0.5594	val_Hits(filter)@10:0.7268
Epoch 16 _ Start training:  2024-11-12 20:06:37.970708 =============================================
Epoch 16, loss 2.0052 2024-11-12 20:09:07.115988
	Start validating:  2024-11-12 20:09:07.116050
	train_loss:2.0052	val_loss:3.2810	val_Mrr_raw:0.4821	val_Hits(raw)@1:0.3561	val_Hits(raw)@3:0.5506	val_Hits(raw)@10:0.7238	val_Mrr_filter:0.5016	val_Hits(filter)@1:0.3837	val_Hits(filter)@3:0.5649	val_Hits(filter)@10:0.7280
	Start testing:  2024-11-12 20:09:31.086844
	val_loss:3.2185	val_Mrr_raw:0.4834	val_Hits(raw)@1:0.3609	val_Hits(raw)@3:0.5485	val_Hits(raw)@10:0.7236	val_Mrr_filter:0.4975	val_Hits(filter)@1:0.3808	val_Hits(filter)@3:0.5579	val_Hits(filter)@10:0.7273
Epoch 17 _ Start training:  2024-11-12 20:09:54.659234 =============================================
Epoch 17, loss 1.9513 2024-11-12 20:12:25.815839
	Start validating:  2024-11-12 20:12:25.815894
	train_loss:1.9513	val_loss:3.3330	val_Mrr_raw:0.4776	val_Hits(raw)@1:0.3505	val_Hits(raw)@3:0.5472	val_Hits(raw)@10:0.7237	val_Mrr_filter:0.4967	val_Hits(filter)@1:0.3774	val_Hits(filter)@3:0.5611	val_Hits(filter)@10:0.7275
	Start testing:  2024-11-12 20:12:49.711277
	val_loss:3.2706	val_Mrr_raw:0.4824	val_Hits(raw)@1:0.3590	val_Hits(raw)@3:0.5503	val_Hits(raw)@10:0.7204	val_Mrr_filter:0.4965	val_Hits(filter)@1:0.3788	val_Hits(filter)@3:0.5600	val_Hits(filter)@10:0.7239
Epoch 18 _ Start training:  2024-11-12 20:13:13.129984 =============================================
Epoch 18, loss 1.9120 2024-11-12 20:15:40.714358
	Start validating:  2024-11-12 20:15:40.714409
	train_loss:1.9120	val_loss:3.3315	val_Mrr_raw:0.4773	val_Hits(raw)@1:0.3503	val_Hits(raw)@3:0.5485	val_Hits(raw)@10:0.7182	val_Mrr_filter:0.4971	val_Hits(filter)@1:0.3787	val_Hits(filter)@3:0.5605	val_Hits(filter)@10:0.7216
	Start testing:  2024-11-12 20:16:04.708161
	val_loss:3.2834	val_Mrr_raw:0.4798	val_Hits(raw)@1:0.3569	val_Hits(raw)@3:0.5490	val_Hits(raw)@10:0.7173	val_Mrr_filter:0.4937	val_Hits(filter)@1:0.3764	val_Hits(filter)@3:0.5578	val_Hits(filter)@10:0.7203
Epoch 19 _ Start training:  2024-11-12 20:16:28.101787 =============================================
Epoch 19, loss 1.8699 2024-11-12 20:18:56.780357
	Start validating:  2024-11-12 20:18:56.780521
	train_loss:1.8699	val_loss:3.3390	val_Mrr_raw:0.4751	val_Hits(raw)@1:0.3474	val_Hits(raw)@3:0.5475	val_Hits(raw)@10:0.7213	val_Mrr_filter:0.4942	val_Hits(filter)@1:0.3747	val_Hits(filter)@3:0.5618	val_Hits(filter)@10:0.7253
	Start testing:  2024-11-12 20:19:20.762977
	val_loss:3.2902	val_Mrr_raw:0.4776	val_Hits(raw)@1:0.3550	val_Hits(raw)@3:0.5453	val_Hits(raw)@10:0.7167	val_Mrr_filter:0.4909	val_Hits(filter)@1:0.3732	val_Hits(filter)@3:0.5543	val_Hits(filter)@10:0.7203
Logging to results/g_0_ICEWS14s_short_True_short-model_regcn_long_True_f_gate_fr_gate_ta_0.7_gnn1_regcn_2_gnn2_rgat_r1_3_seq_regcn_1_max_length_10_fil_False_ori_Falselast_True
use layer :uvrgcn
activate function: <function rrelu at 0x7f903cb89300>
pe_dim in UnionRGCNLayer==> 2
activate function: <function rrelu at 0x7f903cb89300>
pe_dim in UnionRGCNLayer==> 2
use layer :uvrgcn
activate function: <function rrelu at 0x7f903cb89300>
pe_dim in UnionRGCNLayer==> 2
activate function: <function rrelu at 0x7f903cb89300>
pe_dim in UnionRGCNLayer==> 2
Epoch 0 _ Start training:  2024-11-12 20:19:44.188471 =============================================
Epoch 0, loss 4.6256 2024-11-12 20:22:14.045209
	Start validating:  2024-11-12 20:22:14.045277
	train_loss:4.6256	val_loss:3.8565	val_Mrr_raw:0.3165	val_Hits(raw)@1:0.2154	val_Hits(raw)@3:0.3479	val_Hits(raw)@10:0.5187	val_Mrr_filter:0.3271	val_Hits(filter)@1:0.2293	val_Hits(filter)@3:0.3567	val_Hits(filter)@10:0.5231
	Start testing:  2024-11-12 20:22:37.897631
	val_loss:3.8935	val_Mrr_raw:0.3056	val_Hits(raw)@1:0.2081	val_Hits(raw)@3:0.3306	val_Hits(raw)@10:0.5007	val_Mrr_filter:0.3124	val_Hits(filter)@1:0.2177	val_Hits(filter)@3:0.3352	val_Hits(filter)@10:0.5039
Epoch 1 _ Start training:  2024-11-12 20:23:01.247855 =============================================
Epoch 1, loss 3.7846 2024-11-12 20:25:29.807343
	Start validating:  2024-11-12 20:25:29.807442
	train_loss:3.7846	val_loss:3.4875	val_Mrr_raw:0.3801	val_Hits(raw)@1:0.2644	val_Hits(raw)@3:0.4261	val_Hits(raw)@10:0.6102	val_Mrr_filter:0.3947	val_Hits(filter)@1:0.2845	val_Hits(filter)@3:0.4371	val_Hits(filter)@10:0.6152
	Start testing:  2024-11-12 20:25:53.871962
	val_loss:3.4830	val_Mrr_raw:0.3737	val_Hits(raw)@1:0.2612	val_Hits(raw)@3:0.4151	val_Hits(raw)@10:0.5982	val_Mrr_filter:0.3831	val_Hits(filter)@1:0.2740	val_Hits(filter)@3:0.4223	val_Hits(filter)@10:0.6014
Epoch 2 _ Start training:  2024-11-12 20:26:17.460192 =============================================
Epoch 2, loss 3.4798 2024-11-12 20:28:46.316932
	Start validating:  2024-11-12 20:28:46.317086
	train_loss:3.4798	val_loss:3.3114	val_Mrr_raw:0.4123	val_Hits(raw)@1:0.2915	val_Hits(raw)@3:0.4640	val_Hits(raw)@10:0.6486	val_Mrr_filter:0.4289	val_Hits(filter)@1:0.3146	val_Hits(filter)@3:0.4772	val_Hits(filter)@10:0.6531
	Start testing:  2024-11-12 20:29:10.385258
	val_loss:3.2924	val_Mrr_raw:0.4104	val_Hits(raw)@1:0.2939	val_Hits(raw)@3:0.4572	val_Hits(raw)@10:0.6432	val_Mrr_filter:0.4218	val_Hits(filter)@1:0.3092	val_Hits(filter)@3:0.4666	val_Hits(filter)@10:0.6471
Epoch 3 _ Start training:  2024-11-12 20:29:33.811564 =============================================
Epoch 3, loss 3.2786 2024-11-12 20:32:02.117631
	Start validating:  2024-11-12 20:32:02.117691
	train_loss:3.2786	val_loss:3.2114	val_Mrr_raw:0.4364	val_Hits(raw)@1:0.3139	val_Hits(raw)@3:0.4946	val_Hits(raw)@10:0.6762	val_Mrr_filter:0.4546	val_Hits(filter)@1:0.3398	val_Hits(filter)@3:0.5075	val_Hits(filter)@10:0.6809
	Start testing:  2024-11-12 20:32:26.118946
	val_loss:3.1834	val_Mrr_raw:0.4336	val_Hits(raw)@1:0.3144	val_Hits(raw)@3:0.4866	val_Hits(raw)@10:0.6747	val_Mrr_filter:0.4461	val_Hits(filter)@1:0.3312	val_Hits(filter)@3:0.4956	val_Hits(filter)@10:0.6781
Epoch 4 _ Start training:  2024-11-12 20:32:49.555083 =============================================
Epoch 4, loss 3.1123 2024-11-12 20:35:17.430604
	Start validating:  2024-11-12 20:35:17.432233
	train_loss:3.1123	val_loss:3.1645	val_Mrr_raw:0.4516	val_Hits(raw)@1:0.3288	val_Hits(raw)@3:0.5119	val_Hits(raw)@10:0.6953	val_Mrr_filter:0.4702	val_Hits(filter)@1:0.3545	val_Hits(filter)@3:0.5255	val_Hits(filter)@10:0.6995
	Start testing:  2024-11-12 20:35:41.568818
	val_loss:3.1300	val_Mrr_raw:0.4490	val_Hits(raw)@1:0.3278	val_Hits(raw)@3:0.5066	val_Hits(raw)@10:0.6875	val_Mrr_filter:0.4623	val_Hits(filter)@1:0.3463	val_Hits(filter)@3:0.5163	val_Hits(filter)@10:0.6919
Epoch 5 _ Start training:  2024-11-12 20:36:05.157587 =============================================
Epoch 5, loss 2.9748 2024-11-12 20:38:34.117732
	Start validating:  2024-11-12 20:38:34.117879
	train_loss:2.9748	val_loss:3.1271	val_Mrr_raw:0.4619	val_Hits(raw)@1:0.3387	val_Hits(raw)@3:0.5225	val_Hits(raw)@10:0.7072	val_Mrr_filter:0.4801	val_Hits(filter)@1:0.3637	val_Hits(filter)@3:0.5363	val_Hits(filter)@10:0.7114
	Start testing:  2024-11-12 20:38:58.208535
	val_loss:3.0808	val_Mrr_raw:0.4620	val_Hits(raw)@1:0.3389	val_Hits(raw)@3:0.5235	val_Hits(raw)@10:0.7047	val_Mrr_filter:0.4757	val_Hits(filter)@1:0.3578	val_Hits(filter)@3:0.5339	val_Hits(filter)@10:0.7088
Epoch 6 _ Start training:  2024-11-12 20:39:21.629268 =============================================
Epoch 6, loss 2.8393 2024-11-12 20:41:50.376826
	Start validating:  2024-11-12 20:41:50.376897
	train_loss:2.8393	val_loss:3.1011	val_Mrr_raw:0.4688	val_Hits(raw)@1:0.3409	val_Hits(raw)@3:0.5367	val_Hits(raw)@10:0.7163	val_Mrr_filter:0.4889	val_Hits(filter)@1:0.3695	val_Hits(filter)@3:0.5519	val_Hits(filter)@10:0.7207
	Start testing:  2024-11-12 20:42:14.270835
	val_loss:3.0637	val_Mrr_raw:0.4709	val_Hits(raw)@1:0.3470	val_Hits(raw)@3:0.5328	val_Hits(raw)@10:0.7147	val_Mrr_filter:0.4847	val_Hits(filter)@1:0.3662	val_Hits(filter)@3:0.5417	val_Hits(filter)@10:0.7177
Epoch 7 _ Start training:  2024-11-12 20:42:37.610346 =============================================
Epoch 7, loss 2.7228 2024-11-12 20:45:06.488004
	Start validating:  2024-11-12 20:45:06.488079
	train_loss:2.7228	val_loss:3.0906	val_Mrr_raw:0.4724	val_Hits(raw)@1:0.3462	val_Hits(raw)@3:0.5378	val_Hits(raw)@10:0.7175	val_Mrr_filter:0.4919	val_Hits(filter)@1:0.3739	val_Hits(filter)@3:0.5519	val_Hits(filter)@10:0.7229
	Start testing:  2024-11-12 20:45:30.400821
	val_loss:3.0605	val_Mrr_raw:0.4718	val_Hits(raw)@1:0.3476	val_Hits(raw)@3:0.5330	val_Hits(raw)@10:0.7193	val_Mrr_filter:0.4855	val_Hits(filter)@1:0.3663	val_Hits(filter)@3:0.5434	val_Hits(filter)@10:0.7233
Epoch 8 _ Start training:  2024-11-12 20:45:53.921956 =============================================
Epoch 8, loss 2.6151 2024-11-12 20:48:23.705941
	Start validating:  2024-11-12 20:48:23.706045
	train_loss:2.6151	val_loss:3.0977	val_Mrr_raw:0.4756	val_Hits(raw)@1:0.3482	val_Hits(raw)@3:0.5455	val_Hits(raw)@10:0.7270	val_Mrr_filter:0.4955	val_Hits(filter)@1:0.3759	val_Hits(filter)@3:0.5595	val_Hits(filter)@10:0.7312
	Start testing:  2024-11-12 20:48:47.735547
	val_loss:3.0623	val_Mrr_raw:0.4761	val_Hits(raw)@1:0.3523	val_Hits(raw)@3:0.5387	val_Hits(raw)@10:0.7234	val_Mrr_filter:0.4899	val_Hits(filter)@1:0.3715	val_Hits(filter)@3:0.5488	val_Hits(filter)@10:0.7273
Epoch 9 _ Start training:  2024-11-12 20:49:11.335424 =============================================
Epoch 9, loss 2.5046 2024-11-12 20:51:39.753604
	Start validating:  2024-11-12 20:51:39.753678
	train_loss:2.5046	val_loss:3.0985	val_Mrr_raw:0.4792	val_Hits(raw)@1:0.3521	val_Hits(raw)@3:0.5493	val_Hits(raw)@10:0.7280	val_Mrr_filter:0.4985	val_Hits(filter)@1:0.3783	val_Hits(filter)@3:0.5632	val_Hits(filter)@10:0.7324
	Start testing:  2024-11-12 20:52:03.685822
	val_loss:3.0558	val_Mrr_raw:0.4836	val_Hits(raw)@1:0.3604	val_Hits(raw)@3:0.5482	val_Hits(raw)@10:0.7283	val_Mrr_filter:0.4974	val_Hits(filter)@1:0.3794	val_Hits(filter)@3:0.5580	val_Hits(filter)@10:0.7331
Epoch 10 _ Start training:  2024-11-12 20:52:27.144129 =============================================
Epoch 10, loss 2.4104 2024-11-12 20:54:56.296700
	Start validating:  2024-11-12 20:54:56.297010
	train_loss:2.4104	val_loss:3.1120	val_Mrr_raw:0.4827	val_Hits(raw)@1:0.3569	val_Hits(raw)@3:0.5519	val_Hits(raw)@10:0.7259	val_Mrr_filter:0.5028	val_Hits(filter)@1:0.3851	val_Hits(filter)@3:0.5660	val_Hits(filter)@10:0.7313
	Start testing:  2024-11-12 20:55:20.438605
	val_loss:3.0667	val_Mrr_raw:0.4841	val_Hits(raw)@1:0.3605	val_Hits(raw)@3:0.5484	val_Hits(raw)@10:0.7296	val_Mrr_filter:0.4983	val_Hits(filter)@1:0.3797	val_Hits(filter)@3:0.5594	val_Hits(filter)@10:0.7338
Epoch 11 _ Start training:  2024-11-12 20:55:43.887834 =============================================
Epoch 11, loss 2.3267 2024-11-12 20:58:13.363691
	Start validating:  2024-11-12 20:58:13.363794
	train_loss:2.3267	val_loss:3.1266	val_Mrr_raw:0.4863	val_Hits(raw)@1:0.3599	val_Hits(raw)@3:0.5565	val_Hits(raw)@10:0.7299	val_Mrr_filter:0.5070	val_Hits(filter)@1:0.3888	val_Hits(filter)@3:0.5715	val_Hits(filter)@10:0.7356
	Start testing:  2024-11-12 20:58:37.328278
	val_loss:3.0902	val_Mrr_raw:0.4844	val_Hits(raw)@1:0.3590	val_Hits(raw)@3:0.5538	val_Hits(raw)@10:0.7283	val_Mrr_filter:0.4983	val_Hits(filter)@1:0.3780	val_Hits(filter)@3:0.5633	val_Hits(filter)@10:0.7321
Epoch 12 _ Start training:  2024-11-12 20:59:00.741740 =============================================
Epoch 12, loss 2.2532 2024-11-12 21:01:30.606578
	Start validating:  2024-11-12 21:01:30.606651
	train_loss:2.2532	val_loss:3.1697	val_Mrr_raw:0.4813	val_Hits(raw)@1:0.3535	val_Hits(raw)@3:0.5513	val_Hits(raw)@10:0.7291	val_Mrr_filter:0.5006	val_Hits(filter)@1:0.3804	val_Hits(filter)@3:0.5654	val_Hits(filter)@10:0.7340
	Start testing:  2024-11-12 21:01:54.540919
	val_loss:3.1178	val_Mrr_raw:0.4854	val_Hits(raw)@1:0.3609	val_Hits(raw)@3:0.5518	val_Hits(raw)@10:0.7289	val_Mrr_filter:0.4993	val_Hits(filter)@1:0.3799	val_Hits(filter)@3:0.5621	val_Hits(filter)@10:0.7318
Epoch 13 _ Start training:  2024-11-12 21:02:17.919312 =============================================
Epoch 13, loss 2.1838 2024-11-12 21:04:46.391567
	Start validating:  2024-11-12 21:04:46.391636
	train_loss:2.1838	val_loss:3.1985	val_Mrr_raw:0.4851	val_Hits(raw)@1:0.3586	val_Hits(raw)@3:0.5559	val_Hits(raw)@10:0.7282	val_Mrr_filter:0.5050	val_Hits(filter)@1:0.3864	val_Hits(filter)@3:0.5700	val_Hits(filter)@10:0.7334
	Start testing:  2024-11-12 21:05:10.226308
	val_loss:3.1369	val_Mrr_raw:0.4859	val_Hits(raw)@1:0.3631	val_Hits(raw)@3:0.5503	val_Hits(raw)@10:0.7255	val_Mrr_filter:0.4998	val_Hits(filter)@1:0.3820	val_Hits(filter)@3:0.5599	val_Hits(filter)@10:0.7293
Epoch 14 _ Start training:  2024-11-12 21:05:33.604736 =============================================
Epoch 14, loss 2.1213 2024-11-12 21:08:02.165722
	Start validating:  2024-11-12 21:08:02.165841
	train_loss:2.1213	val_loss:3.2210	val_Mrr_raw:0.4852	val_Hits(raw)@1:0.3586	val_Hits(raw)@3:0.5539	val_Hits(raw)@10:0.7300	val_Mrr_filter:0.5051	val_Hits(filter)@1:0.3867	val_Hits(filter)@3:0.5694	val_Hits(filter)@10:0.7347
	Start testing:  2024-11-12 21:08:26.091487
	val_loss:3.1770	val_Mrr_raw:0.4868	val_Hits(raw)@1:0.3611	val_Hits(raw)@3:0.5589	val_Hits(raw)@10:0.7296	val_Mrr_filter:0.5005	val_Hits(filter)@1:0.3799	val_Hits(filter)@3:0.5691	val_Hits(filter)@10:0.7333
Epoch 15 _ Start training:  2024-11-12 21:08:49.515811 =============================================
Epoch 15, loss 2.0681 2024-11-12 21:11:16.895988
	Start validating:  2024-11-12 21:11:16.896096
	train_loss:2.0681	val_loss:3.2219	val_Mrr_raw:0.4838	val_Hits(raw)@1:0.3567	val_Hits(raw)@3:0.5536	val_Hits(raw)@10:0.7274	val_Mrr_filter:0.5042	val_Hits(filter)@1:0.3860	val_Hits(filter)@3:0.5678	val_Hits(filter)@10:0.7321
	Start testing:  2024-11-12 21:11:40.919947
	val_loss:3.1523	val_Mrr_raw:0.4844	val_Hits(raw)@1:0.3593	val_Hits(raw)@3:0.5523	val_Hits(raw)@10:0.7261	val_Mrr_filter:0.4983	val_Hits(filter)@1:0.3784	val_Hits(filter)@3:0.5640	val_Hits(filter)@10:0.7297
Epoch 16 _ Start training:  2024-11-12 21:12:04.417328 =============================================
Epoch 16, loss 2.0122 2024-11-12 21:14:34.064247
	Start validating:  2024-11-12 21:14:34.064320
	train_loss:2.0122	val_loss:3.2740	val_Mrr_raw:0.4847	val_Hits(raw)@1:0.3576	val_Hits(raw)@3:0.5573	val_Hits(raw)@10:0.7302	val_Mrr_filter:0.5053	val_Hits(filter)@1:0.3867	val_Hits(filter)@3:0.5702	val_Hits(filter)@10:0.7341
	Start testing:  2024-11-12 21:14:58.001667
	val_loss:3.2201	val_Mrr_raw:0.4866	val_Hits(raw)@1:0.3620	val_Hits(raw)@3:0.5562	val_Hits(raw)@10:0.7276	val_Mrr_filter:0.5008	val_Hits(filter)@1:0.3819	val_Hits(filter)@3:0.5666	val_Hits(filter)@10:0.7316
Epoch 17 _ Start training:  2024-11-12 21:15:21.431863 =============================================
Epoch 17, loss 1.9659 2024-11-12 21:17:51.639911
	Start validating:  2024-11-12 21:17:51.640000
	train_loss:1.9659	val_loss:3.3005	val_Mrr_raw:0.4809	val_Hits(raw)@1:0.3536	val_Hits(raw)@3:0.5519	val_Hits(raw)@10:0.7280	val_Mrr_filter:0.5008	val_Hits(filter)@1:0.3813	val_Hits(filter)@3:0.5671	val_Hits(filter)@10:0.7324
	Start testing:  2024-11-12 21:18:15.577154
	val_loss:3.2479	val_Mrr_raw:0.4840	val_Hits(raw)@1:0.3588	val_Hits(raw)@3:0.5518	val_Hits(raw)@10:0.7283	val_Mrr_filter:0.4980	val_Hits(filter)@1:0.3782	val_Hits(filter)@3:0.5624	val_Hits(filter)@10:0.7320
Epoch 18 _ Start training:  2024-11-12 21:18:39.083571 =============================================
Epoch 18, loss 1.9193 2024-11-12 21:21:08.868928
	Start validating:  2024-11-12 21:21:08.869044
	train_loss:1.9193	val_loss:3.3057	val_Mrr_raw:0.4815	val_Hits(raw)@1:0.3543	val_Hits(raw)@3:0.5518	val_Hits(raw)@10:0.7293	val_Mrr_filter:0.5014	val_Hits(filter)@1:0.3821	val_Hits(filter)@3:0.5667	val_Hits(filter)@10:0.7337
	Start testing:  2024-11-12 21:21:32.726458
	val_loss:3.2682	val_Mrr_raw:0.4824	val_Hits(raw)@1:0.3587	val_Hits(raw)@3:0.5514	val_Hits(raw)@10:0.7242	val_Mrr_filter:0.4966	val_Hits(filter)@1:0.3788	val_Hits(filter)@3:0.5612	val_Hits(filter)@10:0.7279
Epoch 19 _ Start training:  2024-11-12 21:21:56.272839 =============================================
Epoch 19, loss 1.8768 2024-11-12 21:24:25.796781
	Start validating:  2024-11-12 21:24:25.796888
	train_loss:1.8768	val_loss:3.3352	val_Mrr_raw:0.4793	val_Hits(raw)@1:0.3528	val_Hits(raw)@3:0.5512	val_Hits(raw)@10:0.7256	val_Mrr_filter:0.4990	val_Hits(filter)@1:0.3801	val_Hits(filter)@3:0.5648	val_Hits(filter)@10:0.7292
	Start testing:  2024-11-12 21:24:49.741198
	val_loss:3.2660	val_Mrr_raw:0.4829	val_Hits(raw)@1:0.3580	val_Hits(raw)@3:0.5525	val_Hits(raw)@10:0.7229	val_Mrr_filter:0.4970	val_Hits(filter)@1:0.3777	val_Hits(filter)@3:0.5617	val_Hits(filter)@10:0.7260
Logging to results/g_0_ICEWS14s_short_True_short-model_regcn_long_True_f_gate_fr_gate_ta_0.7_gnn1_regcn_2_gnn2_rgat_r1_3_seq_regcn_1_max_length_10_fil_False_ori_Falselast_True
use layer :uvrgcn
activate function: <function rrelu at 0x7f903cb89300>
pe_dim in UnionRGCNLayer==> 2
activate function: <function rrelu at 0x7f903cb89300>
pe_dim in UnionRGCNLayer==> 2
use layer :uvrgcn
activate function: <function rrelu at 0x7f903cb89300>
pe_dim in UnionRGCNLayer==> 2
activate function: <function rrelu at 0x7f903cb89300>
pe_dim in UnionRGCNLayer==> 2
Epoch 0 _ Start training:  2024-11-12 21:25:13.689357 =============================================
Epoch 0, loss 4.6461 2024-11-12 21:27:45.977223
	Start validating:  2024-11-12 21:27:45.977301
	train_loss:4.6461	val_loss:3.8890	val_Mrr_raw:0.3184	val_Hits(raw)@1:0.2178	val_Hits(raw)@3:0.3511	val_Hits(raw)@10:0.5158	val_Mrr_filter:0.3303	val_Hits(filter)@1:0.2339	val_Hits(filter)@3:0.3593	val_Hits(filter)@10:0.5189
	Start testing:  2024-11-12 21:28:10.383596
	val_loss:3.9187	val_Mrr_raw:0.3081	val_Hits(raw)@1:0.2104	val_Hits(raw)@3:0.3329	val_Hits(raw)@10:0.5023	val_Mrr_filter:0.3148	val_Hits(filter)@1:0.2192	val_Hits(filter)@3:0.3386	val_Hits(filter)@10:0.5058
Epoch 1 _ Start training:  2024-11-12 21:28:34.506443 =============================================
Epoch 1, loss 3.7978 2024-11-12 21:31:03.516025
	Start validating:  2024-11-12 21:31:03.516117
	train_loss:3.7978	val_loss:3.5112	val_Mrr_raw:0.3807	val_Hits(raw)@1:0.2673	val_Hits(raw)@3:0.4281	val_Hits(raw)@10:0.6047	val_Mrr_filter:0.3956	val_Hits(filter)@1:0.2873	val_Hits(filter)@3:0.4402	val_Hits(filter)@10:0.6083
	Start testing:  2024-11-12 21:31:27.620557
	val_loss:3.4997	val_Mrr_raw:0.3769	val_Hits(raw)@1:0.2659	val_Hits(raw)@3:0.4160	val_Hits(raw)@10:0.6021	val_Mrr_filter:0.3863	val_Hits(filter)@1:0.2783	val_Hits(filter)@3:0.4236	val_Hits(filter)@10:0.6053
Epoch 2 _ Start training:  2024-11-12 21:31:51.322138 =============================================
Epoch 2, loss 3.4952 2024-11-12 21:34:21.785973
	Start validating:  2024-11-12 21:34:21.786075
	train_loss:3.4952	val_loss:3.3121	val_Mrr_raw:0.4126	val_Hits(raw)@1:0.2928	val_Hits(raw)@3:0.4659	val_Hits(raw)@10:0.6482	val_Mrr_filter:0.4285	val_Hits(filter)@1:0.3143	val_Hits(filter)@3:0.4782	val_Hits(filter)@10:0.6519
	Start testing:  2024-11-12 21:34:45.856203
	val_loss:3.2957	val_Mrr_raw:0.4119	val_Hits(raw)@1:0.2949	val_Hits(raw)@3:0.4600	val_Hits(raw)@10:0.6462	val_Mrr_filter:0.4230	val_Hits(filter)@1:0.3093	val_Hits(filter)@3:0.4693	val_Hits(filter)@10:0.6500
Epoch 3 _ Start training:  2024-11-12 21:35:09.422615 =============================================
Epoch 3, loss 3.2877 2024-11-12 21:37:39.398675
	Start validating:  2024-11-12 21:37:39.398799
	train_loss:3.2877	val_loss:3.2415	val_Mrr_raw:0.4269	val_Hits(raw)@1:0.3045	val_Hits(raw)@3:0.4847	val_Hits(raw)@10:0.6657	val_Mrr_filter:0.4435	val_Hits(filter)@1:0.3269	val_Hits(filter)@3:0.4961	val_Hits(filter)@10:0.6695
	Start testing:  2024-11-12 21:38:03.465409
	val_loss:3.1963	val_Mrr_raw:0.4288	val_Hits(raw)@1:0.3078	val_Hits(raw)@3:0.4813	val_Hits(raw)@10:0.6689	val_Mrr_filter:0.4406	val_Hits(filter)@1:0.3236	val_Hits(filter)@3:0.4908	val_Hits(filter)@10:0.6723
Epoch 4 _ Start training:  2024-11-12 21:38:27.029964 =============================================
Epoch 4, loss 3.1244 2024-11-12 21:40:56.725044
	Start validating:  2024-11-12 21:40:56.725163
	train_loss:3.1244	val_loss:3.1704	val_Mrr_raw:0.4479	val_Hits(raw)@1:0.3252	val_Hits(raw)@3:0.5072	val_Hits(raw)@10:0.6910	val_Mrr_filter:0.4660	val_Hits(filter)@1:0.3505	val_Hits(filter)@3:0.5210	val_Hits(filter)@10:0.6954
	Start testing:  2024-11-12 21:41:20.750282
	val_loss:3.1172	val_Mrr_raw:0.4481	val_Hits(raw)@1:0.3255	val_Hits(raw)@3:0.5049	val_Hits(raw)@10:0.6933	val_Mrr_filter:0.4609	val_Hits(filter)@1:0.3424	val_Hits(filter)@3:0.5138	val_Hits(filter)@10:0.6967
Epoch 5 _ Start training:  2024-11-12 21:41:44.357422 =============================================
Epoch 5, loss 2.9841 2024-11-12 21:44:13.508823
	Start validating:  2024-11-12 21:44:13.508956
	train_loss:2.9841	val_loss:3.1438	val_Mrr_raw:0.4546	val_Hits(raw)@1:0.3303	val_Hits(raw)@3:0.5160	val_Hits(raw)@10:0.6986	val_Mrr_filter:0.4731	val_Hits(filter)@1:0.3558	val_Hits(filter)@3:0.5308	val_Hits(filter)@10:0.7033
	Start testing:  2024-11-12 21:44:37.554657
	val_loss:3.0878	val_Mrr_raw:0.4585	val_Hits(raw)@1:0.3367	val_Hits(raw)@3:0.5175	val_Hits(raw)@10:0.7007	val_Mrr_filter:0.4717	val_Hits(filter)@1:0.3546	val_Hits(filter)@3:0.5276	val_Hits(filter)@10:0.7051
Epoch 6 _ Start training:  2024-11-12 21:45:00.917958 =============================================
Epoch 6, loss 2.8538 2024-11-12 21:47:29.935456
	Start validating:  2024-11-12 21:47:29.935536
	train_loss:2.8538	val_loss:3.0996	val_Mrr_raw:0.4642	val_Hits(raw)@1:0.3379	val_Hits(raw)@3:0.5305	val_Hits(raw)@10:0.7109	val_Mrr_filter:0.4836	val_Hits(filter)@1:0.3647	val_Hits(filter)@3:0.5457	val_Hits(filter)@10:0.7149
	Start testing:  2024-11-12 21:47:53.904442
	val_loss:3.0497	val_Mrr_raw:0.4679	val_Hits(raw)@1:0.3446	val_Hits(raw)@3:0.5314	val_Hits(raw)@10:0.7116	val_Mrr_filter:0.4811	val_Hits(filter)@1:0.3622	val_Hits(filter)@3:0.5406	val_Hits(filter)@10:0.7151
Epoch 7 _ Start training:  2024-11-12 21:48:17.290847 =============================================
Epoch 7, loss 2.7317 2024-11-12 21:50:47.943762
	Start validating:  2024-11-12 21:50:47.943901
	train_loss:2.7317	val_loss:3.0849	val_Mrr_raw:0.4739	val_Hits(raw)@1:0.3464	val_Hits(raw)@3:0.5434	val_Hits(raw)@10:0.7200	val_Mrr_filter:0.4937	val_Hits(filter)@1:0.3743	val_Hits(filter)@3:0.5565	val_Hits(filter)@10:0.7243
	Start testing:  2024-11-12 21:51:11.933926
	val_loss:3.0439	val_Mrr_raw:0.4736	val_Hits(raw)@1:0.3505	val_Hits(raw)@3:0.5345	val_Hits(raw)@10:0.7173	val_Mrr_filter:0.4872	val_Hits(filter)@1:0.3683	val_Hits(filter)@3:0.5457	val_Hits(filter)@10:0.7209
Epoch 8 _ Start training:  2024-11-12 21:51:35.392089 =============================================
Epoch 8, loss 2.6157 2024-11-12 21:54:05.484070
	Start validating:  2024-11-12 21:54:05.484151
	train_loss:2.6157	val_loss:3.1133	val_Mrr_raw:0.4759	val_Hits(raw)@1:0.3473	val_Hits(raw)@3:0.5472	val_Hits(raw)@10:0.7222	val_Mrr_filter:0.4955	val_Hits(filter)@1:0.3744	val_Hits(filter)@3:0.5611	val_Hits(filter)@10:0.7257
	Start testing:  2024-11-12 21:54:30.252397
	val_loss:3.0613	val_Mrr_raw:0.4796	val_Hits(raw)@1:0.3551	val_Hits(raw)@3:0.5473	val_Hits(raw)@10:0.7230	val_Mrr_filter:0.4934	val_Hits(filter)@1:0.3734	val_Hits(filter)@3:0.5593	val_Hits(filter)@10:0.7264
Epoch 9 _ Start training:  2024-11-12 21:54:53.757849 =============================================
Epoch 9, loss 2.5152 2024-11-12 21:57:26.834612
	Start validating:  2024-11-12 21:57:26.834751
	train_loss:2.5152	val_loss:3.1042	val_Mrr_raw:0.4809	val_Hits(raw)@1:0.3545	val_Hits(raw)@3:0.5493	val_Hits(raw)@10:0.7299	val_Mrr_filter:0.5005	val_Hits(filter)@1:0.3821	val_Hits(filter)@3:0.5635	val_Hits(filter)@10:0.7337
	Start testing:  2024-11-12 21:57:50.822734
	val_loss:3.0519	val_Mrr_raw:0.4830	val_Hits(raw)@1:0.3590	val_Hits(raw)@3:0.5491	val_Hits(raw)@10:0.7266	val_Mrr_filter:0.4974	val_Hits(filter)@1:0.3788	val_Hits(filter)@3:0.5591	val_Hits(filter)@10:0.7304
Epoch 10 _ Start training:  2024-11-12 21:58:14.431736 =============================================
Epoch 10, loss 2.4193 2024-11-12 22:00:45.286510
	Start validating:  2024-11-12 22:00:45.286585
	train_loss:2.4193	val_loss:3.1137	val_Mrr_raw:0.4797	val_Hits(raw)@1:0.3520	val_Hits(raw)@3:0.5493	val_Hits(raw)@10:0.7297	val_Mrr_filter:0.4992	val_Hits(filter)@1:0.3793	val_Hits(filter)@3:0.5628	val_Hits(filter)@10:0.7354
	Start testing:  2024-11-12 22:01:11.800650
	val_loss:3.0762	val_Mrr_raw:0.4813	val_Hits(raw)@1:0.3561	val_Hits(raw)@3:0.5507	val_Hits(raw)@10:0.7250	val_Mrr_filter:0.4953	val_Hits(filter)@1:0.3753	val_Hits(filter)@3:0.5612	val_Hits(filter)@10:0.7281
Epoch 11 _ Start training:  2024-11-12 22:01:35.850085 =============================================
Epoch 11, loss 2.3351 2024-11-12 22:04:07.871388
	Start validating:  2024-11-12 22:04:07.871474
	train_loss:2.3351	val_loss:3.1320	val_Mrr_raw:0.4829	val_Hits(raw)@1:0.3559	val_Hits(raw)@3:0.5536	val_Hits(raw)@10:0.7313	val_Mrr_filter:0.5032	val_Hits(filter)@1:0.3852	val_Hits(filter)@3:0.5653	val_Hits(filter)@10:0.7353
	Start testing:  2024-11-12 22:04:32.036612
	val_loss:3.0786	val_Mrr_raw:0.4838	val_Hits(raw)@1:0.3569	val_Hits(raw)@3:0.5546	val_Hits(raw)@10:0.7270	val_Mrr_filter:0.4980	val_Hits(filter)@1:0.3761	val_Hits(filter)@3:0.5656	val_Hits(filter)@10:0.7312
Epoch 12 _ Start training:  2024-11-12 22:04:55.619135 =============================================
Epoch 12, loss 2.2496 2024-11-12 22:07:27.341887
	Start validating:  2024-11-12 22:07:27.341979
	train_loss:2.2496	val_loss:3.1508	val_Mrr_raw:0.4810	val_Hits(raw)@1:0.3558	val_Hits(raw)@3:0.5485	val_Hits(raw)@10:0.7292	val_Mrr_filter:0.4996	val_Hits(filter)@1:0.3811	val_Hits(filter)@3:0.5617	val_Hits(filter)@10:0.7337
	Start testing:  2024-11-12 22:07:52.129947
	val_loss:3.0989	val_Mrr_raw:0.4856	val_Hits(raw)@1:0.3626	val_Hits(raw)@3:0.5509	val_Hits(raw)@10:0.7232	val_Mrr_filter:0.4993	val_Hits(filter)@1:0.3817	val_Hits(filter)@3:0.5608	val_Hits(filter)@10:0.7264
Epoch 13 _ Start training:  2024-11-12 22:08:15.655015 =============================================
Epoch 13, loss 2.1831 2024-11-12 22:10:45.567939
	Start validating:  2024-11-12 22:10:45.568018
	train_loss:2.1831	val_loss:3.1822	val_Mrr_raw:0.4845	val_Hits(raw)@1:0.3589	val_Hits(raw)@3:0.5540	val_Hits(raw)@10:0.7269	val_Mrr_filter:0.5042	val_Hits(filter)@1:0.3864	val_Hits(filter)@3:0.5680	val_Hits(filter)@10:0.7321
	Start testing:  2024-11-12 22:11:09.035097
	val_loss:3.1280	val_Mrr_raw:0.4872	val_Hits(raw)@1:0.3641	val_Hits(raw)@3:0.5556	val_Hits(raw)@10:0.7258	val_Mrr_filter:0.5010	val_Hits(filter)@1:0.3831	val_Hits(filter)@3:0.5653	val_Hits(filter)@10:0.7295
Epoch 14 _ Start training:  2024-11-12 22:11:32.303776 =============================================
Epoch 14, loss 2.1182 2024-11-12 22:14:03.167164
	Start validating:  2024-11-12 22:14:03.167267
	train_loss:2.1182	val_loss:3.1934	val_Mrr_raw:0.4859	val_Hits(raw)@1:0.3603	val_Hits(raw)@3:0.5560	val_Hits(raw)@10:0.7317	val_Mrr_filter:0.5053	val_Hits(filter)@1:0.3875	val_Hits(filter)@3:0.5703	val_Hits(filter)@10:0.7357
	Start testing:  2024-11-12 22:14:26.998701
	val_loss:3.1509	val_Mrr_raw:0.4866	val_Hits(raw)@1:0.3630	val_Hits(raw)@3:0.5556	val_Hits(raw)@10:0.7257	val_Mrr_filter:0.5006	val_Hits(filter)@1:0.3822	val_Hits(filter)@3:0.5652	val_Hits(filter)@10:0.7291
Epoch 15 _ Start training:  2024-11-12 22:14:50.167947 =============================================
Epoch 15, loss 2.0585 2024-11-12 22:17:13.606105
	Start validating:  2024-11-12 22:17:13.606215
	train_loss:2.0585	val_loss:3.2682	val_Mrr_raw:0.4815	val_Hits(raw)@1:0.3541	val_Hits(raw)@3:0.5524	val_Hits(raw)@10:0.7292	val_Mrr_filter:0.5011	val_Hits(filter)@1:0.3817	val_Hits(filter)@3:0.5652	val_Hits(filter)@10:0.7336
	Start testing:  2024-11-12 22:17:37.285468
	val_loss:3.2064	val_Mrr_raw:0.4831	val_Hits(raw)@1:0.3575	val_Hits(raw)@3:0.5518	val_Hits(raw)@10:0.7245	val_Mrr_filter:0.4968	val_Hits(filter)@1:0.3767	val_Hits(filter)@3:0.5616	val_Hits(filter)@10:0.7285
Epoch 16 _ Start training:  2024-11-12 22:18:00.327433 =============================================
Epoch 16, loss 2.0099 2024-11-12 22:20:25.888614
	Start validating:  2024-11-12 22:20:25.888719
	train_loss:2.0099	val_loss:3.2899	val_Mrr_raw:0.4776	val_Hits(raw)@1:0.3529	val_Hits(raw)@3:0.5439	val_Hits(raw)@10:0.7240	val_Mrr_filter:0.4962	val_Hits(filter)@1:0.3790	val_Hits(filter)@3:0.5568	val_Hits(filter)@10:0.7292
	Start testing:  2024-11-12 22:20:50.196106
	val_loss:3.2404	val_Mrr_raw:0.4780	val_Hits(raw)@1:0.3546	val_Hits(raw)@3:0.5454	val_Hits(raw)@10:0.7151	val_Mrr_filter:0.4913	val_Hits(filter)@1:0.3731	val_Hits(filter)@3:0.5549	val_Hits(filter)@10:0.7198
Epoch 17 _ Start training:  2024-11-12 22:21:14.245722 =============================================
Epoch 17, loss 1.9619 2024-11-12 22:23:45.168164
	Start validating:  2024-11-12 22:23:45.168237
	train_loss:1.9619	val_loss:3.2857	val_Mrr_raw:0.4786	val_Hits(raw)@1:0.3526	val_Hits(raw)@3:0.5473	val_Hits(raw)@10:0.7243	val_Mrr_filter:0.4978	val_Hits(filter)@1:0.3798	val_Hits(filter)@3:0.5607	val_Hits(filter)@10:0.7284
	Start testing:  2024-11-12 22:24:08.674706
	val_loss:3.2450	val_Mrr_raw:0.4809	val_Hits(raw)@1:0.3562	val_Hits(raw)@3:0.5507	val_Hits(raw)@10:0.7207	val_Mrr_filter:0.4941	val_Hits(filter)@1:0.3740	val_Hits(filter)@3:0.5596	val_Hits(filter)@10:0.7251
Epoch 18 _ Start training:  2024-11-12 22:24:31.781826 =============================================
Epoch 18, loss 1.9111 2024-11-12 22:26:58.806765
	Start validating:  2024-11-12 22:26:58.806869
	train_loss:1.9111	val_loss:3.3065	val_Mrr_raw:0.4795	val_Hits(raw)@1:0.3524	val_Hits(raw)@3:0.5500	val_Hits(raw)@10:0.7248	val_Mrr_filter:0.4988	val_Hits(filter)@1:0.3794	val_Hits(filter)@3:0.5644	val_Hits(filter)@10:0.7302
	Start testing:  2024-11-12 22:27:22.528378
	val_loss:3.2562	val_Mrr_raw:0.4817	val_Hits(raw)@1:0.3590	val_Hits(raw)@3:0.5469	val_Hits(raw)@10:0.7227	val_Mrr_filter:0.4961	val_Hits(filter)@1:0.3793	val_Hits(filter)@3:0.5566	val_Hits(filter)@10:0.7266
Epoch 19 _ Start training:  2024-11-12 22:27:45.651133 =============================================
Epoch 19, loss 1.8675 2024-11-12 22:30:12.263389
	Start validating:  2024-11-12 22:30:12.263496
	train_loss:1.8675	val_loss:3.3070	val_Mrr_raw:0.4775	val_Hits(raw)@1:0.3512	val_Hits(raw)@3:0.5471	val_Hits(raw)@10:0.7256	val_Mrr_filter:0.4962	val_Hits(filter)@1:0.3767	val_Hits(filter)@3:0.5609	val_Hits(filter)@10:0.7295
	Start testing:  2024-11-12 22:30:36.171597
	val_loss:3.2768	val_Mrr_raw:0.4775	val_Hits(raw)@1:0.3544	val_Hits(raw)@3:0.5454	val_Hits(raw)@10:0.7168	val_Mrr_filter:0.4906	val_Hits(filter)@1:0.3723	val_Hits(filter)@3:0.5548	val_Hits(filter)@10:0.7209
Logging to results/g_0_ICEWS14s_short_True_short-model_regcn_long_True_f_gate_fr_gate_ta_0.7_gnn1_regcn_2_gnn2_rgat_r1_3_seq_regcn_1_max_length_10_fil_False_ori_Falselast_True
use layer :uvrgcn
activate function: <function rrelu at 0x7f903cb89300>
pe_dim in UnionRGCNLayer==> 2
activate function: <function rrelu at 0x7f903cb89300>
pe_dim in UnionRGCNLayer==> 2
use layer :uvrgcn
activate function: <function rrelu at 0x7f903cb89300>
pe_dim in UnionRGCNLayer==> 2
activate function: <function rrelu at 0x7f903cb89300>
pe_dim in UnionRGCNLayer==> 2
Epoch 0 _ Start training:  2024-11-12 22:30:59.565666 =============================================
Epoch 0, loss 4.6515 2024-11-12 22:33:29.339954
	Start validating:  2024-11-12 22:33:29.340037
	train_loss:4.6515	val_loss:3.8501	val_Mrr_raw:0.3188	val_Hits(raw)@1:0.2159	val_Hits(raw)@3:0.3532	val_Hits(raw)@10:0.5174	val_Mrr_filter:0.3300	val_Hits(filter)@1:0.2308	val_Hits(filter)@3:0.3613	val_Hits(filter)@10:0.5206
	Start testing:  2024-11-12 22:33:53.427225
	val_loss:3.8970	val_Mrr_raw:0.3074	val_Hits(raw)@1:0.2085	val_Hits(raw)@3:0.3332	val_Hits(raw)@10:0.5017	val_Mrr_filter:0.3140	val_Hits(filter)@1:0.2175	val_Hits(filter)@3:0.3378	val_Hits(filter)@10:0.5059
Epoch 1 _ Start training:  2024-11-12 22:34:16.978038 =============================================
Epoch 1, loss 3.7830 2024-11-12 22:36:42.183113
	Start validating:  2024-11-12 22:36:42.183237
	train_loss:3.7830	val_loss:3.4876	val_Mrr_raw:0.3821	val_Hits(raw)@1:0.2691	val_Hits(raw)@3:0.4278	val_Hits(raw)@10:0.6078	val_Mrr_filter:0.3975	val_Hits(filter)@1:0.2906	val_Hits(filter)@3:0.4386	val_Hits(filter)@10:0.6116
	Start testing:  2024-11-12 22:37:05.826259
	val_loss:3.4851	val_Mrr_raw:0.3753	val_Hits(raw)@1:0.2652	val_Hits(raw)@3:0.4123	val_Hits(raw)@10:0.5978	val_Mrr_filter:0.3855	val_Hits(filter)@1:0.2791	val_Hits(filter)@3:0.4208	val_Hits(filter)@10:0.6015
Epoch 2 _ Start training:  2024-11-12 22:37:29.557850 =============================================
Epoch 2, loss 3.4744 2024-11-12 22:40:03.926377
	Start validating:  2024-11-12 22:40:03.926451
	train_loss:3.4744	val_loss:3.3188	val_Mrr_raw:0.4166	val_Hits(raw)@1:0.2976	val_Hits(raw)@3:0.4699	val_Hits(raw)@10:0.6510	val_Mrr_filter:0.4341	val_Hits(filter)@1:0.3219	val_Hits(filter)@3:0.4817	val_Hits(filter)@10:0.6544
	Start testing:  2024-11-12 22:40:28.455976
	val_loss:3.3058	val_Mrr_raw:0.4092	val_Hits(raw)@1:0.2924	val_Hits(raw)@3:0.4546	val_Hits(raw)@10:0.6429	val_Mrr_filter:0.4209	val_Hits(filter)@1:0.3086	val_Hits(filter)@3:0.4646	val_Hits(filter)@10:0.6471
Epoch 3 _ Start training:  2024-11-12 22:40:51.680780 =============================================
Epoch 3, loss 3.2745 2024-11-12 22:43:28.021820
	Start validating:  2024-11-12 22:43:28.021898
	train_loss:3.2745	val_loss:3.2395	val_Mrr_raw:0.4310	val_Hits(raw)@1:0.3097	val_Hits(raw)@3:0.4905	val_Hits(raw)@10:0.6678	val_Mrr_filter:0.4497	val_Hits(filter)@1:0.3358	val_Hits(filter)@3:0.5037	val_Hits(filter)@10:0.6721
	Start testing:  2024-11-12 22:43:53.113109
	val_loss:3.1970	val_Mrr_raw:0.4291	val_Hits(raw)@1:0.3097	val_Hits(raw)@3:0.4830	val_Hits(raw)@10:0.6658	val_Mrr_filter:0.4417	val_Hits(filter)@1:0.3270	val_Hits(filter)@3:0.4931	val_Hits(filter)@10:0.6695
Epoch 4 _ Start training:  2024-11-12 22:44:16.392662 =============================================
Epoch 4, loss 3.1081 2024-11-12 22:46:41.103920
	Start validating:  2024-11-12 22:46:41.104052
	train_loss:3.1081	val_loss:3.1746	val_Mrr_raw:0.4463	val_Hits(raw)@1:0.3223	val_Hits(raw)@3:0.5083	val_Hits(raw)@10:0.6898	val_Mrr_filter:0.4648	val_Hits(filter)@1:0.3478	val_Hits(filter)@3:0.5216	val_Hits(filter)@10:0.6944
	Start testing:  2024-11-12 22:47:05.040496
	val_loss:3.1260	val_Mrr_raw:0.4473	val_Hits(raw)@1:0.3252	val_Hits(raw)@3:0.5051	val_Hits(raw)@10:0.6892	val_Mrr_filter:0.4604	val_Hits(filter)@1:0.3434	val_Hits(filter)@3:0.5139	val_Hits(filter)@10:0.6927
Epoch 5 _ Start training:  2024-11-12 22:47:29.027996 =============================================
Epoch 5, loss 2.9686 2024-11-12 22:50:00.312805
	Start validating:  2024-11-12 22:50:00.312878
	train_loss:2.9686	val_loss:3.1306	val_Mrr_raw:0.4588	val_Hits(raw)@1:0.3329	val_Hits(raw)@3:0.5234	val_Hits(raw)@10:0.7047	val_Mrr_filter:0.4774	val_Hits(filter)@1:0.3587	val_Hits(filter)@3:0.5378	val_Hits(filter)@10:0.7082
	Start testing:  2024-11-12 22:50:24.405641
	val_loss:3.0929	val_Mrr_raw:0.4578	val_Hits(raw)@1:0.3354	val_Hits(raw)@3:0.5163	val_Hits(raw)@10:0.7040	val_Mrr_filter:0.4712	val_Hits(filter)@1:0.3539	val_Hits(filter)@3:0.5260	val_Hits(filter)@10:0.7075
Epoch 6 _ Start training:  2024-11-12 22:50:48.156443 =============================================
Epoch 6, loss 2.8326 2024-11-12 22:53:19.900128
	Start validating:  2024-11-12 22:53:19.900202
	train_loss:2.8326	val_loss:3.1103	val_Mrr_raw:0.4674	val_Hits(raw)@1:0.3405	val_Hits(raw)@3:0.5347	val_Hits(raw)@10:0.7114	val_Mrr_filter:0.4874	val_Hits(filter)@1:0.3685	val_Hits(filter)@3:0.5487	val_Hits(filter)@10:0.7156
	Start testing:  2024-11-12 22:53:43.686016
	val_loss:3.0746	val_Mrr_raw:0.4646	val_Hits(raw)@1:0.3412	val_Hits(raw)@3:0.5270	val_Hits(raw)@10:0.7066	val_Mrr_filter:0.4785	val_Hits(filter)@1:0.3604	val_Hits(filter)@3:0.5368	val_Hits(filter)@10:0.7101
Epoch 7 _ Start training:  2024-11-12 22:54:08.173722 =============================================
Epoch 7, loss 2.7075 2024-11-12 22:56:39.775658
	Start validating:  2024-11-12 22:56:39.775815
	train_loss:2.7075	val_loss:3.0898	val_Mrr_raw:0.4749	val_Hits(raw)@1:0.3476	val_Hits(raw)@3:0.5442	val_Hits(raw)@10:0.7201	val_Mrr_filter:0.4950	val_Hits(filter)@1:0.3761	val_Hits(filter)@3:0.5586	val_Hits(filter)@10:0.7242
	Start testing:  2024-11-12 22:57:03.345160
	val_loss:3.0486	val_Mrr_raw:0.4714	val_Hits(raw)@1:0.3468	val_Hits(raw)@3:0.5330	val_Hits(raw)@10:0.7191	val_Mrr_filter:0.4856	val_Hits(filter)@1:0.3663	val_Hits(filter)@3:0.5437	val_Hits(filter)@10:0.7225
Epoch 8 _ Start training:  2024-11-12 22:57:27.450472 =============================================
Epoch 8, loss 2.5943 2024-11-12 22:59:52.770840
	Start validating:  2024-11-12 22:59:52.770913
	train_loss:2.5943	val_loss:3.0818	val_Mrr_raw:0.4796	val_Hits(raw)@1:0.3513	val_Hits(raw)@3:0.5500	val_Hits(raw)@10:0.7268	val_Mrr_filter:0.5001	val_Hits(filter)@1:0.3804	val_Hits(filter)@3:0.5639	val_Hits(filter)@10:0.7303
	Start testing:  2024-11-12 23:00:16.484557
	val_loss:3.0370	val_Mrr_raw:0.4778	val_Hits(raw)@1:0.3558	val_Hits(raw)@3:0.5395	val_Hits(raw)@10:0.7170	val_Mrr_filter:0.4916	val_Hits(filter)@1:0.3754	val_Hits(filter)@3:0.5484	val_Hits(filter)@10:0.7210
Epoch 9 _ Start training:  2024-11-12 23:00:39.766923 =============================================
Epoch 9, loss 2.4908 2024-11-12 23:03:08.228359
	Start validating:  2024-11-12 23:03:08.228431
	train_loss:2.4908	val_loss:3.0814	val_Mrr_raw:0.4827	val_Hits(raw)@1:0.3555	val_Hits(raw)@3:0.5538	val_Hits(raw)@10:0.7282	val_Mrr_filter:0.5029	val_Hits(filter)@1:0.3836	val_Hits(filter)@3:0.5671	val_Hits(filter)@10:0.7330
	Start testing:  2024-11-12 23:03:32.026501
	val_loss:3.0478	val_Mrr_raw:0.4783	val_Hits(raw)@1:0.3546	val_Hits(raw)@3:0.5409	val_Hits(raw)@10:0.7192	val_Mrr_filter:0.4921	val_Hits(filter)@1:0.3738	val_Hits(filter)@3:0.5506	val_Hits(filter)@10:0.7235
Epoch 10 _ Start training:  2024-11-12 23:03:56.205475 =============================================
Epoch 10, loss 2.3964 2024-11-12 23:06:30.698028
	Start validating:  2024-11-12 23:06:30.699860
	train_loss:2.3964	val_loss:3.1077	val_Mrr_raw:0.4837	val_Hits(raw)@1:0.3567	val_Hits(raw)@3:0.5576	val_Hits(raw)@10:0.7286	val_Mrr_filter:0.5036	val_Hits(filter)@1:0.3845	val_Hits(filter)@3:0.5699	val_Hits(filter)@10:0.7329
	Start testing:  2024-11-12 23:06:54.364502
	val_loss:3.0714	val_Mrr_raw:0.4822	val_Hits(raw)@1:0.3594	val_Hits(raw)@3:0.5444	val_Hits(raw)@10:0.7236	val_Mrr_filter:0.4966	val_Hits(filter)@1:0.3795	val_Hits(filter)@3:0.5546	val_Hits(filter)@10:0.7272
Epoch 11 _ Start training:  2024-11-12 23:07:17.539933 =============================================
Epoch 11, loss 2.3148 2024-11-12 23:09:42.571035
	Start validating:  2024-11-12 23:09:42.571114
	train_loss:2.3148	val_loss:3.1116	val_Mrr_raw:0.4834	val_Hits(raw)@1:0.3565	val_Hits(raw)@3:0.5532	val_Hits(raw)@10:0.7296	val_Mrr_filter:0.5035	val_Hits(filter)@1:0.3846	val_Hits(filter)@3:0.5680	val_Hits(filter)@10:0.7339
	Start testing:  2024-11-12 23:10:06.133277
	val_loss:3.0706	val_Mrr_raw:0.4832	val_Hits(raw)@1:0.3605	val_Hits(raw)@3:0.5463	val_Hits(raw)@10:0.7228	val_Mrr_filter:0.4973	val_Hits(filter)@1:0.3801	val_Hits(filter)@3:0.5558	val_Hits(filter)@10:0.7272
Epoch 12 _ Start training:  2024-11-12 23:10:29.378521 =============================================
Epoch 12, loss 2.2366 2024-11-12 23:12:55.650024
	Start validating:  2024-11-12 23:12:55.650140
	train_loss:2.2366	val_loss:3.1385	val_Mrr_raw:0.4875	val_Hits(raw)@1:0.3609	val_Hits(raw)@3:0.5564	val_Hits(raw)@10:0.7320	val_Mrr_filter:0.5079	val_Hits(filter)@1:0.3902	val_Hits(filter)@3:0.5698	val_Hits(filter)@10:0.7360
	Start testing:  2024-11-12 23:13:19.948711
	val_loss:3.1042	val_Mrr_raw:0.4836	val_Hits(raw)@1:0.3612	val_Hits(raw)@3:0.5487	val_Hits(raw)@10:0.7239	val_Mrr_filter:0.4979	val_Hits(filter)@1:0.3814	val_Hits(filter)@3:0.5586	val_Hits(filter)@10:0.7278
Epoch 13 _ Start training:  2024-11-12 23:13:43.582108 =============================================
Epoch 13, loss 2.1656 2024-11-12 23:16:09.668722
	Start validating:  2024-11-12 23:16:09.668833
	train_loss:2.1656	val_loss:3.1523	val_Mrr_raw:0.4866	val_Hits(raw)@1:0.3596	val_Hits(raw)@3:0.5586	val_Hits(raw)@10:0.7277	val_Mrr_filter:0.5067	val_Hits(filter)@1:0.3879	val_Hits(filter)@3:0.5719	val_Hits(filter)@10:0.7320
	Start testing:  2024-11-12 23:16:33.769536
	val_loss:3.1347	val_Mrr_raw:0.4811	val_Hits(raw)@1:0.3571	val_Hits(raw)@3:0.5476	val_Hits(raw)@10:0.7206	val_Mrr_filter:0.4951	val_Hits(filter)@1:0.3766	val_Hits(filter)@3:0.5568	val_Hits(filter)@10:0.7249
Epoch 14 _ Start training:  2024-11-12 23:16:56.956957 =============================================
Epoch 14, loss 2.1030 2024-11-12 23:19:27.755918
	Start validating:  2024-11-12 23:19:27.755989
	train_loss:2.1030	val_loss:3.2180	val_Mrr_raw:0.4825	val_Hits(raw)@1:0.3561	val_Hits(raw)@3:0.5520	val_Hits(raw)@10:0.7288	val_Mrr_filter:0.5013	val_Hits(filter)@1:0.3813	val_Hits(filter)@3:0.5674	val_Hits(filter)@10:0.7326
	Start testing:  2024-11-12 23:19:51.382874
	val_loss:3.1900	val_Mrr_raw:0.4784	val_Hits(raw)@1:0.3544	val_Hits(raw)@3:0.5441	val_Hits(raw)@10:0.7206	val_Mrr_filter:0.4927	val_Hits(filter)@1:0.3742	val_Hits(filter)@3:0.5543	val_Hits(filter)@10:0.7253
Epoch 15 _ Start training:  2024-11-12 23:20:14.705052 =============================================
Epoch 15, loss 2.0472 2024-11-12 23:22:44.432772
	Start validating:  2024-11-12 23:22:44.432900
	train_loss:2.0472	val_loss:3.2507	val_Mrr_raw:0.4846	val_Hits(raw)@1:0.3571	val_Hits(raw)@3:0.5570	val_Hits(raw)@10:0.7286	val_Mrr_filter:0.5047	val_Hits(filter)@1:0.3851	val_Hits(filter)@3:0.5699	val_Hits(filter)@10:0.7326
	Start testing:  2024-11-12 23:23:08.201653
	val_loss:3.2429	val_Mrr_raw:0.4784	val_Hits(raw)@1:0.3549	val_Hits(raw)@3:0.5462	val_Hits(raw)@10:0.7192	val_Mrr_filter:0.4928	val_Hits(filter)@1:0.3751	val_Hits(filter)@3:0.5549	val_Hits(filter)@10:0.7222
Epoch 16 _ Start training:  2024-11-12 23:23:31.832063 =============================================
Epoch 16, loss 1.9943 2024-11-12 23:26:00.762535
	Start validating:  2024-11-12 23:26:00.762681
	train_loss:1.9943	val_loss:3.2603	val_Mrr_raw:0.4837	val_Hits(raw)@1:0.3572	val_Hits(raw)@3:0.5554	val_Hits(raw)@10:0.7276	val_Mrr_filter:0.5033	val_Hits(filter)@1:0.3848	val_Hits(filter)@3:0.5689	val_Hits(filter)@10:0.7316
	Start testing:  2024-11-12 23:26:24.444981
	val_loss:3.2329	val_Mrr_raw:0.4793	val_Hits(raw)@1:0.3559	val_Hits(raw)@3:0.5431	val_Hits(raw)@10:0.7188	val_Mrr_filter:0.4928	val_Hits(filter)@1:0.3743	val_Hits(filter)@3:0.5534	val_Hits(filter)@10:0.7226
Epoch 17 _ Start training:  2024-11-12 23:26:47.728340 =============================================
Epoch 17, loss 1.9456 2024-11-12 23:29:12.904505
	Start validating:  2024-11-12 23:29:12.904750
	train_loss:1.9456	val_loss:3.2826	val_Mrr_raw:0.4856	val_Hits(raw)@1:0.3590	val_Hits(raw)@3:0.5586	val_Hits(raw)@10:0.7287	val_Mrr_filter:0.5049	val_Hits(filter)@1:0.3857	val_Hits(filter)@3:0.5719	val_Hits(filter)@10:0.7336
	Start testing:  2024-11-12 23:29:36.630211
	val_loss:3.2456	val_Mrr_raw:0.4813	val_Hits(raw)@1:0.3582	val_Hits(raw)@3:0.5471	val_Hits(raw)@10:0.7193	val_Mrr_filter:0.4953	val_Hits(filter)@1:0.3776	val_Hits(filter)@3:0.5563	val_Hits(filter)@10:0.7226
Epoch 18 _ Start training:  2024-11-12 23:29:59.877185 =============================================
Epoch 18, loss 1.8958 2024-11-12 23:32:24.098076
	Start validating:  2024-11-12 23:32:24.098216
	train_loss:1.8958	val_loss:3.2719	val_Mrr_raw:0.4816	val_Hits(raw)@1:0.3558	val_Hits(raw)@3:0.5521	val_Hits(raw)@10:0.7246	val_Mrr_filter:0.5007	val_Hits(filter)@1:0.3819	val_Hits(filter)@3:0.5662	val_Hits(filter)@10:0.7293
	Start testing:  2024-11-12 23:32:47.805336
	val_loss:3.2596	val_Mrr_raw:0.4757	val_Hits(raw)@1:0.3537	val_Hits(raw)@3:0.5393	val_Hits(raw)@10:0.7124	val_Mrr_filter:0.4889	val_Hits(filter)@1:0.3716	val_Hits(filter)@3:0.5501	val_Hits(filter)@10:0.7154
Epoch 19 _ Start training:  2024-11-12 23:33:10.957848 =============================================
Epoch 19, loss 1.8560 2024-11-12 23:35:35.544747
	Start validating:  2024-11-12 23:35:35.544843
	train_loss:1.8560	val_loss:3.3366	val_Mrr_raw:0.4797	val_Hits(raw)@1:0.3538	val_Hits(raw)@3:0.5515	val_Hits(raw)@10:0.7219	val_Mrr_filter:0.4984	val_Hits(filter)@1:0.3791	val_Hits(filter)@3:0.5659	val_Hits(filter)@10:0.7265
	Start testing:  2024-11-12 23:35:59.226712
	val_loss:3.3080	val_Mrr_raw:0.4745	val_Hits(raw)@1:0.3531	val_Hits(raw)@3:0.5380	val_Hits(raw)@10:0.7118	val_Mrr_filter:0.4870	val_Hits(filter)@1:0.3698	val_Hits(filter)@3:0.5471	val_Hits(filter)@10:0.7158
Logging to results/g_0_ICEWS14s_short_True_short-model_regcn_long_True_f_gate_fr_gate_ta_0.7_gnn1_regcn_2_gnn2_rgat_r1_3_seq_regcn_1_max_length_10_fil_False_ori_Falselast_True
use layer :uvrgcn
activate function: <function rrelu at 0x7f903cb89300>
pe_dim in UnionRGCNLayer==> 2
activate function: <function rrelu at 0x7f903cb89300>
pe_dim in UnionRGCNLayer==> 2
use layer :uvrgcn
activate function: <function rrelu at 0x7f903cb89300>
pe_dim in UnionRGCNLayer==> 2
activate function: <function rrelu at 0x7f903cb89300>
pe_dim in UnionRGCNLayer==> 2
Epoch 0 _ Start training:  2024-11-12 23:36:22.719903 =============================================
Epoch 0, loss 4.6643 2024-11-12 23:38:58.853305
	Start validating:  2024-11-12 23:38:58.853392
	train_loss:4.6643	val_loss:3.8707	val_Mrr_raw:0.3130	val_Hits(raw)@1:0.2124	val_Hits(raw)@3:0.3429	val_Hits(raw)@10:0.5130	val_Mrr_filter:0.3238	val_Hits(filter)@1:0.2270	val_Hits(filter)@3:0.3526	val_Hits(filter)@10:0.5169
	Start testing:  2024-11-12 23:39:22.611283
	val_loss:3.8704	val_Mrr_raw:0.3076	val_Hits(raw)@1:0.2077	val_Hits(raw)@3:0.3341	val_Hits(raw)@10:0.5063	val_Mrr_filter:0.3140	val_Hits(filter)@1:0.2160	val_Hits(filter)@3:0.3380	val_Hits(filter)@10:0.5096
Epoch 1 _ Start training:  2024-11-12 23:39:46.119805 =============================================
Epoch 1, loss 3.8029 2024-11-12 23:42:20.291979
	Start validating:  2024-11-12 23:42:20.292124
	train_loss:3.8029	val_loss:3.5363	val_Mrr_raw:0.3776	val_Hits(raw)@1:0.2649	val_Hits(raw)@3:0.4251	val_Hits(raw)@10:0.5995	val_Mrr_filter:0.3918	val_Hits(filter)@1:0.2842	val_Hits(filter)@3:0.4343	val_Hits(filter)@10:0.6039
	Start testing:  2024-11-12 23:42:44.133517
	val_loss:3.5299	val_Mrr_raw:0.3732	val_Hits(raw)@1:0.2624	val_Hits(raw)@3:0.4132	val_Hits(raw)@10:0.5955	val_Mrr_filter:0.3821	val_Hits(filter)@1:0.2747	val_Hits(filter)@3:0.4202	val_Hits(filter)@10:0.5990
Epoch 2 _ Start training:  2024-11-12 23:43:07.646175 =============================================
Epoch 2, loss 3.4890 2024-11-12 23:45:41.933514
	Start validating:  2024-11-12 23:45:41.933602
	train_loss:3.4890	val_loss:3.3231	val_Mrr_raw:0.4164	val_Hits(raw)@1:0.2989	val_Hits(raw)@3:0.4675	val_Hits(raw)@10:0.6467	val_Mrr_filter:0.4334	val_Hits(filter)@1:0.3234	val_Hits(filter)@3:0.4779	val_Hits(filter)@10:0.6509
	Start testing:  2024-11-12 23:46:05.738400
	val_loss:3.3093	val_Mrr_raw:0.4084	val_Hits(raw)@1:0.2896	val_Hits(raw)@3:0.4554	val_Hits(raw)@10:0.6464	val_Mrr_filter:0.4201	val_Hits(filter)@1:0.3061	val_Hits(filter)@3:0.4645	val_Hits(filter)@10:0.6502
Epoch 3 _ Start training:  2024-11-12 23:46:29.277137 =============================================
Epoch 3, loss 3.2776 2024-11-12 23:49:03.946563
	Start validating:  2024-11-12 23:49:03.946652
	train_loss:3.2776	val_loss:3.2175	val_Mrr_raw:0.4345	val_Hits(raw)@1:0.3121	val_Hits(raw)@3:0.4894	val_Hits(raw)@10:0.6761	val_Mrr_filter:0.4521	val_Hits(filter)@1:0.3366	val_Hits(filter)@3:0.5014	val_Hits(filter)@10:0.6802
	Start testing:  2024-11-12 23:49:27.645948
	val_loss:3.1929	val_Mrr_raw:0.4331	val_Hits(raw)@1:0.3126	val_Hits(raw)@3:0.4864	val_Hits(raw)@10:0.6705	val_Mrr_filter:0.4457	val_Hits(filter)@1:0.3303	val_Hits(filter)@3:0.4955	val_Hits(filter)@10:0.6738
Epoch 4 _ Start training:  2024-11-12 23:49:51.234789 =============================================
Epoch 4, loss 3.1110 2024-11-12 23:52:26.874749
	Start validating:  2024-11-12 23:52:26.874907
	train_loss:3.1110	val_loss:3.1429	val_Mrr_raw:0.4530	val_Hits(raw)@1:0.3303	val_Hits(raw)@3:0.5119	val_Hits(raw)@10:0.6956	val_Mrr_filter:0.4714	val_Hits(filter)@1:0.3561	val_Hits(filter)@3:0.5251	val_Hits(filter)@10:0.6998
	Start testing:  2024-11-12 23:52:50.763642
	val_loss:3.1138	val_Mrr_raw:0.4501	val_Hits(raw)@1:0.3260	val_Hits(raw)@3:0.5132	val_Hits(raw)@10:0.6904	val_Mrr_filter:0.4631	val_Hits(filter)@1:0.3437	val_Hits(filter)@3:0.5238	val_Hits(filter)@10:0.6933
Epoch 5 _ Start training:  2024-11-12 23:53:14.345186 =============================================
Epoch 5, loss 2.9662 2024-11-12 23:55:49.017729
	Start validating:  2024-11-12 23:55:49.017818
	train_loss:2.9662	val_loss:3.1089	val_Mrr_raw:0.4592	val_Hits(raw)@1:0.3349	val_Hits(raw)@3:0.5191	val_Hits(raw)@10:0.7023	val_Mrr_filter:0.4780	val_Hits(filter)@1:0.3610	val_Hits(filter)@3:0.5338	val_Hits(filter)@10:0.7065
	Start testing:  2024-11-12 23:56:12.914345
	val_loss:3.0693	val_Mrr_raw:0.4594	val_Hits(raw)@1:0.3349	val_Hits(raw)@3:0.5209	val_Hits(raw)@10:0.7000	val_Mrr_filter:0.4734	val_Hits(filter)@1:0.3548	val_Hits(filter)@3:0.5307	val_Hits(filter)@10:0.7036
Epoch 6 _ Start training:  2024-11-12 23:56:36.407627 =============================================
Epoch 6, loss 2.8356 2024-11-12 23:59:10.655116
	Start validating:  2024-11-12 23:59:10.655236
	train_loss:2.8356	val_loss:3.1025	val_Mrr_raw:0.4647	val_Hits(raw)@1:0.3397	val_Hits(raw)@3:0.5281	val_Hits(raw)@10:0.7107	val_Mrr_filter:0.4834	val_Hits(filter)@1:0.3650	val_Hits(filter)@3:0.5414	val_Hits(filter)@10:0.7148
	Start testing:  2024-11-12 23:59:34.444647
	val_loss:3.0645	val_Mrr_raw:0.4659	val_Hits(raw)@1:0.3418	val_Hits(raw)@3:0.5304	val_Hits(raw)@10:0.7036	val_Mrr_filter:0.4808	val_Hits(filter)@1:0.3634	val_Hits(filter)@3:0.5393	val_Hits(filter)@10:0.7070
Epoch 7 _ Start training:  2024-11-12 23:59:58.027774 =============================================
Epoch 7, loss 2.7129 2024-11-13 00:02:32.977635
	Start validating:  2024-11-13 00:02:32.977724
	train_loss:2.7129	val_loss:3.0911	val_Mrr_raw:0.4735	val_Hits(raw)@1:0.3473	val_Hits(raw)@3:0.5392	val_Hits(raw)@10:0.7185	val_Mrr_filter:0.4931	val_Hits(filter)@1:0.3747	val_Hits(filter)@3:0.5529	val_Hits(filter)@10:0.7228
	Start testing:  2024-11-13 00:02:56.805474
	val_loss:3.0454	val_Mrr_raw:0.4724	val_Hits(raw)@1:0.3478	val_Hits(raw)@3:0.5344	val_Hits(raw)@10:0.7163	val_Mrr_filter:0.4863	val_Hits(filter)@1:0.3673	val_Hits(filter)@3:0.5437	val_Hits(filter)@10:0.7191
Epoch 8 _ Start training:  2024-11-13 00:03:20.373347 =============================================
Epoch 8, loss 2.6045 2024-11-13 00:05:54.581613
	Start validating:  2024-11-13 00:05:54.581701
	train_loss:2.6045	val_loss:3.0743	val_Mrr_raw:0.4788	val_Hits(raw)@1:0.3525	val_Hits(raw)@3:0.5465	val_Hits(raw)@10:0.7253	val_Mrr_filter:0.4981	val_Hits(filter)@1:0.3792	val_Hits(filter)@3:0.5600	val_Hits(filter)@10:0.7299
	Start testing:  2024-11-13 00:06:18.370946
	val_loss:3.0350	val_Mrr_raw:0.4775	val_Hits(raw)@1:0.3506	val_Hits(raw)@3:0.5442	val_Hits(raw)@10:0.7207	val_Mrr_filter:0.4916	val_Hits(filter)@1:0.3702	val_Hits(filter)@3:0.5543	val_Hits(filter)@10:0.7245
Epoch 9 _ Start training:  2024-11-13 00:06:41.892942 =============================================
Epoch 9, loss 2.5033 2024-11-13 00:09:16.257353
	Start validating:  2024-11-13 00:09:16.257586
	train_loss:2.5033	val_loss:3.0862	val_Mrr_raw:0.4809	val_Hits(raw)@1:0.3548	val_Hits(raw)@3:0.5493	val_Hits(raw)@10:0.7258	val_Mrr_filter:0.5001	val_Hits(filter)@1:0.3817	val_Hits(filter)@3:0.5644	val_Hits(filter)@10:0.7306
	Start testing:  2024-11-13 00:09:40.011307
	val_loss:3.0424	val_Mrr_raw:0.4806	val_Hits(raw)@1:0.3569	val_Hits(raw)@3:0.5440	val_Hits(raw)@10:0.7224	val_Mrr_filter:0.4948	val_Hits(filter)@1:0.3770	val_Hits(filter)@3:0.5553	val_Hits(filter)@10:0.7268
Epoch 10 _ Start training:  2024-11-13 00:10:03.628786 =============================================
Epoch 10, loss 2.4109 2024-11-13 00:12:37.587142
	Start validating:  2024-11-13 00:12:37.587229
	train_loss:2.4109	val_loss:3.1221	val_Mrr_raw:0.4810	val_Hits(raw)@1:0.3548	val_Hits(raw)@3:0.5503	val_Hits(raw)@10:0.7276	val_Mrr_filter:0.5008	val_Hits(filter)@1:0.3824	val_Hits(filter)@3:0.5632	val_Hits(filter)@10:0.7322
	Start testing:  2024-11-13 00:13:01.405428
	val_loss:3.0749	val_Mrr_raw:0.4796	val_Hits(raw)@1:0.3553	val_Hits(raw)@3:0.5445	val_Hits(raw)@10:0.7221	val_Mrr_filter:0.4944	val_Hits(filter)@1:0.3761	val_Hits(filter)@3:0.5554	val_Hits(filter)@10:0.7256
Epoch 11 _ Start training:  2024-11-13 00:13:25.012408 =============================================
Epoch 11, loss 2.3303 2024-11-13 00:15:58.567139
	Start validating:  2024-11-13 00:15:58.567305
	train_loss:2.3303	val_loss:3.1186	val_Mrr_raw:0.4819	val_Hits(raw)@1:0.3558	val_Hits(raw)@3:0.5501	val_Hits(raw)@10:0.7264	val_Mrr_filter:0.5017	val_Hits(filter)@1:0.3840	val_Hits(filter)@3:0.5632	val_Hits(filter)@10:0.7307
	Start testing:  2024-11-13 00:16:22.333926
	val_loss:3.0692	val_Mrr_raw:0.4826	val_Hits(raw)@1:0.3569	val_Hits(raw)@3:0.5492	val_Hits(raw)@10:0.7259	val_Mrr_filter:0.4963	val_Hits(filter)@1:0.3761	val_Hits(filter)@3:0.5592	val_Hits(filter)@10:0.7298
Epoch 12 _ Start training:  2024-11-13 00:16:45.841766 =============================================
Epoch 12, loss 2.2508 2024-11-13 00:19:19.165546
	Start validating:  2024-11-13 00:19:19.165703
	train_loss:2.2508	val_loss:3.1520	val_Mrr_raw:0.4805	val_Hits(raw)@1:0.3533	val_Hits(raw)@3:0.5499	val_Hits(raw)@10:0.7271	val_Mrr_filter:0.5000	val_Hits(filter)@1:0.3811	val_Hits(filter)@3:0.5627	val_Hits(filter)@10:0.7309
	Start testing:  2024-11-13 00:19:42.984077
	val_loss:3.1073	val_Mrr_raw:0.4829	val_Hits(raw)@1:0.3594	val_Hits(raw)@3:0.5467	val_Hits(raw)@10:0.7216	val_Mrr_filter:0.4971	val_Hits(filter)@1:0.3799	val_Hits(filter)@3:0.5562	val_Hits(filter)@10:0.7251
Epoch 13 _ Start training:  2024-11-13 00:20:06.356887 =============================================
Epoch 13, loss 2.1858 2024-11-13 00:22:40.645624
	Start validating:  2024-11-13 00:22:40.645948
	train_loss:2.1858	val_loss:3.1858	val_Mrr_raw:0.4798	val_Hits(raw)@1:0.3534	val_Hits(raw)@3:0.5471	val_Hits(raw)@10:0.7266	val_Mrr_filter:0.4995	val_Hits(filter)@1:0.3814	val_Hits(filter)@3:0.5614	val_Hits(filter)@10:0.7307
	Start testing:  2024-11-13 00:23:04.416613
	val_loss:3.1481	val_Mrr_raw:0.4790	val_Hits(raw)@1:0.3566	val_Hits(raw)@3:0.5433	val_Hits(raw)@10:0.7158	val_Mrr_filter:0.4936	val_Hits(filter)@1:0.3775	val_Hits(filter)@3:0.5524	val_Hits(filter)@10:0.7197
Epoch 14 _ Start training:  2024-11-13 00:23:27.966612 =============================================
Epoch 14, loss 2.1201 2024-11-13 00:26:02.025113
	Start validating:  2024-11-13 00:26:02.025201
	train_loss:2.1201	val_loss:3.2246	val_Mrr_raw:0.4805	val_Hits(raw)@1:0.3525	val_Hits(raw)@3:0.5531	val_Hits(raw)@10:0.7269	val_Mrr_filter:0.4998	val_Hits(filter)@1:0.3795	val_Hits(filter)@3:0.5671	val_Hits(filter)@10:0.7309
	Start testing:  2024-11-13 00:26:25.735703
	val_loss:3.1839	val_Mrr_raw:0.4822	val_Hits(raw)@1:0.3601	val_Hits(raw)@3:0.5459	val_Hits(raw)@10:0.7182	val_Mrr_filter:0.4962	val_Hits(filter)@1:0.3797	val_Hits(filter)@3:0.5556	val_Hits(filter)@10:0.7218
Epoch 15 _ Start training:  2024-11-13 00:26:49.316431 =============================================
Epoch 15, loss 2.0657 2024-11-13 00:29:24.964930
	Start validating:  2024-11-13 00:29:24.965018
	train_loss:2.0657	val_loss:3.2630	val_Mrr_raw:0.4833	val_Hits(raw)@1:0.3566	val_Hits(raw)@3:0.5563	val_Hits(raw)@10:0.7260	val_Mrr_filter:0.5032	val_Hits(filter)@1:0.3851	val_Hits(filter)@3:0.5708	val_Hits(filter)@10:0.7304
	Start testing:  2024-11-13 00:29:48.790382
	val_loss:3.2454	val_Mrr_raw:0.4783	val_Hits(raw)@1:0.3549	val_Hits(raw)@3:0.5466	val_Hits(raw)@10:0.7190	val_Mrr_filter:0.4916	val_Hits(filter)@1:0.3733	val_Hits(filter)@3:0.5559	val_Hits(filter)@10:0.7224
Epoch 16 _ Start training:  2024-11-13 00:30:12.248782 =============================================
Epoch 16, loss 2.0114 2024-11-13 00:32:46.372879
	Start validating:  2024-11-13 00:32:46.373048
	train_loss:2.0114	val_loss:3.2724	val_Mrr_raw:0.4790	val_Hits(raw)@1:0.3513	val_Hits(raw)@3:0.5507	val_Hits(raw)@10:0.7251	val_Mrr_filter:0.4986	val_Hits(filter)@1:0.3790	val_Hits(filter)@3:0.5645	val_Hits(filter)@10:0.7294
	Start testing:  2024-11-13 00:33:10.209321
	val_loss:3.2537	val_Mrr_raw:0.4767	val_Hits(raw)@1:0.3529	val_Hits(raw)@3:0.5416	val_Hits(raw)@10:0.7182	val_Mrr_filter:0.4903	val_Hits(filter)@1:0.3723	val_Hits(filter)@3:0.5509	val_Hits(filter)@10:0.7219
Epoch 17 _ Start training:  2024-11-13 00:33:33.628634 =============================================
Epoch 17, loss 1.9661 2024-11-13 00:36:07.171589
	Start validating:  2024-11-13 00:36:07.171676
	train_loss:1.9661	val_loss:3.2696	val_Mrr_raw:0.4791	val_Hits(raw)@1:0.3523	val_Hits(raw)@3:0.5499	val_Hits(raw)@10:0.7229	val_Mrr_filter:0.4981	val_Hits(filter)@1:0.3784	val_Hits(filter)@3:0.5645	val_Hits(filter)@10:0.7273
	Start testing:  2024-11-13 00:36:31.019989
	val_loss:3.2438	val_Mrr_raw:0.4764	val_Hits(raw)@1:0.3537	val_Hits(raw)@3:0.5401	val_Hits(raw)@10:0.7189	val_Mrr_filter:0.4893	val_Hits(filter)@1:0.3706	val_Hits(filter)@3:0.5505	val_Hits(filter)@10:0.7221
Epoch 18 _ Start training:  2024-11-13 00:36:54.452878 =============================================
Epoch 18, loss 1.9225 2024-11-13 00:39:27.665854
	Start validating:  2024-11-13 00:39:27.665970
	train_loss:1.9225	val_loss:3.3035	val_Mrr_raw:0.4785	val_Hits(raw)@1:0.3511	val_Hits(raw)@3:0.5509	val_Hits(raw)@10:0.7229	val_Mrr_filter:0.4979	val_Hits(filter)@1:0.3781	val_Hits(filter)@3:0.5653	val_Hits(filter)@10:0.7277
	Start testing:  2024-11-13 00:39:51.506702
	val_loss:3.2904	val_Mrr_raw:0.4748	val_Hits(raw)@1:0.3533	val_Hits(raw)@3:0.5370	val_Hits(raw)@10:0.7120	val_Mrr_filter:0.4882	val_Hits(filter)@1:0.3720	val_Hits(filter)@3:0.5457	val_Hits(filter)@10:0.7156
Epoch 19 _ Start training:  2024-11-13 00:40:14.877552 =============================================
Epoch 19, loss 1.8782 2024-11-13 00:42:49.315289
	Start validating:  2024-11-13 00:42:49.315434
	train_loss:1.8782	val_loss:3.3065	val_Mrr_raw:0.4774	val_Hits(raw)@1:0.3520	val_Hits(raw)@3:0.5447	val_Hits(raw)@10:0.7214	val_Mrr_filter:0.4962	val_Hits(filter)@1:0.3783	val_Hits(filter)@3:0.5596	val_Hits(filter)@10:0.7253
	Start testing:  2024-11-13 00:43:13.062802
	val_loss:3.2792	val_Mrr_raw:0.4763	val_Hits(raw)@1:0.3530	val_Hits(raw)@3:0.5423	val_Hits(raw)@10:0.7169	val_Mrr_filter:0.4894	val_Hits(filter)@1:0.3715	val_Hits(filter)@3:0.5524	val_Hits(filter)@10:0.7209
Logging to results/g_0_ICEWS14s_short_True_short-model_regcn_long_True_f_gate_fr_gate_ta_0.7_gnn1_regcn_2_gnn2_rgat_r1_3_seq_regcn_1_max_length_10_fil_False_ori_Falselast_True
use layer :uvrgcn
activate function: <function rrelu at 0x7f903cb89300>
pe_dim in UnionRGCNLayer==> 2
activate function: <function rrelu at 0x7f903cb89300>
pe_dim in UnionRGCNLayer==> 2
use layer :uvrgcn
activate function: <function rrelu at 0x7f903cb89300>
pe_dim in UnionRGCNLayer==> 2
activate function: <function rrelu at 0x7f903cb89300>
pe_dim in UnionRGCNLayer==> 2
Epoch 0 _ Start training:  2024-11-13 00:43:36.678124 =============================================
Epoch 0, loss 4.6538 2024-11-13 00:46:41.391962
	Start validating:  2024-11-13 00:46:41.392089
	train_loss:4.6538	val_loss:3.8421	val_Mrr_raw:0.3201	val_Hits(raw)@1:0.2176	val_Hits(raw)@3:0.3523	val_Hits(raw)@10:0.5214	val_Mrr_filter:0.3315	val_Hits(filter)@1:0.2333	val_Hits(filter)@3:0.3611	val_Hits(filter)@10:0.5246
	Start testing:  2024-11-13 00:47:06.195486
	val_loss:3.8893	val_Mrr_raw:0.3051	val_Hits(raw)@1:0.2070	val_Hits(raw)@3:0.3290	val_Hits(raw)@10:0.4976	val_Mrr_filter:0.3119	val_Hits(filter)@1:0.2165	val_Hits(filter)@3:0.3347	val_Hits(filter)@10:0.5009
Epoch 1 _ Start training:  2024-11-13 00:47:30.449664 =============================================
Epoch 1, loss 3.7894 2024-11-13 00:50:34.108742
	Start validating:  2024-11-13 00:50:34.108838
	train_loss:3.7894	val_loss:3.5147	val_Mrr_raw:0.3774	val_Hits(raw)@1:0.2635	val_Hits(raw)@3:0.4221	val_Hits(raw)@10:0.6073	val_Mrr_filter:0.3914	val_Hits(filter)@1:0.2825	val_Hits(filter)@3:0.4342	val_Hits(filter)@10:0.6119
	Start testing:  2024-11-13 00:50:58.842255
	val_loss:3.5190	val_Mrr_raw:0.3729	val_Hits(raw)@1:0.2613	val_Hits(raw)@3:0.4117	val_Hits(raw)@10:0.5992	val_Mrr_filter:0.3826	val_Hits(filter)@1:0.2745	val_Hits(filter)@3:0.4198	val_Hits(filter)@10:0.6030
Epoch 2 _ Start training:  2024-11-13 00:51:22.976429 =============================================
Epoch 2, loss 3.4986 2024-11-13 00:54:28.646830
	Start validating:  2024-11-13 00:54:28.646999
	train_loss:3.4986	val_loss:3.3303	val_Mrr_raw:0.4121	val_Hits(raw)@1:0.2965	val_Hits(raw)@3:0.4612	val_Hits(raw)@10:0.6419	val_Mrr_filter:0.4288	val_Hits(filter)@1:0.3199	val_Hits(filter)@3:0.4723	val_Hits(filter)@10:0.6473
	Start testing:  2024-11-13 00:54:53.357867
	val_loss:3.3203	val_Mrr_raw:0.4073	val_Hits(raw)@1:0.2928	val_Hits(raw)@3:0.4503	val_Hits(raw)@10:0.6401	val_Mrr_filter:0.4185	val_Hits(filter)@1:0.3078	val_Hits(filter)@3:0.4598	val_Hits(filter)@10:0.6435
Epoch 3 _ Start training:  2024-11-13 00:55:17.493559 =============================================
Epoch 3, loss 3.2902 2024-11-13 00:58:23.199697
	Start validating:  2024-11-13 00:58:23.199871
	train_loss:3.2902	val_loss:3.2356	val_Mrr_raw:0.4339	val_Hits(raw)@1:0.3140	val_Hits(raw)@3:0.4879	val_Hits(raw)@10:0.6740	val_Mrr_filter:0.4510	val_Hits(filter)@1:0.3373	val_Hits(filter)@3:0.5014	val_Hits(filter)@10:0.6783
	Start testing:  2024-11-13 00:58:47.964489
	val_loss:3.2061	val_Mrr_raw:0.4335	val_Hits(raw)@1:0.3141	val_Hits(raw)@3:0.4853	val_Hits(raw)@10:0.6734	val_Mrr_filter:0.4463	val_Hits(filter)@1:0.3317	val_Hits(filter)@3:0.4941	val_Hits(filter)@10:0.6770
Epoch 4 _ Start training:  2024-11-13 00:59:12.270050 =============================================
Epoch 4, loss 3.1232 2024-11-13 01:02:16.694566
	Start validating:  2024-11-13 01:02:16.694777
	train_loss:3.1232	val_loss:3.1717	val_Mrr_raw:0.4504	val_Hits(raw)@1:0.3293	val_Hits(raw)@3:0.5082	val_Hits(raw)@10:0.6907	val_Mrr_filter:0.4687	val_Hits(filter)@1:0.3549	val_Hits(filter)@3:0.5205	val_Hits(filter)@10:0.6953
	Start testing:  2024-11-13 01:02:41.330268
	val_loss:3.1410	val_Mrr_raw:0.4475	val_Hits(raw)@1:0.3255	val_Hits(raw)@3:0.5038	val_Hits(raw)@10:0.6911	val_Mrr_filter:0.4608	val_Hits(filter)@1:0.3432	val_Hits(filter)@3:0.5155	val_Hits(filter)@10:0.6950
Epoch 5 _ Start training:  2024-11-13 01:03:05.333200 =============================================
Epoch 5, loss 2.9844 2024-11-13 01:06:11.038987
	Start validating:  2024-11-13 01:06:11.039166
	train_loss:2.9844	val_loss:3.1669	val_Mrr_raw:0.4513	val_Hits(raw)@1:0.3255	val_Hits(raw)@3:0.5148	val_Hits(raw)@10:0.6975	val_Mrr_filter:0.4700	val_Hits(filter)@1:0.3517	val_Hits(filter)@3:0.5270	val_Hits(filter)@10:0.7011
	Start testing:  2024-11-13 01:06:35.662308
	val_loss:3.1160	val_Mrr_raw:0.4549	val_Hits(raw)@1:0.3314	val_Hits(raw)@3:0.5151	val_Hits(raw)@10:0.6999	val_Mrr_filter:0.4690	val_Hits(filter)@1:0.3510	val_Hits(filter)@3:0.5249	val_Hits(filter)@10:0.7035
Epoch 6 _ Start training:  2024-11-13 01:06:59.749407 =============================================
Epoch 6, loss 2.8525 2024-11-13 01:10:04.869134
	Start validating:  2024-11-13 01:10:04.869229
	train_loss:2.8525	val_loss:3.1251	val_Mrr_raw:0.4609	val_Hits(raw)@1:0.3363	val_Hits(raw)@3:0.5237	val_Hits(raw)@10:0.7057	val_Mrr_filter:0.4790	val_Hits(filter)@1:0.3611	val_Hits(filter)@3:0.5366	val_Hits(filter)@10:0.7095
	Start testing:  2024-11-13 01:10:29.578762
	val_loss:3.0817	val_Mrr_raw:0.4626	val_Hits(raw)@1:0.3399	val_Hits(raw)@3:0.5213	val_Hits(raw)@10:0.7092	val_Mrr_filter:0.4759	val_Hits(filter)@1:0.3580	val_Hits(filter)@3:0.5319	val_Hits(filter)@10:0.7133
Epoch 7 _ Start training:  2024-11-13 01:10:53.672694 =============================================
Epoch 7, loss 2.7341 2024-11-13 01:13:58.431010
	Start validating:  2024-11-13 01:13:58.431119
	train_loss:2.7341	val_loss:3.1095	val_Mrr_raw:0.4721	val_Hits(raw)@1:0.3473	val_Hits(raw)@3:0.5385	val_Hits(raw)@10:0.7140	val_Mrr_filter:0.4913	val_Hits(filter)@1:0.3744	val_Hits(filter)@3:0.5517	val_Hits(filter)@10:0.7175
	Start testing:  2024-11-13 01:14:23.340128
	val_loss:3.0653	val_Mrr_raw:0.4729	val_Hits(raw)@1:0.3485	val_Hits(raw)@3:0.5339	val_Hits(raw)@10:0.7192	val_Mrr_filter:0.4868	val_Hits(filter)@1:0.3679	val_Hits(filter)@3:0.5440	val_Hits(filter)@10:0.7230
Epoch 8 _ Start training:  2024-11-13 01:14:47.381609 =============================================
Epoch 8, loss 2.6238 2024-11-13 01:17:52.418086
	Start validating:  2024-11-13 01:17:52.418187
	train_loss:2.6238	val_loss:3.1041	val_Mrr_raw:0.4717	val_Hits(raw)@1:0.3457	val_Hits(raw)@3:0.5384	val_Hits(raw)@10:0.7172	val_Mrr_filter:0.4904	val_Hits(filter)@1:0.3723	val_Hits(filter)@3:0.5520	val_Hits(filter)@10:0.7210
	Start testing:  2024-11-13 01:18:17.400360
	val_loss:3.0564	val_Mrr_raw:0.4729	val_Hits(raw)@1:0.3482	val_Hits(raw)@3:0.5364	val_Hits(raw)@10:0.7195	val_Mrr_filter:0.4869	val_Hits(filter)@1:0.3677	val_Hits(filter)@3:0.5463	val_Hits(filter)@10:0.7221
Epoch 9 _ Start training:  2024-11-13 01:18:41.691334 =============================================
Epoch 9, loss 2.5162 2024-11-13 01:21:47.254363
	Start validating:  2024-11-13 01:21:47.254535
	train_loss:2.5162	val_loss:3.1089	val_Mrr_raw:0.4743	val_Hits(raw)@1:0.3485	val_Hits(raw)@3:0.5419	val_Hits(raw)@10:0.7191	val_Mrr_filter:0.4933	val_Hits(filter)@1:0.3749	val_Hits(filter)@3:0.5542	val_Hits(filter)@10:0.7228
	Start testing:  2024-11-13 01:22:12.055194
	val_loss:3.0576	val_Mrr_raw:0.4782	val_Hits(raw)@1:0.3517	val_Hits(raw)@3:0.5442	val_Hits(raw)@10:0.7262	val_Mrr_filter:0.4926	val_Hits(filter)@1:0.3717	val_Hits(filter)@3:0.5561	val_Hits(filter)@10:0.7299
Epoch 10 _ Start training:  2024-11-13 01:22:36.442175 =============================================
Epoch 10, loss 2.4245 2024-11-13 01:25:41.589353
	Start validating:  2024-11-13 01:25:41.589534
	train_loss:2.4245	val_loss:3.1297	val_Mrr_raw:0.4759	val_Hits(raw)@1:0.3476	val_Hits(raw)@3:0.5448	val_Hits(raw)@10:0.7271	val_Mrr_filter:0.4948	val_Hits(filter)@1:0.3739	val_Hits(filter)@3:0.5586	val_Hits(filter)@10:0.7314
	Start testing:  2024-11-13 01:26:06.240642
	val_loss:3.0767	val_Mrr_raw:0.4825	val_Hits(raw)@1:0.3581	val_Hits(raw)@3:0.5487	val_Hits(raw)@10:0.7289	val_Mrr_filter:0.4968	val_Hits(filter)@1:0.3776	val_Hits(filter)@3:0.5596	val_Hits(filter)@10:0.7328
Epoch 11 _ Start training:  2024-11-13 01:26:30.647094 =============================================
Epoch 11, loss 2.3405 2024-11-13 01:29:38.095351
	Start validating:  2024-11-13 01:29:38.095504
	train_loss:2.3405	val_loss:3.1420	val_Mrr_raw:0.4754	val_Hits(raw)@1:0.3481	val_Hits(raw)@3:0.5447	val_Hits(raw)@10:0.7210	val_Mrr_filter:0.4947	val_Hits(filter)@1:0.3754	val_Hits(filter)@3:0.5577	val_Hits(filter)@10:0.7250
	Start testing:  2024-11-13 01:30:02.994767
	val_loss:3.0947	val_Mrr_raw:0.4786	val_Hits(raw)@1:0.3545	val_Hits(raw)@3:0.5425	val_Hits(raw)@10:0.7257	val_Mrr_filter:0.4927	val_Hits(filter)@1:0.3738	val_Hits(filter)@3:0.5532	val_Hits(filter)@10:0.7288
Epoch 12 _ Start training:  2024-11-13 01:30:27.451703 =============================================
Epoch 12, loss 2.2636 2024-11-13 01:33:33.434525
	Start validating:  2024-11-13 01:33:33.434831
	train_loss:2.2636	val_loss:3.1831	val_Mrr_raw:0.4732	val_Hits(raw)@1:0.3485	val_Hits(raw)@3:0.5397	val_Hits(raw)@10:0.7176	val_Mrr_filter:0.4917	val_Hits(filter)@1:0.3743	val_Hits(filter)@3:0.5530	val_Hits(filter)@10:0.7219
	Start testing:  2024-11-13 01:33:58.197140
	val_loss:3.1212	val_Mrr_raw:0.4784	val_Hits(raw)@1:0.3531	val_Hits(raw)@3:0.5430	val_Hits(raw)@10:0.7265	val_Mrr_filter:0.4921	val_Hits(filter)@1:0.3721	val_Hits(filter)@3:0.5528	val_Hits(filter)@10:0.7296
Epoch 13 _ Start training:  2024-11-13 01:34:22.440818 =============================================
Epoch 13, loss 2.1908 2024-11-13 01:37:27.762396
	Start validating:  2024-11-13 01:37:27.762549
	train_loss:2.1908	val_loss:3.1987	val_Mrr_raw:0.4776	val_Hits(raw)@1:0.3510	val_Hits(raw)@3:0.5482	val_Hits(raw)@10:0.7237	val_Mrr_filter:0.4963	val_Hits(filter)@1:0.3772	val_Hits(filter)@3:0.5627	val_Hits(filter)@10:0.7286
	Start testing:  2024-11-13 01:37:52.564468
	val_loss:3.1351	val_Mrr_raw:0.4809	val_Hits(raw)@1:0.3540	val_Hits(raw)@3:0.5490	val_Hits(raw)@10:0.7289	val_Mrr_filter:0.4948	val_Hits(filter)@1:0.3731	val_Hits(filter)@3:0.5595	val_Hits(filter)@10:0.7317
Epoch 14 _ Start training:  2024-11-13 01:38:16.754574 =============================================
Epoch 14, loss 2.1290 2024-11-13 01:41:22.179728
	Start validating:  2024-11-13 01:41:22.179947
	train_loss:2.1290	val_loss:3.2375	val_Mrr_raw:0.4777	val_Hits(raw)@1:0.3522	val_Hits(raw)@3:0.5466	val_Hits(raw)@10:0.7215	val_Mrr_filter:0.4967	val_Hits(filter)@1:0.3793	val_Hits(filter)@3:0.5590	val_Hits(filter)@10:0.7255
	Start testing:  2024-11-13 01:41:47.597109
	val_loss:3.1720	val_Mrr_raw:0.4809	val_Hits(raw)@1:0.3545	val_Hits(raw)@3:0.5497	val_Hits(raw)@10:0.7250	val_Mrr_filter:0.4949	val_Hits(filter)@1:0.3739	val_Hits(filter)@3:0.5595	val_Hits(filter)@10:0.7287
Epoch 15 _ Start training:  2024-11-13 01:42:12.392502 =============================================
