../bertintkg/data/ICEWS14s
# Sanity Check:  entities: 7128
# Sanity Check:  relations: 230
# Sanity Check:  edges: 74845
../bertintkg/data/ICEWS14s
# Sanity Check:  entities: 7128
# Sanity Check:  relations: 230
# Sanity Check:  edges: 74845
# Sanity Check:  ave node num : 226.654605, ave rel num : 92.960526, snapshots num: 0304, max edges num: 0389, min edges num: 0093, max union rate: 1.0000, min union rate: 1.0000
# Sanity Check:  ave node num : 242.866667, ave rel num : 100.400000, snapshots num: 0030, max edges num: 0398, min edges num: 0159, max union rate: 1.0000, min union rate: 1.0000
# Sanity Check:  ave node num : 219.677419, ave rel num : 91.935484, snapshots num: 0031, max edges num: 0357, min edges num: 0112, max union rate: 1.0000, min union rate: 1.0000
# Sanity Check:  ave node num : 219.677419, ave rel num : 91.935484, snapshots num: 0031, max edges num: 0357, min edges num: 0112, max union rate: 1.0000, min union rate: 1.0000
# Sanity Check:  ave node num : 219.677419, ave rel num : 91.935484, snapshots num: 0031, max edges num: 0357, min edges num: 0112, max union rate: 1.0000, min union rate: 1.0000
# Sanity Check:  ave node num : 242.866667, ave rel num : 100.400000, snapshots num: 0030, max edges num: 0398, min edges num: 0159, max union rate: 1.0000, min union rate: 1.0000
# Sanity Check:  ave node num : 242.866667, ave rel num : 100.400000, snapshots num: 0030, max edges num: 0398, min edges num: 0159, max union rate: 1.0000, min union rate: 1.0000
False -------------------------------
{'gpu': '1', 'dataset': 'ICEWS14s', 'n_layers': 2, 'self_loop': True, 'layer_norm': False, 'relation_prediction': True, 'entity_prediction': False, 'n_epochs': 20, 'lr': 0.001, 'grad_norm': 1.0, 'n_hidden': 200, 'k_hop': 2, 'task': 0.7, 'short': True, 'long': True, 'gnn': 'regcn', 'fuse': 'gate', 'r_fuse': 'gate', 'record': True, 'model_record': True, 'config': 'long_config.yaml'}
{'h_dim': 200, 'num_hidden_layers': 2, 'decoder': 'convtranse', 'encoder': 'uvrgcn', 'sequence': 'regcn', 'short_model': 'regcn', 'pe_init': 'rw', 'pe_dim': 9, 'pe_dim_lis': [2], 'sequence_len_lis': [1], 'use_static': False, 'weight': 0.5, 'discount': 1, 'angle': 10, 'dropout': 0.2, 'num_bases': 100, 'num_basis': 100, 'self_loop': True, 'skip_connect': False, 'input_dropout': 0.2, 'hidden_dropout': 0.2, 'feat_dropout': 0.2, 'aggregation': 'none', 'entity_prediction': True, 'relation_prediction': True, 'opn': 'sub', 'num_words': 0, 'num_static_rels': 0}
{'h_dim': 200, 'out_dim': 200, 'encoder': 'regcn', 'decoder': 'rgat_r1', 'feat_drop': 0.0, 'attn_drop': 0.0, 'a_layer_num': 2, 'd_layer_num': 3, 'max_length': 10, 'filter': False, 'low_memory': True, 'last': True, 'ori': False, 'pe_init': 'rw', 'pe_dim_lis': [1, 2, 3, 4, 5, 6, 7, 8, 9, 10, 11, 12, 13, 14, 15], 'pe_dim': 3, 'time_length': 365, 'time_idx': array([    0,   131,   322,   490,   626,   747,   974,  1207,  1427,
        1683,  1936,  2053,  2218,  2496,  2715,  2964,  3229,  3472,
        3623,  3749,  4032,  4293,  4565,  4832,  5080,  5225,  5384,
        5639,  5876,  6144,  6429,  6683,  6811,  6949,  7193,  7466,
        7727,  7996,  8219,  8368,  8483,  8765,  9023,  9289,  9564,
        9826, 10008, 10132, 10389, 10666, 10932, 11210, 11471, 11655,
       11792, 12082, 12362, 12644, 12925, 13177, 13341, 13497, 13743,
       13997, 14242, 14478, 14706, 14849, 14991, 15240, 15514, 15802,
       16064, 16350, 16490, 16629, 16900, 17163, 17414, 17675, 17937,
       18075, 18205, 18475, 18744, 19006, 19278, 19528, 19667, 19810,
       20067, 20320, 20573, 20818, 21083, 21242, 21382, 21640, 21938,
       22222, 22475, 22719, 22859, 22982, 23286, 23562, 23798, 24035,
       24229, 24355, 24483, 24680, 24897, 25124, 25379, 25636, 25797,
       25957, 26162, 26442, 26728, 26929, 27156, 27298, 27458, 27719,
       28010, 28279, 28534, 28807, 28965, 29136, 29404, 29676, 29914,
       30180, 30456, 30611, 30736, 31042, 31369, 31660, 31963, 32227,
       32407, 32595, 32816, 33046, 33322, 33622, 33869, 34015, 34152,
       34401, 34665, 34938, 35203, 35466, 35628, 35765, 36036, 36322,
       36552, 36820, 37090, 37234, 37381, 37701, 37999, 38287, 38588,
       38867, 38992, 39122, 39426, 39673, 39924, 40180, 40423, 40564,
       40682, 40951, 41211, 41458, 41730, 41995, 42138, 42280, 42553,
       42831, 43076, 43313, 43543, 43668, 43811, 44064, 44317, 44556,
       44808, 45047, 45183, 45321, 45565, 45785, 46043, 46289, 46515,
       46630, 46749, 46972, 47186, 47413, 47658, 47864, 47987, 48116,
       48342, 48584, 48822, 49067, 49285, 49408, 49548, 49838, 50092,
       50354, 50566, 50793, 50911, 51050, 51311, 51578, 51804, 52043,
       52262, 52396, 52523, 52812, 53076, 53348, 53628, 53812, 53968,
       54099, 54372, 54664, 54949, 55213, 55441, 55591, 55753, 56044,
       56308, 56602, 56895, 57149, 57301, 57470, 57759, 58013, 58282,
       58556, 58823, 58977, 59141, 59438, 59730, 59982, 60251, 60506,
       60683, 60799, 61096, 61363, 61662, 61960, 62216, 62336, 62480,
       62722, 63020, 63283, 63553, 63787, 63943, 64094, 64364, 64646,
       64953, 65234, 65500, 65670, 65810, 66134, 66440, 66727, 67006,
       67237, 67382, 67522, 67822, 68105, 68401, 68643, 68903, 69045,
       69195, 69478, 69741, 70009, 70274, 70529, 70693, 70846, 71148,
       71427, 71726, 72025, 72284, 72449, 72589, 72917, 73214, 73514,
       73808, 74095, 74272, 74431, 74730, 74993, 75304, 75594, 75854,
       76008, 76189, 76495, 76779, 77080, 77331, 77570, 77732, 77908,
       78196, 78469, 78756, 79055, 79297, 79410, 79555, 79852, 80132,
       80393, 80644, 80868, 80989, 81123, 81372, 81621, 81802, 81928,
       82095, 82217, 82343, 82593, 82801, 82999])}
load data online
Logging to results/g_1_ICEWS14s_short_True_short-model_regcn_long_True_f_gate_fr_gate_ta_0.7_gnn1_regcn_2_gnn2_rgat_r1_3_seq_regcn_1_max_length_10_fil_False_ori_Falselast_True
use layer :uvrgcn
activate function: <function rrelu at 0x74e3bdb89300>
pe_dim in UnionRGCNLayer==> 2
activate function: <function rrelu at 0x74e3bdb89300>
pe_dim in UnionRGCNLayer==> 2
use layer :uvrgcn
activate function: <function rrelu at 0x74e3bdb89300>
pe_dim in UnionRGCNLayer==> 2
activate function: <function rrelu at 0x74e3bdb89300>
pe_dim in UnionRGCNLayer==> 2
Epoch 0 _ Start training:  2024-11-13 19:34:13.819776 =============================================
Epoch 0, loss 4.6575 2024-11-13 19:40:19.659829
	Start validating:  2024-11-13 19:40:19.659887
	train_loss:4.6575	val_loss:3.9012	val_Mrr_raw:0.3170	val_Hits(raw)@1:0.2160	val_Hits(raw)@3:0.3521	val_Hits(raw)@10:0.5142	val_Mrr_filter:0.3282	val_Hits(filter)@1:0.2310	val_Hits(filter)@3:0.3608	val_Hits(filter)@10:0.5182
	Start testing:  2024-11-13 19:40:58.590198
	val_loss:3.9214	val_Mrr_raw:0.3069	val_Hits(raw)@1:0.2094	val_Hits(raw)@3:0.3330	val_Hits(raw)@10:0.5002	val_Mrr_filter:0.3134	val_Hits(filter)@1:0.2184	val_Hits(filter)@3:0.3375	val_Hits(filter)@10:0.5041
Epoch 1 _ Start training:  2024-11-13 19:41:38.096307 =============================================
Epoch 1, loss 3.7966 2024-11-13 19:47:43.948925
	Start validating:  2024-11-13 19:47:43.949024
	train_loss:3.7966	val_loss:3.4935	val_Mrr_raw:0.3841	val_Hits(raw)@1:0.2705	val_Hits(raw)@3:0.4293	val_Hits(raw)@10:0.6102	val_Mrr_filter:0.3986	val_Hits(filter)@1:0.2899	val_Hits(filter)@3:0.4402	val_Hits(filter)@10:0.6149
	Start testing:  2024-11-13 19:48:23.079943
	val_loss:3.4849	val_Mrr_raw:0.3813	val_Hits(raw)@1:0.2707	val_Hits(raw)@3:0.4193	val_Hits(raw)@10:0.6070	val_Mrr_filter:0.3912	val_Hits(filter)@1:0.2842	val_Hits(filter)@3:0.4271	val_Hits(filter)@10:0.6112
Epoch 2 _ Start training:  2024-11-13 19:49:02.847677 =============================================
Epoch 2, loss 3.4828 2024-11-13 19:55:10.068549
	Start validating:  2024-11-13 19:55:10.068619
	train_loss:3.4828	val_loss:3.3241	val_Mrr_raw:0.4153	val_Hits(raw)@1:0.2968	val_Hits(raw)@3:0.4669	val_Hits(raw)@10:0.6479	val_Mrr_filter:0.4320	val_Hits(filter)@1:0.3197	val_Hits(filter)@3:0.4811	val_Hits(filter)@10:0.6520
	Start testing:  2024-11-13 19:55:49.402360
	val_loss:3.2820	val_Mrr_raw:0.4170	val_Hits(raw)@1:0.3005	val_Hits(raw)@3:0.4631	val_Hits(raw)@10:0.6520	val_Mrr_filter:0.4294	val_Hits(filter)@1:0.3174	val_Hits(filter)@3:0.4737	val_Hits(filter)@10:0.6559
Epoch 3 _ Start training:  2024-11-13 19:56:29.006542 =============================================
Epoch 3, loss 3.2808 2024-11-13 20:02:36.418041
	Start validating:  2024-11-13 20:02:36.418122
	train_loss:3.2808	val_loss:3.2173	val_Mrr_raw:0.4345	val_Hits(raw)@1:0.3120	val_Hits(raw)@3:0.4907	val_Hits(raw)@10:0.6761	val_Mrr_filter:0.4530	val_Hits(filter)@1:0.3379	val_Hits(filter)@3:0.5040	val_Hits(filter)@10:0.6802
	Start testing:  2024-11-13 20:03:15.432945
	val_loss:3.1844	val_Mrr_raw:0.4368	val_Hits(raw)@1:0.3168	val_Hits(raw)@3:0.4892	val_Hits(raw)@10:0.6821	val_Mrr_filter:0.4502	val_Hits(filter)@1:0.3347	val_Hits(filter)@3:0.5003	val_Hits(filter)@10:0.6857
Epoch 4 _ Start training:  2024-11-13 20:03:54.978032 =============================================
Epoch 4, loss 3.1166 2024-11-13 20:10:02.248425
	Start validating:  2024-11-13 20:10:02.248515
	train_loss:3.1166	val_loss:3.1777	val_Mrr_raw:0.4478	val_Hits(raw)@1:0.3229	val_Hits(raw)@3:0.5105	val_Hits(raw)@10:0.6903	val_Mrr_filter:0.4663	val_Hits(filter)@1:0.3485	val_Hits(filter)@3:0.5238	val_Hits(filter)@10:0.6937
	Start testing:  2024-11-13 20:10:41.404562
	val_loss:3.1108	val_Mrr_raw:0.4504	val_Hits(raw)@1:0.3276	val_Hits(raw)@3:0.5060	val_Hits(raw)@10:0.6946	val_Mrr_filter:0.4646	val_Hits(filter)@1:0.3470	val_Hits(filter)@3:0.5159	val_Hits(filter)@10:0.6985
Epoch 5 _ Start training:  2024-11-13 20:11:20.894492 =============================================
Epoch 5, loss 2.9711 2024-11-13 20:17:30.714433
	Start validating:  2024-11-13 20:17:30.714535
	train_loss:2.9711	val_loss:3.1287	val_Mrr_raw:0.4597	val_Hits(raw)@1:0.3347	val_Hits(raw)@3:0.5253	val_Hits(raw)@10:0.7047	val_Mrr_filter:0.4794	val_Hits(filter)@1:0.3629	val_Hits(filter)@3:0.5390	val_Hits(filter)@10:0.7089
	Start testing:  2024-11-13 20:18:09.835056
	val_loss:3.0804	val_Mrr_raw:0.4593	val_Hits(raw)@1:0.3346	val_Hits(raw)@3:0.5197	val_Hits(raw)@10:0.7063	val_Mrr_filter:0.4731	val_Hits(filter)@1:0.3535	val_Hits(filter)@3:0.5306	val_Hits(filter)@10:0.7101
Epoch 6 _ Start training:  2024-11-13 20:18:49.278803 =============================================
Epoch 6, loss 2.8439 2024-11-13 20:24:56.176005
	Start validating:  2024-11-13 20:24:56.176206
	train_loss:2.8439	val_loss:3.1004	val_Mrr_raw:0.4676	val_Hits(raw)@1:0.3408	val_Hits(raw)@3:0.5364	val_Hits(raw)@10:0.7131	val_Mrr_filter:0.4870	val_Hits(filter)@1:0.3681	val_Hits(filter)@3:0.5492	val_Hits(filter)@10:0.7178
	Start testing:  2024-11-13 20:25:35.238102
	val_loss:3.0402	val_Mrr_raw:0.4693	val_Hits(raw)@1:0.3436	val_Hits(raw)@3:0.5356	val_Hits(raw)@10:0.7145	val_Mrr_filter:0.4838	val_Hits(filter)@1:0.3640	val_Hits(filter)@3:0.5453	val_Hits(filter)@10:0.7173
Epoch 7 _ Start training:  2024-11-13 20:26:14.878051 =============================================
Epoch 7, loss 2.7224 2024-11-13 20:32:21.315564
	Start validating:  2024-11-13 20:32:21.315638
	train_loss:2.7224	val_loss:3.0954	val_Mrr_raw:0.4738	val_Hits(raw)@1:0.3461	val_Hits(raw)@3:0.5435	val_Hits(raw)@10:0.7223	val_Mrr_filter:0.4940	val_Hits(filter)@1:0.3750	val_Hits(filter)@3:0.5557	val_Hits(filter)@10:0.7267
	Start testing:  2024-11-13 20:33:00.411546
	val_loss:3.0392	val_Mrr_raw:0.4771	val_Hits(raw)@1:0.3527	val_Hits(raw)@3:0.5401	val_Hits(raw)@10:0.7237	val_Mrr_filter:0.4923	val_Hits(filter)@1:0.3741	val_Hits(filter)@3:0.5513	val_Hits(filter)@10:0.7270
Epoch 8 _ Start training:  2024-11-13 20:33:40.043121 =============================================
Epoch 8, loss 2.6077 2024-11-13 20:39:49.548051
	Start validating:  2024-11-13 20:39:49.548111
	train_loss:2.6077	val_loss:3.0906	val_Mrr_raw:0.4770	val_Hits(raw)@1:0.3501	val_Hits(raw)@3:0.5460	val_Hits(raw)@10:0.7222	val_Mrr_filter:0.4968	val_Hits(filter)@1:0.3788	val_Hits(filter)@3:0.5588	val_Hits(filter)@10:0.7265
	Start testing:  2024-11-13 20:40:30.149354
	val_loss:3.0243	val_Mrr_raw:0.4809	val_Hits(raw)@1:0.3563	val_Hits(raw)@3:0.5463	val_Hits(raw)@10:0.7266	val_Mrr_filter:0.4955	val_Hits(filter)@1:0.3763	val_Hits(filter)@3:0.5562	val_Hits(filter)@10:0.7302
Epoch 9 _ Start training:  2024-11-13 20:41:10.048814 =============================================
Epoch 9, loss 2.5025 2024-11-13 20:47:19.982242
	Start validating:  2024-11-13 20:47:19.982332
	train_loss:2.5025	val_loss:3.1176	val_Mrr_raw:0.4749	val_Hits(raw)@1:0.3469	val_Hits(raw)@3:0.5449	val_Hits(raw)@10:0.7249	val_Mrr_filter:0.4947	val_Hits(filter)@1:0.3749	val_Hits(filter)@3:0.5588	val_Hits(filter)@10:0.7284
	Start testing:  2024-11-13 20:47:59.705573
	val_loss:3.0577	val_Mrr_raw:0.4816	val_Hits(raw)@1:0.3560	val_Hits(raw)@3:0.5469	val_Hits(raw)@10:0.7262	val_Mrr_filter:0.4968	val_Hits(filter)@1:0.3774	val_Hits(filter)@3:0.5584	val_Hits(filter)@10:0.7298
Epoch 10 _ Start training:  2024-11-13 20:48:39.422335 =============================================
Epoch 10, loss 2.4104 2024-11-13 20:54:48.613318
	Start validating:  2024-11-13 20:54:48.613364
	train_loss:2.4104	val_loss:3.1350	val_Mrr_raw:0.4795	val_Hits(raw)@1:0.3505	val_Hits(raw)@3:0.5502	val_Hits(raw)@10:0.7273	val_Mrr_filter:0.4993	val_Hits(filter)@1:0.3786	val_Hits(filter)@3:0.5633	val_Hits(filter)@10:0.7314
	Start testing:  2024-11-13 20:55:28.558974
	val_loss:3.0646	val_Mrr_raw:0.4866	val_Hits(raw)@1:0.3622	val_Hits(raw)@3:0.5534	val_Hits(raw)@10:0.7305	val_Mrr_filter:0.5007	val_Hits(filter)@1:0.3813	val_Hits(filter)@3:0.5640	val_Hits(filter)@10:0.7338
Epoch 11 _ Start training:  2024-11-13 20:56:08.765834 =============================================
Epoch 11, loss 2.3284 2024-11-13 21:02:18.935164
	Start validating:  2024-11-13 21:02:18.935243
	train_loss:2.3284	val_loss:3.1406	val_Mrr_raw:0.4822	val_Hits(raw)@1:0.3549	val_Hits(raw)@3:0.5539	val_Hits(raw)@10:0.7280	val_Mrr_filter:0.5026	val_Hits(filter)@1:0.3841	val_Hits(filter)@3:0.5658	val_Hits(filter)@10:0.7314
	Start testing:  2024-11-13 21:03:00.533952
	val_loss:3.0659	val_Mrr_raw:0.4885	val_Hits(raw)@1:0.3619	val_Hits(raw)@3:0.5584	val_Hits(raw)@10:0.7328	val_Mrr_filter:0.5033	val_Hits(filter)@1:0.3825	val_Hits(filter)@3:0.5689	val_Hits(filter)@10:0.7358
Epoch 12 _ Start training:  2024-11-13 21:03:40.316843 =============================================
Epoch 12, loss 2.2468 2024-11-13 21:09:45.670231
	Start validating:  2024-11-13 21:09:45.670285
	train_loss:2.2468	val_loss:3.1535	val_Mrr_raw:0.4818	val_Hits(raw)@1:0.3554	val_Hits(raw)@3:0.5499	val_Hits(raw)@10:0.7252	val_Mrr_filter:0.5014	val_Hits(filter)@1:0.3830	val_Hits(filter)@3:0.5623	val_Hits(filter)@10:0.7296
	Start testing:  2024-11-13 21:10:24.904992
	val_loss:3.0950	val_Mrr_raw:0.4892	val_Hits(raw)@1:0.3658	val_Hits(raw)@3:0.5571	val_Hits(raw)@10:0.7285	val_Mrr_filter:0.5033	val_Hits(filter)@1:0.3850	val_Hits(filter)@3:0.5665	val_Hits(filter)@10:0.7325
Epoch 13 _ Start training:  2024-11-13 21:11:04.586874 =============================================
Epoch 13, loss 2.1754 2024-11-13 21:17:10.660644
	Start validating:  2024-11-13 21:17:10.660747
	train_loss:2.1754	val_loss:3.1798	val_Mrr_raw:0.4845	val_Hits(raw)@1:0.3588	val_Hits(raw)@3:0.5521	val_Hits(raw)@10:0.7293	val_Mrr_filter:0.5045	val_Hits(filter)@1:0.3874	val_Hits(filter)@3:0.5664	val_Hits(filter)@10:0.7336
	Start testing:  2024-11-13 21:17:49.677881
	val_loss:3.1251	val_Mrr_raw:0.4881	val_Hits(raw)@1:0.3639	val_Hits(raw)@3:0.5560	val_Hits(raw)@10:0.7283	val_Mrr_filter:0.5026	val_Hits(filter)@1:0.3839	val_Hits(filter)@3:0.5662	val_Hits(filter)@10:0.7314
Epoch 14 _ Start training:  2024-11-13 21:18:29.739281 =============================================
Epoch 14, loss 2.1142 2024-11-13 21:24:36.449028
	Start validating:  2024-11-13 21:24:36.449159
	train_loss:2.1142	val_loss:3.2452	val_Mrr_raw:0.4840	val_Hits(raw)@1:0.3582	val_Hits(raw)@3:0.5543	val_Hits(raw)@10:0.7283	val_Mrr_filter:0.5036	val_Hits(filter)@1:0.3862	val_Hits(filter)@3:0.5679	val_Hits(filter)@10:0.7327
	Start testing:  2024-11-13 21:25:22.062793
	val_loss:3.1850	val_Mrr_raw:0.4863	val_Hits(raw)@1:0.3612	val_Hits(raw)@3:0.5541	val_Hits(raw)@10:0.7278	val_Mrr_filter:0.5007	val_Hits(filter)@1:0.3813	val_Hits(filter)@3:0.5648	val_Hits(filter)@10:0.7308
Epoch 15 _ Start training:  2024-11-13 21:26:01.651460 =============================================
Epoch 15, loss 2.0566 2024-11-13 21:32:23.847982
	Start validating:  2024-11-13 21:32:23.848265
	train_loss:2.0566	val_loss:3.2817	val_Mrr_raw:0.4817	val_Hits(raw)@1:0.3556	val_Hits(raw)@3:0.5510	val_Hits(raw)@10:0.7249	val_Mrr_filter:0.5010	val_Hits(filter)@1:0.3827	val_Hits(filter)@3:0.5636	val_Hits(filter)@10:0.7301
	Start testing:  2024-11-13 21:33:02.946879
	val_loss:3.2200	val_Mrr_raw:0.4856	val_Hits(raw)@1:0.3627	val_Hits(raw)@3:0.5536	val_Hits(raw)@10:0.7257	val_Mrr_filter:0.4999	val_Hits(filter)@1:0.3827	val_Hits(filter)@3:0.5635	val_Hits(filter)@10:0.7299
Epoch 16 _ Start training:  2024-11-13 21:33:42.373270 =============================================
Epoch 16, loss 2.0077 2024-11-13 21:39:50.387497
	Start validating:  2024-11-13 21:39:50.387568
	train_loss:2.0077	val_loss:3.2796	val_Mrr_raw:0.4808	val_Hits(raw)@1:0.3554	val_Hits(raw)@3:0.5491	val_Hits(raw)@10:0.7230	val_Mrr_filter:0.5005	val_Hits(filter)@1:0.3834	val_Hits(filter)@3:0.5628	val_Hits(filter)@10:0.7273
	Start testing:  2024-11-13 21:40:29.876176
	val_loss:3.2005	val_Mrr_raw:0.4881	val_Hits(raw)@1:0.3644	val_Hits(raw)@3:0.5560	val_Hits(raw)@10:0.7263	val_Mrr_filter:0.5021	val_Hits(filter)@1:0.3835	val_Hits(filter)@3:0.5662	val_Hits(filter)@10:0.7302
Epoch 17 _ Start training:  2024-11-13 21:41:09.606054 =============================================
Epoch 17, loss 1.9518 2024-11-13 21:47:26.462365
	Start validating:  2024-11-13 21:47:26.462453
	train_loss:1.9518	val_loss:3.3350	val_Mrr_raw:0.4779	val_Hits(raw)@1:0.3526	val_Hits(raw)@3:0.5452	val_Hits(raw)@10:0.7205	val_Mrr_filter:0.4967	val_Hits(filter)@1:0.3788	val_Hits(filter)@3:0.5590	val_Hits(filter)@10:0.7255
	Start testing:  2024-11-13 21:48:06.393071
	val_loss:3.2687	val_Mrr_raw:0.4829	val_Hits(raw)@1:0.3597	val_Hits(raw)@3:0.5511	val_Hits(raw)@10:0.7198	val_Mrr_filter:0.4971	val_Hits(filter)@1:0.3791	val_Hits(filter)@3:0.5614	val_Hits(filter)@10:0.7230
Epoch 18 _ Start training:  2024-11-13 21:48:48.509297 =============================================
Epoch 18, loss 1.9064 2024-11-13 21:54:58.249510
	Start validating:  2024-11-13 21:54:58.249616
	train_loss:1.9064	val_loss:3.3405	val_Mrr_raw:0.4760	val_Hits(raw)@1:0.3487	val_Hits(raw)@3:0.5497	val_Hits(raw)@10:0.7176	val_Mrr_filter:0.4957	val_Hits(filter)@1:0.3768	val_Hits(filter)@3:0.5628	val_Hits(filter)@10:0.7216
	Start testing:  2024-11-13 21:55:37.532027
	val_loss:3.2701	val_Mrr_raw:0.4798	val_Hits(raw)@1:0.3561	val_Hits(raw)@3:0.5481	val_Hits(raw)@10:0.7197	val_Mrr_filter:0.4937	val_Hits(filter)@1:0.3753	val_Hits(filter)@3:0.5585	val_Hits(filter)@10:0.7236
Epoch 19 _ Start training:  2024-11-13 21:56:18.883024 =============================================
Epoch 19, loss 1.8642 2024-11-13 22:02:43.292659
	Start validating:  2024-11-13 22:02:43.292722
	train_loss:1.8642	val_loss:3.3512	val_Mrr_raw:0.4784	val_Hits(raw)@1:0.3520	val_Hits(raw)@3:0.5488	val_Hits(raw)@10:0.7231	val_Mrr_filter:0.4980	val_Hits(filter)@1:0.3798	val_Hits(filter)@3:0.5625	val_Hits(filter)@10:0.7265
	Start testing:  2024-11-13 22:03:26.654611
	val_loss:3.2882	val_Mrr_raw:0.4816	val_Hits(raw)@1:0.3578	val_Hits(raw)@3:0.5521	val_Hits(raw)@10:0.7171	val_Mrr_filter:0.4954	val_Hits(filter)@1:0.3765	val_Hits(filter)@3:0.5612	val_Hits(filter)@10:0.7217
Logging to results/g_1_ICEWS14s_short_True_short-model_regcn_long_True_f_gate_fr_gate_ta_0.7_gnn1_regcn_2_gnn2_rgat_r1_3_seq_regcn_1_max_length_10_fil_False_ori_Falselast_True
use layer :uvrgcn
activate function: <function rrelu at 0x74e3bdb89300>
pe_dim in UnionRGCNLayer==> 2
activate function: <function rrelu at 0x74e3bdb89300>
pe_dim in UnionRGCNLayer==> 2
use layer :uvrgcn
activate function: <function rrelu at 0x74e3bdb89300>
pe_dim in UnionRGCNLayer==> 2
activate function: <function rrelu at 0x74e3bdb89300>
pe_dim in UnionRGCNLayer==> 2
Epoch 0 _ Start training:  2024-11-13 22:04:10.918776 =============================================
Epoch 0, loss 4.6150 2024-11-13 22:10:57.926739
	Start validating:  2024-11-13 22:10:57.926838
	train_loss:4.6150	val_loss:3.8445	val_Mrr_raw:0.3175	val_Hits(raw)@1:0.2165	val_Hits(raw)@3:0.3493	val_Hits(raw)@10:0.5187	val_Mrr_filter:0.3284	val_Hits(filter)@1:0.2309	val_Hits(filter)@3:0.3572	val_Hits(filter)@10:0.5218
	Start testing:  2024-11-13 22:11:42.669945
	val_loss:3.8824	val_Mrr_raw:0.3078	val_Hits(raw)@1:0.2102	val_Hits(raw)@3:0.3322	val_Hits(raw)@10:0.5030	val_Mrr_filter:0.3147	val_Hits(filter)@1:0.2198	val_Hits(filter)@3:0.3369	val_Hits(filter)@10:0.5064
Epoch 1 _ Start training:  2024-11-13 22:12:29.863989 =============================================
Epoch 1, loss 3.7801 2024-11-13 22:19:20.528725
	Start validating:  2024-11-13 22:19:20.528942
	train_loss:3.7801	val_loss:3.4811	val_Mrr_raw:0.3833	val_Hits(raw)@1:0.2685	val_Hits(raw)@3:0.4274	val_Hits(raw)@10:0.6103	val_Mrr_filter:0.3984	val_Hits(filter)@1:0.2894	val_Hits(filter)@3:0.4395	val_Hits(filter)@10:0.6144
	Start testing:  2024-11-13 22:20:04.564914
	val_loss:3.4729	val_Mrr_raw:0.3728	val_Hits(raw)@1:0.2577	val_Hits(raw)@3:0.4168	val_Hits(raw)@10:0.5999	val_Mrr_filter:0.3826	val_Hits(filter)@1:0.2714	val_Hits(filter)@3:0.4236	val_Hits(filter)@10:0.6055
Epoch 2 _ Start training:  2024-11-13 22:20:51.085703 =============================================
Epoch 2, loss 3.4796 2024-11-13 22:27:36.103584
	Start validating:  2024-11-13 22:27:36.103700
	train_loss:3.4796	val_loss:3.3188	val_Mrr_raw:0.4110	val_Hits(raw)@1:0.2901	val_Hits(raw)@3:0.4629	val_Hits(raw)@10:0.6502	val_Mrr_filter:0.4277	val_Hits(filter)@1:0.3132	val_Hits(filter)@3:0.4754	val_Hits(filter)@10:0.6547
	Start testing:  2024-11-13 22:28:19.755028
	val_loss:3.2996	val_Mrr_raw:0.4098	val_Hits(raw)@1:0.2925	val_Hits(raw)@3:0.4596	val_Hits(raw)@10:0.6463	val_Mrr_filter:0.4211	val_Hits(filter)@1:0.3080	val_Hits(filter)@3:0.4699	val_Hits(filter)@10:0.6492
Epoch 3 _ Start training:  2024-11-13 22:29:03.955660 =============================================
Epoch 3, loss 3.2821 2024-11-13 22:35:58.653215
	Start validating:  2024-11-13 22:35:58.653456
	train_loss:3.2821	val_loss:3.2093	val_Mrr_raw:0.4352	val_Hits(raw)@1:0.3140	val_Hits(raw)@3:0.4890	val_Hits(raw)@10:0.6788	val_Mrr_filter:0.4532	val_Hits(filter)@1:0.3393	val_Hits(filter)@3:0.5009	val_Hits(filter)@10:0.6841
	Start testing:  2024-11-13 22:36:42.111826
	val_loss:3.1825	val_Mrr_raw:0.4323	val_Hits(raw)@1:0.3116	val_Hits(raw)@3:0.4853	val_Hits(raw)@10:0.6720	val_Mrr_filter:0.4449	val_Hits(filter)@1:0.3286	val_Hits(filter)@3:0.4961	val_Hits(filter)@10:0.6762
Epoch 4 _ Start training:  2024-11-13 22:37:26.480098 =============================================
Epoch 4, loss 3.1087 2024-11-13 22:44:15.236856
	Start validating:  2024-11-13 22:44:15.237093
	train_loss:3.1087	val_loss:3.1671	val_Mrr_raw:0.4490	val_Hits(raw)@1:0.3253	val_Hits(raw)@3:0.5075	val_Hits(raw)@10:0.6939	val_Mrr_filter:0.4677	val_Hits(filter)@1:0.3514	val_Hits(filter)@3:0.5214	val_Hits(filter)@10:0.6977
	Start testing:  2024-11-13 22:44:59.006149
	val_loss:3.1385	val_Mrr_raw:0.4478	val_Hits(raw)@1:0.3261	val_Hits(raw)@3:0.5046	val_Hits(raw)@10:0.6932	val_Mrr_filter:0.4609	val_Hits(filter)@1:0.3437	val_Hits(filter)@3:0.5154	val_Hits(filter)@10:0.6966
Epoch 5 _ Start training:  2024-11-13 22:45:44.083801 =============================================
Epoch 5, loss 2.9661 2024-11-13 22:52:41.728217
	Start validating:  2024-11-13 22:52:41.728384
	train_loss:2.9661	val_loss:3.1352	val_Mrr_raw:0.4575	val_Hits(raw)@1:0.3323	val_Hits(raw)@3:0.5209	val_Hits(raw)@10:0.7035	val_Mrr_filter:0.4761	val_Hits(filter)@1:0.3581	val_Hits(filter)@3:0.5344	val_Hits(filter)@10:0.7074
	Start testing:  2024-11-13 22:53:24.608090
	val_loss:3.0921	val_Mrr_raw:0.4588	val_Hits(raw)@1:0.3344	val_Hits(raw)@3:0.5214	val_Hits(raw)@10:0.7035	val_Mrr_filter:0.4725	val_Hits(filter)@1:0.3529	val_Hits(filter)@3:0.5322	val_Hits(filter)@10:0.7075
Epoch 6 _ Start training:  2024-11-13 22:54:08.430531 =============================================
Epoch 6, loss 2.8309 2024-11-13 23:00:55.455882
	Start validating:  2024-11-13 23:00:55.456014
	train_loss:2.8309	val_loss:3.1100	val_Mrr_raw:0.4669	val_Hits(raw)@1:0.3401	val_Hits(raw)@3:0.5323	val_Hits(raw)@10:0.7128	val_Mrr_filter:0.4865	val_Hits(filter)@1:0.3677	val_Hits(filter)@3:0.5473	val_Hits(filter)@10:0.7168
	Start testing:  2024-11-13 23:01:38.880658
	val_loss:3.0728	val_Mrr_raw:0.4680	val_Hits(raw)@1:0.3447	val_Hits(raw)@3:0.5296	val_Hits(raw)@10:0.7138	val_Mrr_filter:0.4819	val_Hits(filter)@1:0.3637	val_Hits(filter)@3:0.5402	val_Hits(filter)@10:0.7168
Epoch 7 _ Start training:  2024-11-13 23:02:23.185701 =============================================
Epoch 7, loss 2.7118 2024-11-13 23:09:12.499104
	Start validating:  2024-11-13 23:09:12.533661
	train_loss:2.7118	val_loss:3.0970	val_Mrr_raw:0.4707	val_Hits(raw)@1:0.3443	val_Hits(raw)@3:0.5348	val_Hits(raw)@10:0.7180	val_Mrr_filter:0.4902	val_Hits(filter)@1:0.3716	val_Hits(filter)@3:0.5494	val_Hits(filter)@10:0.7216
	Start testing:  2024-11-13 23:09:56.190605
	val_loss:3.0549	val_Mrr_raw:0.4712	val_Hits(raw)@1:0.3459	val_Hits(raw)@3:0.5343	val_Hits(raw)@10:0.7217	val_Mrr_filter:0.4851	val_Hits(filter)@1:0.3650	val_Hits(filter)@3:0.5450	val_Hits(filter)@10:0.7246
Epoch 8 _ Start training:  2024-11-13 23:10:41.559269 =============================================
Epoch 8, loss 2.6042 2024-11-13 23:17:37.723858
	Start validating:  2024-11-13 23:17:37.748561
	train_loss:2.6042	val_loss:3.1031	val_Mrr_raw:0.4760	val_Hits(raw)@1:0.3503	val_Hits(raw)@3:0.5422	val_Hits(raw)@10:0.7224	val_Mrr_filter:0.4957	val_Hits(filter)@1:0.3778	val_Hits(filter)@3:0.5571	val_Hits(filter)@10:0.7279
	Start testing:  2024-11-13 23:18:21.442014
	val_loss:3.0743	val_Mrr_raw:0.4739	val_Hits(raw)@1:0.3474	val_Hits(raw)@3:0.5413	val_Hits(raw)@10:0.7230	val_Mrr_filter:0.4873	val_Hits(filter)@1:0.3655	val_Hits(filter)@3:0.5518	val_Hits(filter)@10:0.7264
Epoch 9 _ Start training:  2024-11-13 23:19:05.262434 =============================================
Epoch 9, loss 2.4934 2024-11-13 23:26:02.976562
	Start validating:  2024-11-13 23:26:02.976735
	train_loss:2.4934	val_loss:3.1063	val_Mrr_raw:0.4763	val_Hits(raw)@1:0.3491	val_Hits(raw)@3:0.5433	val_Hits(raw)@10:0.7240	val_Mrr_filter:0.4952	val_Hits(filter)@1:0.3750	val_Hits(filter)@3:0.5588	val_Hits(filter)@10:0.7299
	Start testing:  2024-11-13 23:26:48.926416
	val_loss:3.0607	val_Mrr_raw:0.4791	val_Hits(raw)@1:0.3539	val_Hits(raw)@3:0.5435	val_Hits(raw)@10:0.7257	val_Mrr_filter:0.4928	val_Hits(filter)@1:0.3728	val_Hits(filter)@3:0.5525	val_Hits(filter)@10:0.7296
Epoch 10 _ Start training:  2024-11-13 23:27:34.720512 =============================================
Epoch 10, loss 2.3983 2024-11-13 23:34:21.896143
	Start validating:  2024-11-13 23:34:21.896298
	train_loss:2.3983	val_loss:3.1191	val_Mrr_raw:0.4792	val_Hits(raw)@1:0.3532	val_Hits(raw)@3:0.5472	val_Hits(raw)@10:0.7265	val_Mrr_filter:0.4994	val_Hits(filter)@1:0.3820	val_Hits(filter)@3:0.5608	val_Hits(filter)@10:0.7313
	Start testing:  2024-11-13 23:35:05.651633
	val_loss:3.0793	val_Mrr_raw:0.4805	val_Hits(raw)@1:0.3556	val_Hits(raw)@3:0.5469	val_Hits(raw)@10:0.7242	val_Mrr_filter:0.4945	val_Hits(filter)@1:0.3746	val_Hits(filter)@3:0.5568	val_Hits(filter)@10:0.7283
Epoch 11 _ Start training:  2024-11-13 23:35:49.464060 =============================================
Epoch 11, loss 2.3150 2024-11-13 23:42:40.426544
	Start validating:  2024-11-13 23:42:40.426885
	train_loss:2.3150	val_loss:3.1334	val_Mrr_raw:0.4836	val_Hits(raw)@1:0.3574	val_Hits(raw)@3:0.5527	val_Hits(raw)@10:0.7316	val_Mrr_filter:0.5037	val_Hits(filter)@1:0.3854	val_Hits(filter)@3:0.5685	val_Hits(filter)@10:0.7363
	Start testing:  2024-11-13 23:43:25.499347
	val_loss:3.0973	val_Mrr_raw:0.4822	val_Hits(raw)@1:0.3570	val_Hits(raw)@3:0.5495	val_Hits(raw)@10:0.7287	val_Mrr_filter:0.4963	val_Hits(filter)@1:0.3763	val_Hits(filter)@3:0.5585	val_Hits(filter)@10:0.7320
Epoch 12 _ Start training:  2024-11-13 23:44:09.701796 =============================================
Epoch 12, loss 2.2434 2024-11-13 23:51:01.535390
	Start validating:  2024-11-13 23:51:01.535754
	train_loss:2.2434	val_loss:3.1700	val_Mrr_raw:0.4796	val_Hits(raw)@1:0.3535	val_Hits(raw)@3:0.5463	val_Hits(raw)@10:0.7281	val_Mrr_filter:0.4986	val_Hits(filter)@1:0.3796	val_Hits(filter)@3:0.5618	val_Hits(filter)@10:0.7328
	Start testing:  2024-11-13 23:51:47.826435
	val_loss:3.1242	val_Mrr_raw:0.4830	val_Hits(raw)@1:0.3578	val_Hits(raw)@3:0.5503	val_Hits(raw)@10:0.7288	val_Mrr_filter:0.4968	val_Hits(filter)@1:0.3763	val_Hits(filter)@3:0.5603	val_Hits(filter)@10:0.7324
Epoch 13 _ Start training:  2024-11-13 23:52:32.984117 =============================================
Epoch 13, loss 2.1702 2024-11-13 23:59:25.318119
	Start validating:  2024-11-13 23:59:25.318220
	train_loss:2.1702	val_loss:3.2030	val_Mrr_raw:0.4808	val_Hits(raw)@1:0.3550	val_Hits(raw)@3:0.5513	val_Hits(raw)@10:0.7246	val_Mrr_filter:0.5007	val_Hits(filter)@1:0.3828	val_Hits(filter)@3:0.5653	val_Hits(filter)@10:0.7296
	Start testing:  2024-11-14 00:00:11.770008
	val_loss:3.1384	val_Mrr_raw:0.4837	val_Hits(raw)@1:0.3594	val_Hits(raw)@3:0.5515	val_Hits(raw)@10:0.7240	val_Mrr_filter:0.4970	val_Hits(filter)@1:0.3770	val_Hits(filter)@3:0.5619	val_Hits(filter)@10:0.7279
Epoch 14 _ Start training:  2024-11-14 00:00:55.610353 =============================================
Epoch 14, loss 2.1091 2024-11-14 00:07:55.507053
	Start validating:  2024-11-14 00:07:55.507296
	train_loss:2.1091	val_loss:3.2352	val_Mrr_raw:0.4835	val_Hits(raw)@1:0.3578	val_Hits(raw)@3:0.5500	val_Hits(raw)@10:0.7280	val_Mrr_filter:0.5032	val_Hits(filter)@1:0.3855	val_Hits(filter)@3:0.5655	val_Hits(filter)@10:0.7317
	Start testing:  2024-11-14 00:08:39.541021
	val_loss:3.1938	val_Mrr_raw:0.4823	val_Hits(raw)@1:0.3571	val_Hits(raw)@3:0.5518	val_Hits(raw)@10:0.7247	val_Mrr_filter:0.4962	val_Hits(filter)@1:0.3763	val_Hits(filter)@3:0.5617	val_Hits(filter)@10:0.7289
Epoch 15 _ Start training:  2024-11-14 00:09:26.169437 =============================================
Epoch 15, loss 2.0487 2024-11-14 00:16:15.793417
	Start validating:  2024-11-14 00:16:15.793522
	train_loss:2.0487	val_loss:3.2355	val_Mrr_raw:0.4812	val_Hits(raw)@1:0.3553	val_Hits(raw)@3:0.5494	val_Hits(raw)@10:0.7253	val_Mrr_filter:0.5010	val_Hits(filter)@1:0.3834	val_Hits(filter)@3:0.5641	val_Hits(filter)@10:0.7302
	Start testing:  2024-11-14 00:16:59.161295
	val_loss:3.1940	val_Mrr_raw:0.4803	val_Hits(raw)@1:0.3552	val_Hits(raw)@3:0.5484	val_Hits(raw)@10:0.7189	val_Mrr_filter:0.4939	val_Hits(filter)@1:0.3742	val_Hits(filter)@3:0.5576	val_Hits(filter)@10:0.7229
Epoch 16 _ Start training:  2024-11-14 00:17:43.338572 =============================================
Epoch 16, loss 1.9959 2024-11-14 00:24:31.289509
	Start validating:  2024-11-14 00:24:31.289790
	train_loss:1.9959	val_loss:3.3013	val_Mrr_raw:0.4809	val_Hits(raw)@1:0.3552	val_Hits(raw)@3:0.5509	val_Hits(raw)@10:0.7255	val_Mrr_filter:0.5005	val_Hits(filter)@1:0.3826	val_Hits(filter)@3:0.5651	val_Hits(filter)@10:0.7296
	Start testing:  2024-11-14 00:25:15.211989
	val_loss:3.2338	val_Mrr_raw:0.4830	val_Hits(raw)@1:0.3582	val_Hits(raw)@3:0.5499	val_Hits(raw)@10:0.7249	val_Mrr_filter:0.4968	val_Hits(filter)@1:0.3772	val_Hits(filter)@3:0.5600	val_Hits(filter)@10:0.7280
Epoch 17 _ Start training:  2024-11-14 00:25:59.785960 =============================================
Epoch 17, loss 1.9480 2024-11-14 00:32:50.111300
	Start validating:  2024-11-14 00:32:50.111502
	train_loss:1.9480	val_loss:3.3364	val_Mrr_raw:0.4772	val_Hits(raw)@1:0.3528	val_Hits(raw)@3:0.5464	val_Hits(raw)@10:0.7232	val_Mrr_filter:0.4963	val_Hits(filter)@1:0.3788	val_Hits(filter)@3:0.5604	val_Hits(filter)@10:0.7276
	Start testing:  2024-11-14 00:33:35.919126
	val_loss:3.2782	val_Mrr_raw:0.4794	val_Hits(raw)@1:0.3548	val_Hits(raw)@3:0.5477	val_Hits(raw)@10:0.7180	val_Mrr_filter:0.4932	val_Hits(filter)@1:0.3740	val_Hits(filter)@3:0.5575	val_Hits(filter)@10:0.7214
Epoch 18 _ Start training:  2024-11-14 00:34:22.277619 =============================================
Epoch 18, loss 1.9022 2024-11-14 00:41:10.920399
	Start validating:  2024-11-14 00:41:10.920459
	train_loss:1.9022	val_loss:3.3251	val_Mrr_raw:0.4779	val_Hits(raw)@1:0.3530	val_Hits(raw)@3:0.5460	val_Hits(raw)@10:0.7241	val_Mrr_filter:0.4969	val_Hits(filter)@1:0.3790	val_Hits(filter)@3:0.5612	val_Hits(filter)@10:0.7294
	Start testing:  2024-11-14 00:41:55.180815
	val_loss:3.2776	val_Mrr_raw:0.4790	val_Hits(raw)@1:0.3544	val_Hits(raw)@3:0.5476	val_Hits(raw)@10:0.7169	val_Mrr_filter:0.4925	val_Hits(filter)@1:0.3730	val_Hits(filter)@3:0.5582	val_Hits(filter)@10:0.7205
Epoch 19 _ Start training:  2024-11-14 00:42:39.311556 =============================================
Epoch 19, loss 1.8583 2024-11-14 00:49:27.990592
	Start validating:  2024-11-14 00:49:27.990644
	train_loss:1.8583	val_loss:3.3536	val_Mrr_raw:0.4785	val_Hits(raw)@1:0.3548	val_Hits(raw)@3:0.5445	val_Hits(raw)@10:0.7202	val_Mrr_filter:0.4976	val_Hits(filter)@1:0.3813	val_Hits(filter)@3:0.5592	val_Hits(filter)@10:0.7246
	Start testing:  2024-11-14 00:50:12.288740
	val_loss:3.2979	val_Mrr_raw:0.4795	val_Hits(raw)@1:0.3565	val_Hits(raw)@3:0.5441	val_Hits(raw)@10:0.7148	val_Mrr_filter:0.4930	val_Hits(filter)@1:0.3755	val_Hits(filter)@3:0.5542	val_Hits(filter)@10:0.7181
Logging to results/g_1_ICEWS14s_short_True_short-model_regcn_long_True_f_gate_fr_gate_ta_0.7_gnn1_regcn_2_gnn2_rgat_r1_3_seq_regcn_1_max_length_10_fil_False_ori_Falselast_True
use layer :uvrgcn
activate function: <function rrelu at 0x74e3bdb89300>
pe_dim in UnionRGCNLayer==> 2
activate function: <function rrelu at 0x74e3bdb89300>
pe_dim in UnionRGCNLayer==> 2
use layer :uvrgcn
activate function: <function rrelu at 0x74e3bdb89300>
pe_dim in UnionRGCNLayer==> 2
activate function: <function rrelu at 0x74e3bdb89300>
pe_dim in UnionRGCNLayer==> 2
Epoch 0 _ Start training:  2024-11-14 00:50:57.007972 =============================================
Epoch 0, loss 4.6555 2024-11-14 00:57:47.360893
	Start validating:  2024-11-14 00:57:47.361004
	train_loss:4.6555	val_loss:3.8776	val_Mrr_raw:0.3181	val_Hits(raw)@1:0.2178	val_Hits(raw)@3:0.3488	val_Hits(raw)@10:0.5166	val_Mrr_filter:0.3301	val_Hits(filter)@1:0.2340	val_Hits(filter)@3:0.3581	val_Hits(filter)@10:0.5200
	Start testing:  2024-11-14 00:58:30.987749
	val_loss:3.9071	val_Mrr_raw:0.3070	val_Hits(raw)@1:0.2085	val_Hits(raw)@3:0.3315	val_Hits(raw)@10:0.5016	val_Mrr_filter:0.3139	val_Hits(filter)@1:0.2178	val_Hits(filter)@3:0.3365	val_Hits(filter)@10:0.5051
Epoch 1 _ Start training:  2024-11-14 00:59:15.160215 =============================================
Epoch 1, loss 3.7901 2024-11-14 01:06:01.280624
	Start validating:  2024-11-14 01:06:01.280679
	train_loss:3.7901	val_loss:3.5135	val_Mrr_raw:0.3851	val_Hits(raw)@1:0.2704	val_Hits(raw)@3:0.4339	val_Hits(raw)@10:0.6106	val_Mrr_filter:0.4000	val_Hits(filter)@1:0.2903	val_Hits(filter)@3:0.4467	val_Hits(filter)@10:0.6138
	Start testing:  2024-11-14 01:06:44.842551
	val_loss:3.5005	val_Mrr_raw:0.3831	val_Hits(raw)@1:0.2709	val_Hits(raw)@3:0.4238	val_Hits(raw)@10:0.6106	val_Mrr_filter:0.3928	val_Hits(filter)@1:0.2842	val_Hits(filter)@3:0.4308	val_Hits(filter)@10:0.6144
Epoch 2 _ Start training:  2024-11-14 01:07:29.305120 =============================================
Epoch 2, loss 3.4841 2024-11-14 01:14:17.319134
	Start validating:  2024-11-14 01:14:17.319419
	train_loss:3.4841	val_loss:3.3100	val_Mrr_raw:0.4156	val_Hits(raw)@1:0.2943	val_Hits(raw)@3:0.4745	val_Hits(raw)@10:0.6499	val_Mrr_filter:0.4315	val_Hits(filter)@1:0.3158	val_Hits(filter)@3:0.4877	val_Hits(filter)@10:0.6540
	Start testing:  2024-11-14 01:15:02.320678
	val_loss:3.2867	val_Mrr_raw:0.4175	val_Hits(raw)@1:0.3002	val_Hits(raw)@3:0.4652	val_Hits(raw)@10:0.6540	val_Mrr_filter:0.4288	val_Hits(filter)@1:0.3150	val_Hits(filter)@3:0.4755	val_Hits(filter)@10:0.6568
Epoch 3 _ Start training:  2024-11-14 01:15:46.691975 =============================================
Epoch 3, loss 3.2753 2024-11-14 01:22:42.886738
	Start validating:  2024-11-14 01:22:42.886841
	train_loss:3.2753	val_loss:3.2358	val_Mrr_raw:0.4331	val_Hits(raw)@1:0.3112	val_Hits(raw)@3:0.4918	val_Hits(raw)@10:0.6707	val_Mrr_filter:0.4500	val_Hits(filter)@1:0.3342	val_Hits(filter)@3:0.5046	val_Hits(filter)@10:0.6748
	Start testing:  2024-11-14 01:23:27.333965
	val_loss:3.1879	val_Mrr_raw:0.4335	val_Hits(raw)@1:0.3123	val_Hits(raw)@3:0.4890	val_Hits(raw)@10:0.6758	val_Mrr_filter:0.4457	val_Hits(filter)@1:0.3291	val_Hits(filter)@3:0.4979	val_Hits(filter)@10:0.6794
Epoch 4 _ Start training:  2024-11-14 01:24:11.570433 =============================================
Epoch 4, loss 3.1154 2024-11-14 01:30:57.520404
	Start validating:  2024-11-14 01:30:57.520706
	train_loss:3.1154	val_loss:3.1536	val_Mrr_raw:0.4485	val_Hits(raw)@1:0.3233	val_Hits(raw)@3:0.5096	val_Hits(raw)@10:0.6934	val_Mrr_filter:0.4669	val_Hits(filter)@1:0.3489	val_Hits(filter)@3:0.5237	val_Hits(filter)@10:0.6974
	Start testing:  2024-11-14 01:31:41.448472
	val_loss:3.1027	val_Mrr_raw:0.4489	val_Hits(raw)@1:0.3247	val_Hits(raw)@3:0.5054	val_Hits(raw)@10:0.6960	val_Mrr_filter:0.4618	val_Hits(filter)@1:0.3418	val_Hits(filter)@3:0.5147	val_Hits(filter)@10:0.7004
Epoch 5 _ Start training:  2024-11-14 01:32:25.800706 =============================================
Epoch 5, loss 2.9731 2024-11-14 01:39:15.617715
	Start validating:  2024-11-14 01:39:15.617839
	train_loss:2.9731	val_loss:3.1399	val_Mrr_raw:0.4562	val_Hits(raw)@1:0.3310	val_Hits(raw)@3:0.5170	val_Hits(raw)@10:0.7008	val_Mrr_filter:0.4752	val_Hits(filter)@1:0.3575	val_Hits(filter)@3:0.5317	val_Hits(filter)@10:0.7054
	Start testing:  2024-11-14 01:39:59.386777
	val_loss:3.0791	val_Mrr_raw:0.4602	val_Hits(raw)@1:0.3371	val_Hits(raw)@3:0.5205	val_Hits(raw)@10:0.7031	val_Mrr_filter:0.4737	val_Hits(filter)@1:0.3556	val_Hits(filter)@3:0.5306	val_Hits(filter)@10:0.7077
Epoch 6 _ Start training:  2024-11-14 01:40:43.621402 =============================================
Epoch 6, loss 2.8452 2024-11-14 01:47:28.133163
	Start validating:  2024-11-14 01:47:28.133251
	train_loss:2.8452	val_loss:3.0947	val_Mrr_raw:0.4662	val_Hits(raw)@1:0.3396	val_Hits(raw)@3:0.5356	val_Hits(raw)@10:0.7081	val_Mrr_filter:0.4855	val_Hits(filter)@1:0.3661	val_Hits(filter)@3:0.5498	val_Hits(filter)@10:0.7122
	Start testing:  2024-11-14 01:48:11.775156
	val_loss:3.0407	val_Mrr_raw:0.4679	val_Hits(raw)@1:0.3433	val_Hits(raw)@3:0.5307	val_Hits(raw)@10:0.7134	val_Mrr_filter:0.4816	val_Hits(filter)@1:0.3616	val_Hits(filter)@3:0.5412	val_Hits(filter)@10:0.7173
Epoch 7 _ Start training:  2024-11-14 01:48:56.912901 =============================================
Epoch 7, loss 2.7214 2024-11-14 01:55:52.952524
	Start validating:  2024-11-14 01:55:52.952671
	train_loss:2.7214	val_loss:3.0800	val_Mrr_raw:0.4749	val_Hits(raw)@1:0.3474	val_Hits(raw)@3:0.5468	val_Hits(raw)@10:0.7199	val_Mrr_filter:0.4945	val_Hits(filter)@1:0.3745	val_Hits(filter)@3:0.5619	val_Hits(filter)@10:0.7237
	Start testing:  2024-11-14 01:56:36.530599
	val_loss:3.0331	val_Mrr_raw:0.4755	val_Hits(raw)@1:0.3503	val_Hits(raw)@3:0.5391	val_Hits(raw)@10:0.7194	val_Mrr_filter:0.4896	val_Hits(filter)@1:0.3697	val_Hits(filter)@3:0.5491	val_Hits(filter)@10:0.7232
Epoch 8 _ Start training:  2024-11-14 01:57:20.975649 =============================================
Epoch 8, loss 2.6084 2024-11-14 02:04:12.460898
	Start validating:  2024-11-14 02:04:12.461245
	train_loss:2.6084	val_loss:3.1196	val_Mrr_raw:0.4773	val_Hits(raw)@1:0.3505	val_Hits(raw)@3:0.5471	val_Hits(raw)@10:0.7217	val_Mrr_filter:0.4970	val_Hits(filter)@1:0.3784	val_Hits(filter)@3:0.5607	val_Hits(filter)@10:0.7257
	Start testing:  2024-11-14 02:04:56.215296
	val_loss:3.0610	val_Mrr_raw:0.4812	val_Hits(raw)@1:0.3559	val_Hits(raw)@3:0.5490	val_Hits(raw)@10:0.7259	val_Mrr_filter:0.4953	val_Hits(filter)@1:0.3744	val_Hits(filter)@3:0.5604	val_Hits(filter)@10:0.7295
Epoch 9 _ Start training:  2024-11-14 02:05:40.165028 =============================================
Epoch 9, loss 2.5065 2024-11-14 02:12:23.632303
	Start validating:  2024-11-14 02:12:23.632606
	train_loss:2.5065	val_loss:3.0983	val_Mrr_raw:0.4821	val_Hits(raw)@1:0.3570	val_Hits(raw)@3:0.5470	val_Hits(raw)@10:0.7291	val_Mrr_filter:0.5018	val_Hits(filter)@1:0.3848	val_Hits(filter)@3:0.5617	val_Hits(filter)@10:0.7332
	Start testing:  2024-11-14 02:13:07.080005
	val_loss:3.0531	val_Mrr_raw:0.4845	val_Hits(raw)@1:0.3592	val_Hits(raw)@3:0.5519	val_Hits(raw)@10:0.7258	val_Mrr_filter:0.4990	val_Hits(filter)@1:0.3799	val_Hits(filter)@3:0.5626	val_Hits(filter)@10:0.7295
Epoch 10 _ Start training:  2024-11-14 02:13:51.279464 =============================================
