nohup: ignoring input
../bertintkg/data/ICEWS14s
# Sanity Check:  entities: 7128
# Sanity Check:  relations: 230
# Sanity Check:  edges: 74845
../bertintkg/data/ICEWS14s
# Sanity Check:  entities: 7128
# Sanity Check:  relations: 230
# Sanity Check:  edges: 74845
# Sanity Check:  ave node num : 226.654605, ave rel num : 92.960526, snapshots num: 0304, max edges num: 0389, min edges num: 0093, max union rate: 1.0000, min union rate: 1.0000
# Sanity Check:  ave node num : 242.866667, ave rel num : 100.400000, snapshots num: 0030, max edges num: 0398, min edges num: 0159, max union rate: 1.0000, min union rate: 1.0000
# Sanity Check:  ave node num : 219.677419, ave rel num : 91.935484, snapshots num: 0031, max edges num: 0357, min edges num: 0112, max union rate: 1.0000, min union rate: 1.0000
# Sanity Check:  ave node num : 219.677419, ave rel num : 91.935484, snapshots num: 0031, max edges num: 0357, min edges num: 0112, max union rate: 1.0000, min union rate: 1.0000
# Sanity Check:  ave node num : 219.677419, ave rel num : 91.935484, snapshots num: 0031, max edges num: 0357, min edges num: 0112, max union rate: 1.0000, min union rate: 1.0000
# Sanity Check:  ave node num : 242.866667, ave rel num : 100.400000, snapshots num: 0030, max edges num: 0398, min edges num: 0159, max union rate: 1.0000, min union rate: 1.0000
# Sanity Check:  ave node num : 242.866667, ave rel num : 100.400000, snapshots num: 0030, max edges num: 0398, min edges num: 0159, max union rate: 1.0000, min union rate: 1.0000
False -------------------------------
{'gpu': '0', 'dataset': 'ICEWS14s', 'n_layers': 2, 'self_loop': True, 'layer_norm': False, 'relation_prediction': True, 'entity_prediction': False, 'n_epochs': 20, 'lr': 0.001, 'grad_norm': 1.0, 'n_hidden': 200, 'k_hop': 2, 'task': 0.7, 'short': True, 'long': True, 'gnn': 'regcn', 'fuse': 'gate', 'r_fuse': 'gate', 'record': True, 'model_record': True, 'config': 'long_config.yaml'}
{'h_dim': 200, 'num_hidden_layers': 2, 'decoder': 'convtranse', 'encoder': 'uvrgcn', 'sequence': 'regcn', 'short_model': 'biregcn', 'pe_init': 'rw', 'pe_dim': 9, 'pe_dim_lis': [6], 'sequence_len_lis': [1], 'use_static': False, 'weight': 0.5, 'discount': 1, 'angle': 10, 'dropout': 0.2, 'num_bases': 100, 'num_basis': 100, 'self_loop': True, 'skip_connect': False, 'input_dropout': 0.2, 'hidden_dropout': 0.2, 'feat_dropout': 0.2, 'aggregation': 'none', 'entity_prediction': True, 'relation_prediction': True, 'opn': 'sub', 'num_words': 0, 'num_static_rels': 0}
{'h_dim': 200, 'out_dim': 200, 'encoder': 'regcn', 'decoder': 'rgat_r1', 'feat_drop': 0.0, 'attn_drop': 0.0, 'a_layer_num': 2, 'd_layer_num': 3, 'max_length': 10, 'filter': False, 'low_memory': True, 'last': True, 'ori': False, 'pe_init': 'None', 'pe_dim': 3, 'time_length': 365, 'time_idx': array([    0,   131,   322,   490,   626,   747,   974,  1207,  1427,
        1683,  1936,  2053,  2218,  2496,  2715,  2964,  3229,  3472,
        3623,  3749,  4032,  4293,  4565,  4832,  5080,  5225,  5384,
        5639,  5876,  6144,  6429,  6683,  6811,  6949,  7193,  7466,
        7727,  7996,  8219,  8368,  8483,  8765,  9023,  9289,  9564,
        9826, 10008, 10132, 10389, 10666, 10932, 11210, 11471, 11655,
       11792, 12082, 12362, 12644, 12925, 13177, 13341, 13497, 13743,
       13997, 14242, 14478, 14706, 14849, 14991, 15240, 15514, 15802,
       16064, 16350, 16490, 16629, 16900, 17163, 17414, 17675, 17937,
       18075, 18205, 18475, 18744, 19006, 19278, 19528, 19667, 19810,
       20067, 20320, 20573, 20818, 21083, 21242, 21382, 21640, 21938,
       22222, 22475, 22719, 22859, 22982, 23286, 23562, 23798, 24035,
       24229, 24355, 24483, 24680, 24897, 25124, 25379, 25636, 25797,
       25957, 26162, 26442, 26728, 26929, 27156, 27298, 27458, 27719,
       28010, 28279, 28534, 28807, 28965, 29136, 29404, 29676, 29914,
       30180, 30456, 30611, 30736, 31042, 31369, 31660, 31963, 32227,
       32407, 32595, 32816, 33046, 33322, 33622, 33869, 34015, 34152,
       34401, 34665, 34938, 35203, 35466, 35628, 35765, 36036, 36322,
       36552, 36820, 37090, 37234, 37381, 37701, 37999, 38287, 38588,
       38867, 38992, 39122, 39426, 39673, 39924, 40180, 40423, 40564,
       40682, 40951, 41211, 41458, 41730, 41995, 42138, 42280, 42553,
       42831, 43076, 43313, 43543, 43668, 43811, 44064, 44317, 44556,
       44808, 45047, 45183, 45321, 45565, 45785, 46043, 46289, 46515,
       46630, 46749, 46972, 47186, 47413, 47658, 47864, 47987, 48116,
       48342, 48584, 48822, 49067, 49285, 49408, 49548, 49838, 50092,
       50354, 50566, 50793, 50911, 51050, 51311, 51578, 51804, 52043,
       52262, 52396, 52523, 52812, 53076, 53348, 53628, 53812, 53968,
       54099, 54372, 54664, 54949, 55213, 55441, 55591, 55753, 56044,
       56308, 56602, 56895, 57149, 57301, 57470, 57759, 58013, 58282,
       58556, 58823, 58977, 59141, 59438, 59730, 59982, 60251, 60506,
       60683, 60799, 61096, 61363, 61662, 61960, 62216, 62336, 62480,
       62722, 63020, 63283, 63553, 63787, 63943, 64094, 64364, 64646,
       64953, 65234, 65500, 65670, 65810, 66134, 66440, 66727, 67006,
       67237, 67382, 67522, 67822, 68105, 68401, 68643, 68903, 69045,
       69195, 69478, 69741, 70009, 70274, 70529, 70693, 70846, 71148,
       71427, 71726, 72025, 72284, 72449, 72589, 72917, 73214, 73514,
       73808, 74095, 74272, 74431, 74730, 74993, 75304, 75594, 75854,
       76008, 76189, 76495, 76779, 77080, 77331, 77570, 77732, 77908,
       78196, 78469, 78756, 79055, 79297, 79410, 79555, 79852, 80132,
       80393, 80644, 80868, 80989, 81123, 81372, 81621, 81802, 81928,
       82095, 82217, 82343, 82593, 82801, 82999])}
load data online
Logging to results/g_0_ICEWS14s_short_True_short-model_biregcn_long_True_f_gate_fr_gate_ta_0.7_gnn1_regcn_2_gnn2_rgat_r1_3_seq_regcn_1_max_length_10_fil_False_ori_Falselast_True
use layer :uvrgcn
activate function: <function rrelu at 0x76adce191300>
pe_dim in UnionRGCNLayer==> 6
activate function: <function rrelu at 0x76adce191300>
pe_dim in UnionRGCNLayer==> 6
use layer :uvrgcn
activate function: <function rrelu at 0x76adce191300>
pe_dim in UnionRGCNLayer==> 6
activate function: <function rrelu at 0x76adce191300>
pe_dim in UnionRGCNLayer==> 6
Epoch 0 _ Start training:  2024-11-12 06:24:24.442256 =============================================
Epoch 0, loss 4.5751 2024-11-12 06:26:52.118483
	Start validating:  2024-11-12 06:26:52.120082
	train_loss:4.5751	val_loss:3.8274	val_Mrr_raw:0.3281	val_Hits(raw)@1:0.2255	val_Hits(raw)@3:0.3637	val_Hits(raw)@10:0.5328	val_Mrr_filter:0.3397	val_Hits(filter)@1:0.2409	val_Hits(filter)@3:0.3727	val_Hits(filter)@10:0.5367
	Start testing:  2024-11-12 06:27:15.970992
	val_loss:3.8393	val_Mrr_raw:0.3202	val_Hits(raw)@1:0.2196	val_Hits(raw)@3:0.3488	val_Hits(raw)@10:0.5195	val_Mrr_filter:0.3272	val_Hits(filter)@1:0.2287	val_Hits(filter)@3:0.3538	val_Hits(filter)@10:0.5222
Epoch 1 _ Start training:  2024-11-12 06:27:39.333528 =============================================
Epoch 1, loss 3.7156 2024-11-12 06:30:04.729085
	Start validating:  2024-11-12 06:30:04.729136
	train_loss:3.7156	val_loss:3.4545	val_Mrr_raw:0.3955	val_Hits(raw)@1:0.2822	val_Hits(raw)@3:0.4409	val_Hits(raw)@10:0.6193	val_Mrr_filter:0.4110	val_Hits(filter)@1:0.3036	val_Hits(filter)@3:0.4537	val_Hits(filter)@10:0.6237
	Start testing:  2024-11-12 06:30:28.579896
	val_loss:3.4497	val_Mrr_raw:0.3914	val_Hits(raw)@1:0.2804	val_Hits(raw)@3:0.4326	val_Hits(raw)@10:0.6155	val_Mrr_filter:0.4025	val_Hits(filter)@1:0.2953	val_Hits(filter)@3:0.4408	val_Hits(filter)@10:0.6186
Epoch 2 _ Start training:  2024-11-12 06:30:51.842796 =============================================
Epoch 2, loss 3.4070 2024-11-12 06:33:18.656227
	Start validating:  2024-11-12 06:33:18.656303
	train_loss:3.4070	val_loss:3.2827	val_Mrr_raw:0.4226	val_Hits(raw)@1:0.3016	val_Hits(raw)@3:0.4793	val_Hits(raw)@10:0.6634	val_Mrr_filter:0.4393	val_Hits(filter)@1:0.3243	val_Hits(filter)@3:0.4927	val_Hits(filter)@10:0.6681
	Start testing:  2024-11-12 06:33:42.380851
	val_loss:3.2511	val_Mrr_raw:0.4252	val_Hits(raw)@1:0.3066	val_Hits(raw)@3:0.4775	val_Hits(raw)@10:0.6594	val_Mrr_filter:0.4378	val_Hits(filter)@1:0.3240	val_Hits(filter)@3:0.4864	val_Hits(filter)@10:0.6631
Epoch 3 _ Start training:  2024-11-12 06:34:05.668494 =============================================
Epoch 3, loss 3.1998 2024-11-12 06:36:31.926462
	Start validating:  2024-11-12 06:36:31.926510
	train_loss:3.1998	val_loss:3.1905	val_Mrr_raw:0.4441	val_Hits(raw)@1:0.3222	val_Hits(raw)@3:0.5029	val_Hits(raw)@10:0.6843	val_Mrr_filter:0.4627	val_Hits(filter)@1:0.3482	val_Hits(filter)@3:0.5155	val_Hits(filter)@10:0.6899
	Start testing:  2024-11-12 06:36:55.648395
	val_loss:3.1425	val_Mrr_raw:0.4440	val_Hits(raw)@1:0.3223	val_Hits(raw)@3:0.5001	val_Hits(raw)@10:0.6800	val_Mrr_filter:0.4580	val_Hits(filter)@1:0.3421	val_Hits(filter)@3:0.5102	val_Hits(filter)@10:0.6834
Epoch 4 _ Start training:  2024-11-12 06:37:18.922360 =============================================
Epoch 4, loss 3.0333 2024-11-12 06:39:45.217875
	Start validating:  2024-11-12 06:39:45.217927
	train_loss:3.0333	val_loss:3.1373	val_Mrr_raw:0.4590	val_Hits(raw)@1:0.3347	val_Hits(raw)@3:0.5227	val_Hits(raw)@10:0.6997	val_Mrr_filter:0.4779	val_Hits(filter)@1:0.3612	val_Hits(filter)@3:0.5362	val_Hits(filter)@10:0.7039
	Start testing:  2024-11-12 06:40:08.985945
	val_loss:3.0982	val_Mrr_raw:0.4574	val_Hits(raw)@1:0.3352	val_Hits(raw)@3:0.5180	val_Hits(raw)@10:0.6956	val_Mrr_filter:0.4718	val_Hits(filter)@1:0.3551	val_Hits(filter)@3:0.5282	val_Hits(filter)@10:0.6984
Epoch 5 _ Start training:  2024-11-12 06:40:32.439794 =============================================
Epoch 5, loss 2.8898 2024-11-12 06:42:59.075840
	Start validating:  2024-11-12 06:42:59.075893
	train_loss:2.8898	val_loss:3.1216	val_Mrr_raw:0.4627	val_Hits(raw)@1:0.3353	val_Hits(raw)@3:0.5328	val_Hits(raw)@10:0.7078	val_Mrr_filter:0.4815	val_Hits(filter)@1:0.3616	val_Hits(filter)@3:0.5464	val_Hits(filter)@10:0.7121
	Start testing:  2024-11-12 06:43:22.812992
	val_loss:3.0685	val_Mrr_raw:0.4650	val_Hits(raw)@1:0.3400	val_Hits(raw)@3:0.5292	val_Hits(raw)@10:0.7072	val_Mrr_filter:0.4793	val_Hits(filter)@1:0.3605	val_Hits(filter)@3:0.5383	val_Hits(filter)@10:0.7104
Epoch 6 _ Start training:  2024-11-12 06:43:45.923474 =============================================
Epoch 6, loss 2.7547 2024-11-12 06:46:11.818420
	Start validating:  2024-11-12 06:46:11.818497
	train_loss:2.7547	val_loss:3.0835	val_Mrr_raw:0.4737	val_Hits(raw)@1:0.3465	val_Hits(raw)@3:0.5447	val_Hits(raw)@10:0.7161	val_Mrr_filter:0.4939	val_Hits(filter)@1:0.3756	val_Hits(filter)@3:0.5573	val_Hits(filter)@10:0.7202
	Start testing:  2024-11-12 06:46:35.615428
	val_loss:3.0356	val_Mrr_raw:0.4752	val_Hits(raw)@1:0.3524	val_Hits(raw)@3:0.5387	val_Hits(raw)@10:0.7135	val_Mrr_filter:0.4896	val_Hits(filter)@1:0.3723	val_Hits(filter)@3:0.5494	val_Hits(filter)@10:0.7167
Epoch 7 _ Start training:  2024-11-12 06:46:58.838823 =============================================
Epoch 7, loss 2.6335 2024-11-12 06:49:26.715174
	Start validating:  2024-11-12 06:49:26.715332
	train_loss:2.6335	val_loss:3.0859	val_Mrr_raw:0.4800	val_Hits(raw)@1:0.3547	val_Hits(raw)@3:0.5479	val_Hits(raw)@10:0.7209	val_Mrr_filter:0.5000	val_Hits(filter)@1:0.3833	val_Hits(filter)@3:0.5604	val_Hits(filter)@10:0.7263
	Start testing:  2024-11-12 06:49:50.538968
	val_loss:3.0396	val_Mrr_raw:0.4777	val_Hits(raw)@1:0.3545	val_Hits(raw)@3:0.5416	val_Hits(raw)@10:0.7166	val_Mrr_filter:0.4924	val_Hits(filter)@1:0.3753	val_Hits(filter)@3:0.5516	val_Hits(filter)@10:0.7198
Epoch 8 _ Start training:  2024-11-12 06:50:13.778905 =============================================
Epoch 8, loss 2.5148 2024-11-12 06:52:40.182005
	Start validating:  2024-11-12 06:52:40.182104
	train_loss:2.5148	val_loss:3.1039	val_Mrr_raw:0.4775	val_Hits(raw)@1:0.3493	val_Hits(raw)@3:0.5486	val_Hits(raw)@10:0.7218	val_Mrr_filter:0.4977	val_Hits(filter)@1:0.3783	val_Hits(filter)@3:0.5623	val_Hits(filter)@10:0.7253
	Start testing:  2024-11-12 06:53:03.924844
	val_loss:3.0387	val_Mrr_raw:0.4808	val_Hits(raw)@1:0.3552	val_Hits(raw)@3:0.5465	val_Hits(raw)@10:0.7264	val_Mrr_filter:0.4953	val_Hits(filter)@1:0.3757	val_Hits(filter)@3:0.5564	val_Hits(filter)@10:0.7298
Epoch 9 _ Start training:  2024-11-12 06:53:27.167615 =============================================
Epoch 9, loss 2.4117 2024-11-12 06:55:55.208594
	Start validating:  2024-11-12 06:55:55.208642
	train_loss:2.4117	val_loss:3.1077	val_Mrr_raw:0.4856	val_Hits(raw)@1:0.3578	val_Hits(raw)@3:0.5562	val_Hits(raw)@10:0.7292	val_Mrr_filter:0.5056	val_Hits(filter)@1:0.3866	val_Hits(filter)@3:0.5693	val_Hits(filter)@10:0.7339
	Start testing:  2024-11-12 06:56:19.058931
	val_loss:3.0601	val_Mrr_raw:0.4849	val_Hits(raw)@1:0.3614	val_Hits(raw)@3:0.5511	val_Hits(raw)@10:0.7293	val_Mrr_filter:0.4994	val_Hits(filter)@1:0.3814	val_Hits(filter)@3:0.5615	val_Hits(filter)@10:0.7325
Epoch 10 _ Start training:  2024-11-12 06:56:42.325287 =============================================
Epoch 10, loss 2.3169 2024-11-12 06:59:09.773404
	Start validating:  2024-11-12 06:59:09.773491
	train_loss:2.3169	val_loss:3.1379	val_Mrr_raw:0.4833	val_Hits(raw)@1:0.3559	val_Hits(raw)@3:0.5556	val_Hits(raw)@10:0.7264	val_Mrr_filter:0.5033	val_Hits(filter)@1:0.3844	val_Hits(filter)@3:0.5689	val_Hits(filter)@10:0.7310
	Start testing:  2024-11-12 06:59:33.497335
	val_loss:3.0806	val_Mrr_raw:0.4841	val_Hits(raw)@1:0.3608	val_Hits(raw)@3:0.5508	val_Hits(raw)@10:0.7272	val_Mrr_filter:0.4986	val_Hits(filter)@1:0.3808	val_Hits(filter)@3:0.5611	val_Hits(filter)@10:0.7306
Epoch 11 _ Start training:  2024-11-12 06:59:56.788239 =============================================
Epoch 11, loss 2.2317 2024-11-12 07:02:24.635139
	Start validating:  2024-11-12 07:02:24.635211
	train_loss:2.2317	val_loss:3.1595	val_Mrr_raw:0.4825	val_Hits(raw)@1:0.3550	val_Hits(raw)@3:0.5552	val_Hits(raw)@10:0.7270	val_Mrr_filter:0.5020	val_Hits(filter)@1:0.3826	val_Hits(filter)@3:0.5686	val_Hits(filter)@10:0.7313
	Start testing:  2024-11-12 07:02:48.361281
	val_loss:3.0906	val_Mrr_raw:0.4863	val_Hits(raw)@1:0.3620	val_Hits(raw)@3:0.5535	val_Hits(raw)@10:0.7288	val_Mrr_filter:0.5010	val_Hits(filter)@1:0.3832	val_Hits(filter)@3:0.5641	val_Hits(filter)@10:0.7327
Epoch 12 _ Start training:  2024-11-12 07:03:11.571880 =============================================
Epoch 12, loss 2.1505 2024-11-12 07:05:37.269056
	Start validating:  2024-11-12 07:05:37.269108
	train_loss:2.1505	val_loss:3.1983	val_Mrr_raw:0.4820	val_Hits(raw)@1:0.3549	val_Hits(raw)@3:0.5561	val_Hits(raw)@10:0.7257	val_Mrr_filter:0.5015	val_Hits(filter)@1:0.3820	val_Hits(filter)@3:0.5694	val_Hits(filter)@10:0.7303
	Start testing:  2024-11-12 07:06:00.976687
	val_loss:3.1417	val_Mrr_raw:0.4840	val_Hits(raw)@1:0.3592	val_Hits(raw)@3:0.5507	val_Hits(raw)@10:0.7283	val_Mrr_filter:0.4982	val_Hits(filter)@1:0.3788	val_Hits(filter)@3:0.5622	val_Hits(filter)@10:0.7318
Epoch 13 _ Start training:  2024-11-12 07:06:24.207622 =============================================
Epoch 13, loss 2.0839 2024-11-12 07:08:50.050455
	Start validating:  2024-11-12 07:08:50.050535
	train_loss:2.0839	val_loss:3.2298	val_Mrr_raw:0.4786	val_Hits(raw)@1:0.3503	val_Hits(raw)@3:0.5506	val_Hits(raw)@10:0.7215	val_Mrr_filter:0.4985	val_Hits(filter)@1:0.3790	val_Hits(filter)@3:0.5637	val_Hits(filter)@10:0.7259
	Start testing:  2024-11-12 07:09:13.823512
	val_loss:3.1672	val_Mrr_raw:0.4821	val_Hits(raw)@1:0.3584	val_Hits(raw)@3:0.5492	val_Hits(raw)@10:0.7208	val_Mrr_filter:0.4964	val_Hits(filter)@1:0.3785	val_Hits(filter)@3:0.5592	val_Hits(filter)@10:0.7236
Epoch 14 _ Start training:  2024-11-12 07:09:37.065669 =============================================
Epoch 14, loss 2.0153 2024-11-12 07:12:03.427577
	Start validating:  2024-11-12 07:12:03.427626
	train_loss:2.0153	val_loss:3.2684	val_Mrr_raw:0.4796	val_Hits(raw)@1:0.3529	val_Hits(raw)@3:0.5483	val_Hits(raw)@10:0.7209	val_Mrr_filter:0.4998	val_Hits(filter)@1:0.3823	val_Hits(filter)@3:0.5613	val_Hits(filter)@10:0.7252
	Start testing:  2024-11-12 07:12:27.249288
	val_loss:3.1956	val_Mrr_raw:0.4841	val_Hits(raw)@1:0.3605	val_Hits(raw)@3:0.5487	val_Hits(raw)@10:0.7251	val_Mrr_filter:0.4988	val_Hits(filter)@1:0.3816	val_Hits(filter)@3:0.5580	val_Hits(filter)@10:0.7289
Epoch 15 _ Start training:  2024-11-12 07:12:50.529188 =============================================
Epoch 15, loss 1.9560 2024-11-12 07:15:17.819093
	Start validating:  2024-11-12 07:15:17.819144
	train_loss:1.9560	val_loss:3.2978	val_Mrr_raw:0.4812	val_Hits(raw)@1:0.3566	val_Hits(raw)@3:0.5500	val_Hits(raw)@10:0.7173	val_Mrr_filter:0.5007	val_Hits(filter)@1:0.3842	val_Hits(filter)@3:0.5628	val_Hits(filter)@10:0.7214
	Start testing:  2024-11-12 07:15:41.665022
	val_loss:3.2225	val_Mrr_raw:0.4830	val_Hits(raw)@1:0.3604	val_Hits(raw)@3:0.5472	val_Hits(raw)@10:0.7211	val_Mrr_filter:0.4965	val_Hits(filter)@1:0.3785	val_Hits(filter)@3:0.5574	val_Hits(filter)@10:0.7253
Epoch 16 _ Start training:  2024-11-12 07:16:04.938430 =============================================
Epoch 16, loss 1.9071 2024-11-12 07:18:32.952863
	Start validating:  2024-11-12 07:18:32.952941
	train_loss:1.9071	val_loss:3.3873	val_Mrr_raw:0.4733	val_Hits(raw)@1:0.3467	val_Hits(raw)@3:0.5447	val_Hits(raw)@10:0.7168	val_Mrr_filter:0.4920	val_Hits(filter)@1:0.3732	val_Hits(filter)@3:0.5568	val_Hits(filter)@10:0.7213
	Start testing:  2024-11-12 07:18:56.704962
	val_loss:3.2996	val_Mrr_raw:0.4777	val_Hits(raw)@1:0.3563	val_Hits(raw)@3:0.5416	val_Hits(raw)@10:0.7156	val_Mrr_filter:0.4912	val_Hits(filter)@1:0.3748	val_Hits(filter)@3:0.5520	val_Hits(filter)@10:0.7194
Epoch 17 _ Start training:  2024-11-12 07:19:20.043037 =============================================
Epoch 17, loss 1.8561 2024-11-12 07:21:46.732723
	Start validating:  2024-11-12 07:21:46.732857
	train_loss:1.8561	val_loss:3.3752	val_Mrr_raw:0.4747	val_Hits(raw)@1:0.3495	val_Hits(raw)@3:0.5436	val_Hits(raw)@10:0.7159	val_Mrr_filter:0.4927	val_Hits(filter)@1:0.3745	val_Hits(filter)@3:0.5569	val_Hits(filter)@10:0.7203
	Start testing:  2024-11-12 07:22:10.484103
	val_loss:3.3031	val_Mrr_raw:0.4786	val_Hits(raw)@1:0.3546	val_Hits(raw)@3:0.5461	val_Hits(raw)@10:0.7166	val_Mrr_filter:0.4928	val_Hits(filter)@1:0.3741	val_Hits(filter)@3:0.5572	val_Hits(filter)@10:0.7198
Epoch 18 _ Start training:  2024-11-12 07:22:33.698139 =============================================
Epoch 18, loss 1.8073 2024-11-12 07:24:59.649631
	Start validating:  2024-11-12 07:24:59.649678
	train_loss:1.8073	val_loss:3.3632	val_Mrr_raw:0.4742	val_Hits(raw)@1:0.3479	val_Hits(raw)@3:0.5442	val_Hits(raw)@10:0.7175	val_Mrr_filter:0.4939	val_Hits(filter)@1:0.3763	val_Hits(filter)@3:0.5574	val_Hits(filter)@10:0.7214
	Start testing:  2024-11-12 07:25:23.345134
	val_loss:3.3161	val_Mrr_raw:0.4766	val_Hits(raw)@1:0.3540	val_Hits(raw)@3:0.5431	val_Hits(raw)@10:0.7152	val_Mrr_filter:0.4905	val_Hits(filter)@1:0.3732	val_Hits(filter)@3:0.5541	val_Hits(filter)@10:0.7186
Epoch 19 _ Start training:  2024-11-12 07:25:46.684282 =============================================
Epoch 19, loss 1.7671 2024-11-12 07:28:14.275571
	Start validating:  2024-11-12 07:28:14.275645
	train_loss:1.7671	val_loss:3.3967	val_Mrr_raw:0.4723	val_Hits(raw)@1:0.3463	val_Hits(raw)@3:0.5408	val_Hits(raw)@10:0.7158	val_Mrr_filter:0.4904	val_Hits(filter)@1:0.3717	val_Hits(filter)@3:0.5545	val_Hits(filter)@10:0.7200
	Start testing:  2024-11-12 07:28:38.225882
	val_loss:3.3512	val_Mrr_raw:0.4749	val_Hits(raw)@1:0.3540	val_Hits(raw)@3:0.5392	val_Hits(raw)@10:0.7097	val_Mrr_filter:0.4883	val_Hits(filter)@1:0.3725	val_Hits(filter)@3:0.5488	val_Hits(filter)@10:0.7132
