nohup: ignoring input
Logging to results/g_1_ICEWS14s_short_True_long_True_f_gate_fr_gate_ta_0.7_gnn1_regcn_2_gnn2_rgat_r1_3_seq_rnn_3_max_length_10_fil_False_ori_Falselast_True
../bertintkg/data/ICEWS14s
# Sanity Check:  entities: 7128
# Sanity Check:  relations: 230
# Sanity Check:  edges: 74845
../bertintkg/data/ICEWS14s
# Sanity Check:  entities: 7128
# Sanity Check:  relations: 230
# Sanity Check:  edges: 74845
# Sanity Check:  ave node num : 226.654605, ave rel num : 92.960526, snapshots num: 0304, max edges num: 0389, min edges num: 0093, max union rate: 1.0000, min union rate: 1.0000
# Sanity Check:  ave node num : 242.866667, ave rel num : 100.400000, snapshots num: 0030, max edges num: 0398, min edges num: 0159, max union rate: 1.0000, min union rate: 1.0000
# Sanity Check:  ave node num : 219.677419, ave rel num : 91.935484, snapshots num: 0031, max edges num: 0357, min edges num: 0112, max union rate: 1.0000, min union rate: 1.0000
# Sanity Check:  ave node num : 219.677419, ave rel num : 91.935484, snapshots num: 0031, max edges num: 0357, min edges num: 0112, max union rate: 1.0000, min union rate: 1.0000
# Sanity Check:  ave node num : 219.677419, ave rel num : 91.935484, snapshots num: 0031, max edges num: 0357, min edges num: 0112, max union rate: 1.0000, min union rate: 1.0000
# Sanity Check:  ave node num : 242.866667, ave rel num : 100.400000, snapshots num: 0030, max edges num: 0398, min edges num: 0159, max union rate: 1.0000, min union rate: 1.0000
# Sanity Check:  ave node num : 242.866667, ave rel num : 100.400000, snapshots num: 0030, max edges num: 0398, min edges num: 0159, max union rate: 1.0000, min union rate: 1.0000
False -------------------------------
{'gpu': '1', 'dataset': 'ICEWS14s', 'n_layers': 2, 'self_loop': True, 'layer_norm': False, 'relation_prediction': True, 'entity_prediction': False, 'n_epochs': 25, 'lr': 0.001, 'grad_norm': 1.0, 'n_hidden': 200, 'k_hop': 2, 'task': 0.7, 'short': True, 'long': True, 'gnn': 'regcn', 'fuse': 'gate', 'r_fuse': 'gate', 'record': True, 'model_record': True, 'config': 'long_config.yaml'}
{'h_dim': 200, 'num_hidden_layers': 2, 'decoder': 'convtranse', 'encoder': 'uvrgcn', 'sequence': 'rnn', 'sequence_len': 3, 'use_static': False, 'weight': 0.5, 'discount': 1, 'angle': 10, 'dropout': 0.2, 'num_bases': 100, 'num_basis': 100, 'self_loop': True, 'skip_connect': False, 'input_dropout': 0.2, 'hidden_dropout': 0.2, 'feat_dropout': 0.2, 'aggregation': 'none', 'entity_prediction': True, 'relation_prediction': True, 'opn': 'sub', 'num_words': 0, 'num_static_rels': 0}
{'h_dim': 200, 'out_dim': 200, 'encoder': 'regcn', 'decoder': 'rgat_r1', 'feat_drop': 0.0, 'attn_drop': 0.0, 'a_layer_num': 2, 'd_layer_num': 3, 'max_length': 10, 'filter': False, 'low_memory': True, 'last': True, 'ori': False, 'time_length': 365, 'time_idx': array([    0,   131,   322,   490,   626,   747,   974,  1207,  1427,
        1683,  1936,  2053,  2218,  2496,  2715,  2964,  3229,  3472,
        3623,  3749,  4032,  4293,  4565,  4832,  5080,  5225,  5384,
        5639,  5876,  6144,  6429,  6683,  6811,  6949,  7193,  7466,
        7727,  7996,  8219,  8368,  8483,  8765,  9023,  9289,  9564,
        9826, 10008, 10132, 10389, 10666, 10932, 11210, 11471, 11655,
       11792, 12082, 12362, 12644, 12925, 13177, 13341, 13497, 13743,
       13997, 14242, 14478, 14706, 14849, 14991, 15240, 15514, 15802,
       16064, 16350, 16490, 16629, 16900, 17163, 17414, 17675, 17937,
       18075, 18205, 18475, 18744, 19006, 19278, 19528, 19667, 19810,
       20067, 20320, 20573, 20818, 21083, 21242, 21382, 21640, 21938,
       22222, 22475, 22719, 22859, 22982, 23286, 23562, 23798, 24035,
       24229, 24355, 24483, 24680, 24897, 25124, 25379, 25636, 25797,
       25957, 26162, 26442, 26728, 26929, 27156, 27298, 27458, 27719,
       28010, 28279, 28534, 28807, 28965, 29136, 29404, 29676, 29914,
       30180, 30456, 30611, 30736, 31042, 31369, 31660, 31963, 32227,
       32407, 32595, 32816, 33046, 33322, 33622, 33869, 34015, 34152,
       34401, 34665, 34938, 35203, 35466, 35628, 35765, 36036, 36322,
       36552, 36820, 37090, 37234, 37381, 37701, 37999, 38287, 38588,
       38867, 38992, 39122, 39426, 39673, 39924, 40180, 40423, 40564,
       40682, 40951, 41211, 41458, 41730, 41995, 42138, 42280, 42553,
       42831, 43076, 43313, 43543, 43668, 43811, 44064, 44317, 44556,
       44808, 45047, 45183, 45321, 45565, 45785, 46043, 46289, 46515,
       46630, 46749, 46972, 47186, 47413, 47658, 47864, 47987, 48116,
       48342, 48584, 48822, 49067, 49285, 49408, 49548, 49838, 50092,
       50354, 50566, 50793, 50911, 51050, 51311, 51578, 51804, 52043,
       52262, 52396, 52523, 52812, 53076, 53348, 53628, 53812, 53968,
       54099, 54372, 54664, 54949, 55213, 55441, 55591, 55753, 56044,
       56308, 56602, 56895, 57149, 57301, 57470, 57759, 58013, 58282,
       58556, 58823, 58977, 59141, 59438, 59730, 59982, 60251, 60506,
       60683, 60799, 61096, 61363, 61662, 61960, 62216, 62336, 62480,
       62722, 63020, 63283, 63553, 63787, 63943, 64094, 64364, 64646,
       64953, 65234, 65500, 65670, 65810, 66134, 66440, 66727, 67006,
       67237, 67382, 67522, 67822, 68105, 68401, 68643, 68903, 69045,
       69195, 69478, 69741, 70009, 70274, 70529, 70693, 70846, 71148,
       71427, 71726, 72025, 72284, 72449, 72589, 72917, 73214, 73514,
       73808, 74095, 74272, 74431, 74730, 74993, 75304, 75594, 75854,
       76008, 76189, 76495, 76779, 77080, 77331, 77570, 77732, 77908,
       78196, 78469, 78756, 79055, 79297, 79410, 79555, 79852, 80132,
       80393, 80644, 80868, 80989, 81123, 81372, 81621, 81802, 81928,
       82095, 82217, 82343, 82593, 82801, 82999])}
use layer :uvrgcn
activate function: <function rrelu at 0x7a858cd81580>
activate function: <function rrelu at 0x7a858cd81580>
use layer :uvrgcn
activate function: <function rrelu at 0x7a858cd81580>
activate function: <function rrelu at 0x7a858cd81580>
load data online
Epoch 0 _ Start training:  2024-10-16 23:08:21.092447 =============================================
Epoch 0, loss 4.7882 2024-10-16 23:09:38.810646
	Start validating:  2024-10-16 23:09:38.810797
	train_loss:4.7882	val_loss:4.0949	val_Mrr_raw:0.2775	val_Hits(raw)@1:0.1732	val_Hits(raw)@3:0.3080	val_Hits(raw)@10:0.4831	val_Mrr_filter:0.2858	val_Hits(filter)@1:0.1829	val_Hits(filter)@3:0.3173	val_Hits(filter)@10:0.4873
	Start testing:  2024-10-16 23:09:50.497521
	val_loss:4.1397	val_Mrr_raw:0.2624	val_Hits(raw)@1:0.1635	val_Hits(raw)@3:0.2864	val_Hits(raw)@10:0.4584	val_Mrr_filter:0.2672	val_Hits(filter)@1:0.1698	val_Hits(filter)@3:0.2903	val_Hits(filter)@10:0.4617
Epoch 1 _ Start training:  2024-10-16 23:10:02.015118 =============================================
Epoch 1, loss 4.0388 2024-10-16 23:11:19.151081
	Start validating:  2024-10-16 23:11:19.151144
	train_loss:4.0388	val_loss:3.6542	val_Mrr_raw:0.3573	val_Hits(raw)@1:0.2452	val_Hits(raw)@3:0.3999	val_Hits(raw)@10:0.5844	val_Mrr_filter:0.3695	val_Hits(filter)@1:0.2606	val_Hits(filter)@3:0.4120	val_Hits(filter)@10:0.5891
	Start testing:  2024-10-16 23:11:30.885277
	val_loss:3.6394	val_Mrr_raw:0.3517	val_Hits(raw)@1:0.2414	val_Hits(raw)@3:0.3900	val_Hits(raw)@10:0.5749	val_Mrr_filter:0.3601	val_Hits(filter)@1:0.2523	val_Hits(filter)@3:0.3963	val_Hits(filter)@10:0.5793
Epoch 2 _ Start training:  2024-10-16 23:11:42.461478 =============================================
Epoch 2, loss 3.7177 2024-10-16 23:12:59.659863
	Start validating:  2024-10-16 23:12:59.659976
	train_loss:3.7177	val_loss:3.5013	val_Mrr_raw:0.3836	val_Hits(raw)@1:0.2650	val_Hits(raw)@3:0.4325	val_Hits(raw)@10:0.6223	val_Mrr_filter:0.3974	val_Hits(filter)@1:0.2837	val_Hits(filter)@3:0.4430	val_Hits(filter)@10:0.6267
	Start testing:  2024-10-16 23:13:11.453656
	val_loss:3.4400	val_Mrr_raw:0.3877	val_Hits(raw)@1:0.2681	val_Hits(raw)@3:0.4354	val_Hits(raw)@10:0.6296	val_Mrr_filter:0.3984	val_Hits(filter)@1:0.2823	val_Hits(filter)@3:0.4439	val_Hits(filter)@10:0.6332
Epoch 3 _ Start training:  2024-10-16 23:13:23.029573 =============================================
Epoch 3, loss 3.5022 2024-10-16 23:14:40.252016
	Start validating:  2024-10-16 23:14:40.252079
	train_loss:3.5022	val_loss:3.3837	val_Mrr_raw:0.4113	val_Hits(raw)@1:0.2869	val_Hits(raw)@3:0.4699	val_Hits(raw)@10:0.6569	val_Mrr_filter:0.4272	val_Hits(filter)@1:0.3087	val_Hits(filter)@3:0.4822	val_Hits(filter)@10:0.6617
	Start testing:  2024-10-16 23:14:51.882452
	val_loss:3.3056	val_Mrr_raw:0.4174	val_Hits(raw)@1:0.2953	val_Hits(raw)@3:0.4737	val_Hits(raw)@10:0.6595	val_Mrr_filter:0.4294	val_Hits(filter)@1:0.3117	val_Hits(filter)@3:0.4830	val_Hits(filter)@10:0.6636
Epoch 4 _ Start training:  2024-10-16 23:15:03.402205 =============================================
Epoch 4, loss 3.3234 2024-10-16 23:16:20.808587
	Start validating:  2024-10-16 23:16:20.808646
	train_loss:3.3234	val_loss:3.3422	val_Mrr_raw:0.4290	val_Hits(raw)@1:0.3069	val_Hits(raw)@3:0.4878	val_Hits(raw)@10:0.6714	val_Mrr_filter:0.4455	val_Hits(filter)@1:0.3293	val_Hits(filter)@3:0.5012	val_Hits(filter)@10:0.6758
	Start testing:  2024-10-16 23:16:32.499670
	val_loss:3.2461	val_Mrr_raw:0.4312	val_Hits(raw)@1:0.3083	val_Hits(raw)@3:0.4882	val_Hits(raw)@10:0.6831	val_Mrr_filter:0.4430	val_Hits(filter)@1:0.3235	val_Hits(filter)@3:0.4991	val_Hits(filter)@10:0.6865
Epoch 5 _ Start training:  2024-10-16 23:16:44.128178 =============================================
Epoch 5, loss 3.1624 2024-10-16 23:18:03.890622
	Start validating:  2024-10-16 23:18:03.890680
	train_loss:3.1624	val_loss:3.2787	val_Mrr_raw:0.4460	val_Hits(raw)@1:0.3220	val_Hits(raw)@3:0.5063	val_Hits(raw)@10:0.6888	val_Mrr_filter:0.4636	val_Hits(filter)@1:0.3469	val_Hits(filter)@3:0.5191	val_Hits(filter)@10:0.6941
	Start testing:  2024-10-16 23:18:15.607581
	val_loss:3.2025	val_Mrr_raw:0.4457	val_Hits(raw)@1:0.3225	val_Hits(raw)@3:0.5045	val_Hits(raw)@10:0.6937	val_Mrr_filter:0.4580	val_Hits(filter)@1:0.3387	val_Hits(filter)@3:0.5146	val_Hits(filter)@10:0.6978
Epoch 6 _ Start training:  2024-10-16 23:18:27.230408 =============================================
Epoch 6, loss 3.0173 2024-10-16 23:19:44.578126
	Start validating:  2024-10-16 23:19:44.578183
	train_loss:3.0173	val_loss:3.2367	val_Mrr_raw:0.4532	val_Hits(raw)@1:0.3296	val_Hits(raw)@3:0.5160	val_Hits(raw)@10:0.6973	val_Mrr_filter:0.4711	val_Hits(filter)@1:0.3547	val_Hits(filter)@3:0.5284	val_Hits(filter)@10:0.7011
	Start testing:  2024-10-16 23:19:56.694097
	val_loss:3.1564	val_Mrr_raw:0.4573	val_Hits(raw)@1:0.3341	val_Hits(raw)@3:0.5152	val_Hits(raw)@10:0.7056	val_Mrr_filter:0.4705	val_Hits(filter)@1:0.3523	val_Hits(filter)@3:0.5260	val_Hits(filter)@10:0.7091
Epoch 7 _ Start training:  2024-10-16 23:20:08.525692 =============================================
Epoch 7, loss 2.8886 2024-10-16 23:21:26.640934
	Start validating:  2024-10-16 23:21:26.641120
	train_loss:2.8886	val_loss:3.2506	val_Mrr_raw:0.4573	val_Hits(raw)@1:0.3336	val_Hits(raw)@3:0.5217	val_Hits(raw)@10:0.7011	val_Mrr_filter:0.4752	val_Hits(filter)@1:0.3587	val_Hits(filter)@3:0.5337	val_Hits(filter)@10:0.7058
	Start testing:  2024-10-16 23:21:38.377375
	val_loss:3.1843	val_Mrr_raw:0.4572	val_Hits(raw)@1:0.3338	val_Hits(raw)@3:0.5168	val_Hits(raw)@10:0.7033	val_Mrr_filter:0.4700	val_Hits(filter)@1:0.3515	val_Hits(filter)@3:0.5258	val_Hits(filter)@10:0.7080
Epoch 8 _ Start training:  2024-10-16 23:21:49.891455 =============================================
Epoch 8, loss 2.7686 2024-10-16 23:23:07.551012
	Start validating:  2024-10-16 23:23:07.551071
	train_loss:2.7686	val_loss:3.2326	val_Mrr_raw:0.4637	val_Hits(raw)@1:0.3400	val_Hits(raw)@3:0.5293	val_Hits(raw)@10:0.7070	val_Mrr_filter:0.4823	val_Hits(filter)@1:0.3662	val_Hits(filter)@3:0.5425	val_Hits(filter)@10:0.7114
	Start testing:  2024-10-16 23:23:19.197442
	val_loss:3.1625	val_Mrr_raw:0.4642	val_Hits(raw)@1:0.3381	val_Hits(raw)@3:0.5287	val_Hits(raw)@10:0.7148	val_Mrr_filter:0.4773	val_Hits(filter)@1:0.3559	val_Hits(filter)@3:0.5395	val_Hits(filter)@10:0.7183
Epoch 9 _ Start training:  2024-10-16 23:23:30.860178 =============================================
Epoch 9, loss 2.6575 2024-10-16 23:24:49.389604
	Start validating:  2024-10-16 23:24:49.389661
	train_loss:2.6575	val_loss:3.2285	val_Mrr_raw:0.4666	val_Hits(raw)@1:0.3434	val_Hits(raw)@3:0.5304	val_Hits(raw)@10:0.7104	val_Mrr_filter:0.4846	val_Hits(filter)@1:0.3683	val_Hits(filter)@3:0.5429	val_Hits(filter)@10:0.7142
	Start testing:  2024-10-16 23:25:01.046914
	val_loss:3.1535	val_Mrr_raw:0.4714	val_Hits(raw)@1:0.3480	val_Hits(raw)@3:0.5367	val_Hits(raw)@10:0.7147	val_Mrr_filter:0.4847	val_Hits(filter)@1:0.3665	val_Hits(filter)@3:0.5463	val_Hits(filter)@10:0.7176
Epoch 10 _ Start training:  2024-10-16 23:25:12.668128 =============================================
Epoch 10, loss 2.5586 2024-10-16 23:26:29.824524
	Start validating:  2024-10-16 23:26:29.824580
	train_loss:2.5586	val_loss:3.2537	val_Mrr_raw:0.4707	val_Hits(raw)@1:0.3475	val_Hits(raw)@3:0.5374	val_Hits(raw)@10:0.7117	val_Mrr_filter:0.4890	val_Hits(filter)@1:0.3727	val_Hits(filter)@3:0.5499	val_Hits(filter)@10:0.7154
	Start testing:  2024-10-16 23:26:41.471283
	val_loss:3.1965	val_Mrr_raw:0.4693	val_Hits(raw)@1:0.3443	val_Hits(raw)@3:0.5379	val_Hits(raw)@10:0.7122	val_Mrr_filter:0.4828	val_Hits(filter)@1:0.3632	val_Hits(filter)@3:0.5484	val_Hits(filter)@10:0.7163
Epoch 11 _ Start training:  2024-10-16 23:26:53.030709 =============================================
Epoch 11, loss 2.4730 2024-10-16 23:28:10.417925
	Start validating:  2024-10-16 23:28:10.418024
	train_loss:2.4730	val_loss:3.2591	val_Mrr_raw:0.4725	val_Hits(raw)@1:0.3490	val_Hits(raw)@3:0.5393	val_Hits(raw)@10:0.7119	val_Mrr_filter:0.4909	val_Hits(filter)@1:0.3746	val_Hits(filter)@3:0.5520	val_Hits(filter)@10:0.7170
	Start testing:  2024-10-16 23:28:22.063376
	val_loss:3.1840	val_Mrr_raw:0.4738	val_Hits(raw)@1:0.3500	val_Hits(raw)@3:0.5418	val_Hits(raw)@10:0.7108	val_Mrr_filter:0.4870	val_Hits(filter)@1:0.3684	val_Hits(filter)@3:0.5520	val_Hits(filter)@10:0.7144
Epoch 12 _ Start training:  2024-10-16 23:28:33.623734 =============================================
Epoch 12, loss 2.3899 2024-10-16 23:29:51.926520
	Start validating:  2024-10-16 23:29:51.926625
	train_loss:2.3899	val_loss:3.2996	val_Mrr_raw:0.4726	val_Hits(raw)@1:0.3510	val_Hits(raw)@3:0.5375	val_Hits(raw)@10:0.7127	val_Mrr_filter:0.4913	val_Hits(filter)@1:0.3771	val_Hits(filter)@3:0.5507	val_Hits(filter)@10:0.7171
	Start testing:  2024-10-16 23:30:03.710557
	val_loss:3.2380	val_Mrr_raw:0.4737	val_Hits(raw)@1:0.3493	val_Hits(raw)@3:0.5410	val_Hits(raw)@10:0.7108	val_Mrr_filter:0.4870	val_Hits(filter)@1:0.3675	val_Hits(filter)@3:0.5501	val_Hits(filter)@10:0.7139
Epoch 13 _ Start training:  2024-10-16 23:30:15.261717 =============================================
Epoch 13, loss 2.3134 2024-10-16 23:31:32.089722
	Start validating:  2024-10-16 23:31:32.089820
	train_loss:2.3134	val_loss:3.3039	val_Mrr_raw:0.4712	val_Hits(raw)@1:0.3500	val_Hits(raw)@3:0.5323	val_Hits(raw)@10:0.7114	val_Mrr_filter:0.4893	val_Hits(filter)@1:0.3753	val_Hits(filter)@3:0.5449	val_Hits(filter)@10:0.7158
	Start testing:  2024-10-16 23:31:43.816041
	val_loss:3.2465	val_Mrr_raw:0.4728	val_Hits(raw)@1:0.3512	val_Hits(raw)@3:0.5365	val_Hits(raw)@10:0.7078	val_Mrr_filter:0.4859	val_Hits(filter)@1:0.3693	val_Hits(filter)@3:0.5462	val_Hits(filter)@10:0.7116
Epoch 14 _ Start training:  2024-10-16 23:31:55.315613 =============================================
Epoch 14, loss 2.2481 2024-10-16 23:33:12.722737
	Start validating:  2024-10-16 23:33:12.722797
	train_loss:2.2481	val_loss:3.3290	val_Mrr_raw:0.4738	val_Hits(raw)@1:0.3527	val_Hits(raw)@3:0.5383	val_Hits(raw)@10:0.7124	val_Mrr_filter:0.4924	val_Hits(filter)@1:0.3784	val_Hits(filter)@3:0.5520	val_Hits(filter)@10:0.7168
	Start testing:  2024-10-16 23:33:24.354160
	val_loss:3.2701	val_Mrr_raw:0.4741	val_Hits(raw)@1:0.3528	val_Hits(raw)@3:0.5376	val_Hits(raw)@10:0.7145	val_Mrr_filter:0.4869	val_Hits(filter)@1:0.3700	val_Hits(filter)@3:0.5486	val_Hits(filter)@10:0.7178
Epoch 15 _ Start training:  2024-10-16 23:33:35.908474 =============================================
Epoch 15, loss 2.1908 2024-10-16 23:34:53.218171
	Start validating:  2024-10-16 23:34:53.218277
	train_loss:2.1908	val_loss:3.3960	val_Mrr_raw:0.4687	val_Hits(raw)@1:0.3482	val_Hits(raw)@3:0.5339	val_Hits(raw)@10:0.7071	val_Mrr_filter:0.4871	val_Hits(filter)@1:0.3739	val_Hits(filter)@3:0.5458	val_Hits(filter)@10:0.7115
	Start testing:  2024-10-16 23:35:04.843421
	val_loss:3.3629	val_Mrr_raw:0.4663	val_Hits(raw)@1:0.3460	val_Hits(raw)@3:0.5292	val_Hits(raw)@10:0.6996	val_Mrr_filter:0.4791	val_Hits(filter)@1:0.3637	val_Hits(filter)@3:0.5383	val_Hits(filter)@10:0.7030
Epoch 16 _ Start training:  2024-10-16 23:35:16.461135 =============================================
Epoch 16, loss 2.1313 2024-10-16 23:36:34.569122
	Start validating:  2024-10-16 23:36:34.569216
	train_loss:2.1313	val_loss:3.3524	val_Mrr_raw:0.4735	val_Hits(raw)@1:0.3497	val_Hits(raw)@3:0.5416	val_Hits(raw)@10:0.7152	val_Mrr_filter:0.4921	val_Hits(filter)@1:0.3757	val_Hits(filter)@3:0.5546	val_Hits(filter)@10:0.7196
	Start testing:  2024-10-16 23:36:46.314906
	val_loss:3.3120	val_Mrr_raw:0.4723	val_Hits(raw)@1:0.3500	val_Hits(raw)@3:0.5368	val_Hits(raw)@10:0.7110	val_Mrr_filter:0.4857	val_Hits(filter)@1:0.3685	val_Hits(filter)@3:0.5467	val_Hits(filter)@10:0.7143
Epoch 17 _ Start training:  2024-10-16 23:36:57.801942 =============================================
Epoch 17, loss 2.0755 2024-10-16 23:38:15.400100
	Start validating:  2024-10-16 23:38:15.400201
	train_loss:2.0755	val_loss:3.4362	val_Mrr_raw:0.4687	val_Hits(raw)@1:0.3468	val_Hits(raw)@3:0.5347	val_Hits(raw)@10:0.7082	val_Mrr_filter:0.4869	val_Hits(filter)@1:0.3719	val_Hits(filter)@3:0.5469	val_Hits(filter)@10:0.7138
	Start testing:  2024-10-16 23:38:27.030208
	val_loss:3.3756	val_Mrr_raw:0.4679	val_Hits(raw)@1:0.3474	val_Hits(raw)@3:0.5310	val_Hits(raw)@10:0.7065	val_Mrr_filter:0.4809	val_Hits(filter)@1:0.3654	val_Hits(filter)@3:0.5406	val_Hits(filter)@10:0.7099
Epoch 18 _ Start training:  2024-10-16 23:38:38.540422 =============================================
Epoch 18, loss 2.0264 2024-10-16 23:39:56.229163
	Start validating:  2024-10-16 23:39:56.229221
	train_loss:2.0264	val_loss:3.4506	val_Mrr_raw:0.4717	val_Hits(raw)@1:0.3489	val_Hits(raw)@3:0.5376	val_Hits(raw)@10:0.7122	val_Mrr_filter:0.4902	val_Hits(filter)@1:0.3747	val_Hits(filter)@3:0.5506	val_Hits(filter)@10:0.7170
	Start testing:  2024-10-16 23:40:07.901063
	val_loss:3.4075	val_Mrr_raw:0.4699	val_Hits(raw)@1:0.3502	val_Hits(raw)@3:0.5312	val_Hits(raw)@10:0.7034	val_Mrr_filter:0.4825	val_Hits(filter)@1:0.3675	val_Hits(filter)@3:0.5411	val_Hits(filter)@10:0.7067
Epoch 19 _ Start training:  2024-10-16 23:40:19.373007 =============================================
Epoch 19, loss 1.9756 2024-10-16 23:41:37.062864
	Start validating:  2024-10-16 23:41:37.062920
	train_loss:1.9756	val_loss:3.4858	val_Mrr_raw:0.4658	val_Hits(raw)@1:0.3433	val_Hits(raw)@3:0.5317	val_Hits(raw)@10:0.7053	val_Mrr_filter:0.4835	val_Hits(filter)@1:0.3676	val_Hits(filter)@3:0.5431	val_Hits(filter)@10:0.7101
	Start testing:  2024-10-16 23:41:48.714527
	val_loss:3.4354	val_Mrr_raw:0.4683	val_Hits(raw)@1:0.3485	val_Hits(raw)@3:0.5317	val_Hits(raw)@10:0.7025	val_Mrr_filter:0.4812	val_Hits(filter)@1:0.3665	val_Hits(filter)@3:0.5412	val_Hits(filter)@10:0.7059
Epoch 20 _ Start training:  2024-10-16 23:42:00.295540 =============================================
Epoch 20, loss 1.9312 2024-10-16 23:43:17.462347
	Start validating:  2024-10-16 23:43:17.462447
	train_loss:1.9312	val_loss:3.5564	val_Mrr_raw:0.4645	val_Hits(raw)@1:0.3423	val_Hits(raw)@3:0.5314	val_Hits(raw)@10:0.7021	val_Mrr_filter:0.4819	val_Hits(filter)@1:0.3662	val_Hits(filter)@3:0.5444	val_Hits(filter)@10:0.7061
	Start testing:  2024-10-16 23:43:29.260359
	val_loss:3.5040	val_Mrr_raw:0.4623	val_Hits(raw)@1:0.3422	val_Hits(raw)@3:0.5258	val_Hits(raw)@10:0.6966	val_Mrr_filter:0.4751	val_Hits(filter)@1:0.3597	val_Hits(filter)@3:0.5351	val_Hits(filter)@10:0.7004
Epoch 21 _ Start training:  2024-10-16 23:43:40.833093 =============================================
Epoch 21, loss 1.8890 2024-10-16 23:44:58.606675
	Start validating:  2024-10-16 23:44:58.606769
	train_loss:1.8890	val_loss:3.5430	val_Mrr_raw:0.4661	val_Hits(raw)@1:0.3423	val_Hits(raw)@3:0.5338	val_Hits(raw)@10:0.7044	val_Mrr_filter:0.4844	val_Hits(filter)@1:0.3678	val_Hits(filter)@3:0.5470	val_Hits(filter)@10:0.7096
	Start testing:  2024-10-16 23:45:10.306546
	val_loss:3.5067	val_Mrr_raw:0.4629	val_Hits(raw)@1:0.3414	val_Hits(raw)@3:0.5275	val_Hits(raw)@10:0.6974	val_Mrr_filter:0.4756	val_Hits(filter)@1:0.3590	val_Hits(filter)@3:0.5362	val_Hits(filter)@10:0.7004
Epoch 22 _ Start training:  2024-10-16 23:45:22.005633 =============================================
Epoch 22, loss 1.8458 2024-10-16 23:46:39.211459
	Start validating:  2024-10-16 23:46:39.211925
	train_loss:1.8458	val_loss:3.5617	val_Mrr_raw:0.4659	val_Hits(raw)@1:0.3448	val_Hits(raw)@3:0.5278	val_Hits(raw)@10:0.7035	val_Mrr_filter:0.4837	val_Hits(filter)@1:0.3699	val_Hits(filter)@3:0.5415	val_Hits(filter)@10:0.7087
	Start testing:  2024-10-16 23:46:50.885317
	val_loss:3.5352	val_Mrr_raw:0.4638	val_Hits(raw)@1:0.3452	val_Hits(raw)@3:0.5277	val_Hits(raw)@10:0.6947	val_Mrr_filter:0.4758	val_Hits(filter)@1:0.3615	val_Hits(filter)@3:0.5366	val_Hits(filter)@10:0.6977
Epoch 23 _ Start training:  2024-10-16 23:47:02.515290 =============================================
Epoch 23, loss 1.8116 2024-10-16 23:48:19.452110
	Start validating:  2024-10-16 23:48:19.452201
	train_loss:1.8116	val_loss:3.5555	val_Mrr_raw:0.4636	val_Hits(raw)@1:0.3420	val_Hits(raw)@3:0.5313	val_Hits(raw)@10:0.7007	val_Mrr_filter:0.4811	val_Hits(filter)@1:0.3658	val_Hits(filter)@3:0.5442	val_Hits(filter)@10:0.7045
	Start testing:  2024-10-16 23:48:31.095627
	val_loss:3.5323	val_Mrr_raw:0.4592	val_Hits(raw)@1:0.3400	val_Hits(raw)@3:0.5214	val_Hits(raw)@10:0.6928	val_Mrr_filter:0.4716	val_Hits(filter)@1:0.3574	val_Hits(filter)@3:0.5302	val_Hits(filter)@10:0.6958
Epoch 24 _ Start training:  2024-10-16 23:48:42.555588 =============================================
Epoch 24, loss 1.7705 2024-10-16 23:49:59.658678
	Start validating:  2024-10-16 23:49:59.658771
	train_loss:1.7705	val_loss:3.6061	val_Mrr_raw:0.4636	val_Hits(raw)@1:0.3404	val_Hits(raw)@3:0.5325	val_Hits(raw)@10:0.7025	val_Mrr_filter:0.4817	val_Hits(filter)@1:0.3655	val_Hits(filter)@3:0.5453	val_Hits(filter)@10:0.7070
	Start testing:  2024-10-16 23:50:11.380663
	val_loss:3.5747	val_Mrr_raw:0.4624	val_Hits(raw)@1:0.3430	val_Hits(raw)@3:0.5265	val_Hits(raw)@10:0.6945	val_Mrr_filter:0.4745	val_Hits(filter)@1:0.3594	val_Hits(filter)@3:0.5359	val_Hits(filter)@10:0.6980
