nohup: ignoring input
Logging to results/g_1_ICEWS14s_short_True_long_True_f_gate_fr_gate_ta_0.7_gnn1_regcn_2_gnn2_rgat_r1_3_seq_regcn_3_max_length_10_fil_False_ori_Falselast_True
../bertintkg/data/ICEWS14s
# Sanity Check:  entities: 7128
# Sanity Check:  relations: 230
# Sanity Check:  edges: 74845
../bertintkg/data/ICEWS14s
# Sanity Check:  entities: 7128
# Sanity Check:  relations: 230
# Sanity Check:  edges: 74845
# Sanity Check:  ave node num : 226.654605, ave rel num : 92.960526, snapshots num: 0304, max edges num: 0389, min edges num: 0093, max union rate: 1.0000, min union rate: 1.0000
# Sanity Check:  ave node num : 242.866667, ave rel num : 100.400000, snapshots num: 0030, max edges num: 0398, min edges num: 0159, max union rate: 1.0000, min union rate: 1.0000
# Sanity Check:  ave node num : 219.677419, ave rel num : 91.935484, snapshots num: 0031, max edges num: 0357, min edges num: 0112, max union rate: 1.0000, min union rate: 1.0000
# Sanity Check:  ave node num : 219.677419, ave rel num : 91.935484, snapshots num: 0031, max edges num: 0357, min edges num: 0112, max union rate: 1.0000, min union rate: 1.0000
# Sanity Check:  ave node num : 219.677419, ave rel num : 91.935484, snapshots num: 0031, max edges num: 0357, min edges num: 0112, max union rate: 1.0000, min union rate: 1.0000
# Sanity Check:  ave node num : 242.866667, ave rel num : 100.400000, snapshots num: 0030, max edges num: 0398, min edges num: 0159, max union rate: 1.0000, min union rate: 1.0000
# Sanity Check:  ave node num : 242.866667, ave rel num : 100.400000, snapshots num: 0030, max edges num: 0398, min edges num: 0159, max union rate: 1.0000, min union rate: 1.0000
True -------------------------------
{'gpu': '1', 'dataset': 'ICEWS14s', 'n_layers': 2, 'self_loop': True, 'layer_norm': False, 'relation_prediction': True, 'entity_prediction': False, 'n_epochs': 25, 'lr': 0.001, 'grad_norm': 1.0, 'n_hidden': 200, 'k_hop': 2, 'task': 0.7, 'short': True, 'long': True, 'gnn': 'regcn', 'fuse': 'gate', 'r_fuse': 'gate', 'record': True, 'model_record': True, 'config': 'long_config.yaml'}
{'h_dim': 200, 'num_hidden_layers': 2, 'decoder': 'convtranse', 'encoder': 'uvrgcn', 'sequence': 'regcn', 'sequence_len': 3, 'use_static': True, 'weight': 0.5, 'discount': 1, 'angle': 10, 'dropout': 0.2, 'num_bases': 100, 'num_basis': 100, 'self_loop': True, 'skip_connect': False, 'input_dropout': 0.2, 'hidden_dropout': 0.2, 'feat_dropout': 0.2, 'aggregation': 'none', 'entity_prediction': True, 'relation_prediction': True, 'opn': 'sub', 'num_words': 3499, 'num_static_rels': 3}
{'h_dim': 200, 'out_dim': 200, 'encoder': 'regcn', 'decoder': 'rgat_r1', 'feat_drop': 0.0, 'attn_drop': 0.0, 'a_layer_num': 2, 'd_layer_num': 3, 'max_length': 10, 'filter': False, 'low_memory': True, 'last': True, 'ori': False, 'time_length': 365, 'time_idx': array([    0,   131,   322,   490,   626,   747,   974,  1207,  1427,
        1683,  1936,  2053,  2218,  2496,  2715,  2964,  3229,  3472,
        3623,  3749,  4032,  4293,  4565,  4832,  5080,  5225,  5384,
        5639,  5876,  6144,  6429,  6683,  6811,  6949,  7193,  7466,
        7727,  7996,  8219,  8368,  8483,  8765,  9023,  9289,  9564,
        9826, 10008, 10132, 10389, 10666, 10932, 11210, 11471, 11655,
       11792, 12082, 12362, 12644, 12925, 13177, 13341, 13497, 13743,
       13997, 14242, 14478, 14706, 14849, 14991, 15240, 15514, 15802,
       16064, 16350, 16490, 16629, 16900, 17163, 17414, 17675, 17937,
       18075, 18205, 18475, 18744, 19006, 19278, 19528, 19667, 19810,
       20067, 20320, 20573, 20818, 21083, 21242, 21382, 21640, 21938,
       22222, 22475, 22719, 22859, 22982, 23286, 23562, 23798, 24035,
       24229, 24355, 24483, 24680, 24897, 25124, 25379, 25636, 25797,
       25957, 26162, 26442, 26728, 26929, 27156, 27298, 27458, 27719,
       28010, 28279, 28534, 28807, 28965, 29136, 29404, 29676, 29914,
       30180, 30456, 30611, 30736, 31042, 31369, 31660, 31963, 32227,
       32407, 32595, 32816, 33046, 33322, 33622, 33869, 34015, 34152,
       34401, 34665, 34938, 35203, 35466, 35628, 35765, 36036, 36322,
       36552, 36820, 37090, 37234, 37381, 37701, 37999, 38287, 38588,
       38867, 38992, 39122, 39426, 39673, 39924, 40180, 40423, 40564,
       40682, 40951, 41211, 41458, 41730, 41995, 42138, 42280, 42553,
       42831, 43076, 43313, 43543, 43668, 43811, 44064, 44317, 44556,
       44808, 45047, 45183, 45321, 45565, 45785, 46043, 46289, 46515,
       46630, 46749, 46972, 47186, 47413, 47658, 47864, 47987, 48116,
       48342, 48584, 48822, 49067, 49285, 49408, 49548, 49838, 50092,
       50354, 50566, 50793, 50911, 51050, 51311, 51578, 51804, 52043,
       52262, 52396, 52523, 52812, 53076, 53348, 53628, 53812, 53968,
       54099, 54372, 54664, 54949, 55213, 55441, 55591, 55753, 56044,
       56308, 56602, 56895, 57149, 57301, 57470, 57759, 58013, 58282,
       58556, 58823, 58977, 59141, 59438, 59730, 59982, 60251, 60506,
       60683, 60799, 61096, 61363, 61662, 61960, 62216, 62336, 62480,
       62722, 63020, 63283, 63553, 63787, 63943, 64094, 64364, 64646,
       64953, 65234, 65500, 65670, 65810, 66134, 66440, 66727, 67006,
       67237, 67382, 67522, 67822, 68105, 68401, 68643, 68903, 69045,
       69195, 69478, 69741, 70009, 70274, 70529, 70693, 70846, 71148,
       71427, 71726, 72025, 72284, 72449, 72589, 72917, 73214, 73514,
       73808, 74095, 74272, 74431, 74730, 74993, 75304, 75594, 75854,
       76008, 76189, 76495, 76779, 77080, 77331, 77570, 77732, 77908,
       78196, 78469, 78756, 79055, 79297, 79410, 79555, 79852, 80132,
       80393, 80644, 80868, 80989, 81123, 81372, 81621, 81802, 81928,
       82095, 82217, 82343, 82593, 82801, 82999])}
use layer :uvrgcn
activate function: <function rrelu at 0x7d7706b85580>
activate function: <function rrelu at 0x7d7706b85580>
use layer :uvrgcn
activate function: <function rrelu at 0x7d7706b85580>
activate function: <function rrelu at 0x7d7706b85580>
load data online
Epoch 0 _ Start training:  2024-10-16 10:05:52.692232 =============================================
Epoch 0, loss 104.4155 2024-10-16 10:07:19.471281
	Start validating:  2024-10-16 10:07:19.472933
	train_loss:104.4155	val_loss:3.9004	val_Mrr_raw:0.2952	val_Hits(raw)@1:0.1748	val_Hits(raw)@3:0.3326	val_Hits(raw)@10:0.5391	val_Mrr_filter:0.3022	val_Hits(filter)@1:0.1811	val_Hits(filter)@3:0.3453	val_Hits(filter)@10:0.5438
	Start testing:  2024-10-16 10:07:31.247831
	val_loss:3.8894	val_Mrr_raw:0.2942	val_Hits(raw)@1:0.1764	val_Hits(raw)@3:0.3270	val_Hits(raw)@10:0.5389	val_Mrr_filter:0.2985	val_Hits(filter)@1:0.1806	val_Hits(filter)@3:0.3324	val_Hits(filter)@10:0.5433
Epoch 1 _ Start training:  2024-10-16 10:07:42.745482 =============================================
Epoch 1, loss 3.6502 2024-10-16 10:09:09.277184
	Start validating:  2024-10-16 10:09:09.277238
	train_loss:3.6502	val_loss:3.4018	val_Mrr_raw:0.4200	val_Hits(raw)@1:0.2926	val_Hits(raw)@3:0.4783	val_Hits(raw)@10:0.6802	val_Mrr_filter:0.4347	val_Hits(filter)@1:0.3114	val_Hits(filter)@3:0.4909	val_Hits(filter)@10:0.6838
	Start testing:  2024-10-16 10:09:20.911375
	val_loss:3.3701	val_Mrr_raw:0.4233	val_Hits(raw)@1:0.2960	val_Hits(raw)@3:0.4787	val_Hits(raw)@10:0.6810	val_Mrr_filter:0.4343	val_Hits(filter)@1:0.3107	val_Hits(filter)@3:0.4888	val_Hits(filter)@10:0.6845
Epoch 2 _ Start training:  2024-10-16 10:09:32.527649 =============================================
Epoch 2, loss 3.2059 2024-10-16 10:10:58.882516
	Start validating:  2024-10-16 10:10:58.882577
	train_loss:3.2059	val_loss:3.1325	val_Mrr_raw:0.4500	val_Hits(raw)@1:0.3168	val_Hits(raw)@3:0.5190	val_Hits(raw)@10:0.7090	val_Mrr_filter:0.4660	val_Hits(filter)@1:0.3376	val_Hits(filter)@3:0.5337	val_Hits(filter)@10:0.7135
	Start testing:  2024-10-16 10:11:10.547704
	val_loss:3.0797	val_Mrr_raw:0.4559	val_Hits(raw)@1:0.3236	val_Hits(raw)@3:0.5244	val_Hits(raw)@10:0.7165	val_Mrr_filter:0.4686	val_Hits(filter)@1:0.3406	val_Hits(filter)@3:0.5343	val_Hits(filter)@10:0.7205
Epoch 3 _ Start training:  2024-10-16 10:11:22.100054 =============================================
Epoch 3, loss 2.9705 2024-10-16 10:12:48.150528
	Start validating:  2024-10-16 10:12:48.150593
	train_loss:2.9705	val_loss:3.0455	val_Mrr_raw:0.4721	val_Hits(raw)@1:0.3420	val_Hits(raw)@3:0.5408	val_Hits(raw)@10:0.7266	val_Mrr_filter:0.4912	val_Hits(filter)@1:0.3689	val_Hits(filter)@3:0.5539	val_Hits(filter)@10:0.7314
	Start testing:  2024-10-16 10:12:59.985171
	val_loss:2.9951	val_Mrr_raw:0.4761	val_Hits(raw)@1:0.3478	val_Hits(raw)@3:0.5416	val_Hits(raw)@10:0.7317	val_Mrr_filter:0.4890	val_Hits(filter)@1:0.3654	val_Hits(filter)@3:0.5518	val_Hits(filter)@10:0.7362
Epoch 4 _ Start training:  2024-10-16 10:13:11.519897 =============================================
Epoch 4, loss 2.8103 2024-10-16 10:14:37.731644
	Start validating:  2024-10-16 10:14:37.731699
	train_loss:2.8103	val_loss:3.0282	val_Mrr_raw:0.4813	val_Hits(raw)@1:0.3500	val_Hits(raw)@3:0.5549	val_Hits(raw)@10:0.7351	val_Mrr_filter:0.5004	val_Hits(filter)@1:0.3760	val_Hits(filter)@3:0.5679	val_Hits(filter)@10:0.7389
	Start testing:  2024-10-16 10:14:49.399413
	val_loss:2.9973	val_Mrr_raw:0.4815	val_Hits(raw)@1:0.3522	val_Hits(raw)@3:0.5505	val_Hits(raw)@10:0.7370	val_Mrr_filter:0.4947	val_Hits(filter)@1:0.3698	val_Hits(filter)@3:0.5621	val_Hits(filter)@10:0.7409
Epoch 5 _ Start training:  2024-10-16 10:15:00.988890 =============================================
Epoch 5, loss 2.6826 2024-10-16 10:16:27.558853
	Start validating:  2024-10-16 10:16:27.559079
	train_loss:2.6826	val_loss:3.0053	val_Mrr_raw:0.4857	val_Hits(raw)@1:0.3526	val_Hits(raw)@3:0.5614	val_Hits(raw)@10:0.7409	val_Mrr_filter:0.5054	val_Hits(filter)@1:0.3798	val_Hits(filter)@3:0.5755	val_Hits(filter)@10:0.7452
	Start testing:  2024-10-16 10:16:39.185422
	val_loss:2.9781	val_Mrr_raw:0.4862	val_Hits(raw)@1:0.3566	val_Hits(raw)@3:0.5568	val_Hits(raw)@10:0.7388	val_Mrr_filter:0.4998	val_Hits(filter)@1:0.3755	val_Hits(filter)@3:0.5663	val_Hits(filter)@10:0.7416
Epoch 6 _ Start training:  2024-10-16 10:16:50.815375 =============================================
Epoch 6, loss 2.5669 2024-10-16 10:18:17.342091
	Start validating:  2024-10-16 10:18:17.342148
	train_loss:2.5669	val_loss:3.0085	val_Mrr_raw:0.4916	val_Hits(raw)@1:0.3628	val_Hits(raw)@3:0.5645	val_Hits(raw)@10:0.7366	val_Mrr_filter:0.5115	val_Hits(filter)@1:0.3908	val_Hits(filter)@3:0.5789	val_Hits(filter)@10:0.7411
	Start testing:  2024-10-16 10:18:29.135339
	val_loss:2.9772	val_Mrr_raw:0.4927	val_Hits(raw)@1:0.3661	val_Hits(raw)@3:0.5613	val_Hits(raw)@10:0.7378	val_Mrr_filter:0.5064	val_Hits(filter)@1:0.3849	val_Hits(filter)@3:0.5721	val_Hits(filter)@10:0.7412
Epoch 7 _ Start training:  2024-10-16 10:18:40.666533 =============================================
Epoch 7, loss 2.4645 2024-10-16 10:20:07.206570
	Start validating:  2024-10-16 10:20:07.206670
	train_loss:2.4645	val_loss:2.9809	val_Mrr_raw:0.4960	val_Hits(raw)@1:0.3663	val_Hits(raw)@3:0.5705	val_Hits(raw)@10:0.7458	val_Mrr_filter:0.5159	val_Hits(filter)@1:0.3938	val_Hits(filter)@3:0.5847	val_Hits(filter)@10:0.7501
	Start testing:  2024-10-16 10:20:18.953248
	val_loss:2.9505	val_Mrr_raw:0.4960	val_Hits(raw)@1:0.3678	val_Hits(raw)@3:0.5670	val_Hits(raw)@10:0.7433	val_Mrr_filter:0.5105	val_Hits(filter)@1:0.3879	val_Hits(filter)@3:0.5792	val_Hits(filter)@10:0.7464
Epoch 8 _ Start training:  2024-10-16 10:20:30.694009 =============================================
Epoch 8, loss 2.3665 2024-10-16 10:21:57.265402
	Start validating:  2024-10-16 10:21:57.265459
	train_loss:2.3665	val_loss:3.0164	val_Mrr_raw:0.4945	val_Hits(raw)@1:0.3651	val_Hits(raw)@3:0.5688	val_Hits(raw)@10:0.7436	val_Mrr_filter:0.5148	val_Hits(filter)@1:0.3932	val_Hits(filter)@3:0.5842	val_Hits(filter)@10:0.7467
	Start testing:  2024-10-16 10:22:09.021857
	val_loss:2.9927	val_Mrr_raw:0.4931	val_Hits(raw)@1:0.3669	val_Hits(raw)@3:0.5619	val_Hits(raw)@10:0.7365	val_Mrr_filter:0.5075	val_Hits(filter)@1:0.3871	val_Hits(filter)@3:0.5720	val_Hits(filter)@10:0.7409
Epoch 9 _ Start training:  2024-10-16 10:22:20.566460 =============================================
Epoch 9, loss 2.2813 2024-10-16 10:23:47.312348
	Start validating:  2024-10-16 10:23:47.312450
	train_loss:2.2813	val_loss:3.0312	val_Mrr_raw:0.4945	val_Hits(raw)@1:0.3653	val_Hits(raw)@3:0.5711	val_Hits(raw)@10:0.7420	val_Mrr_filter:0.5146	val_Hits(filter)@1:0.3934	val_Hits(filter)@3:0.5845	val_Hits(filter)@10:0.7473
	Start testing:  2024-10-16 10:23:59.007987
	val_loss:2.9991	val_Mrr_raw:0.4953	val_Hits(raw)@1:0.3690	val_Hits(raw)@3:0.5672	val_Hits(raw)@10:0.7384	val_Mrr_filter:0.5100	val_Hits(filter)@1:0.3896	val_Hits(filter)@3:0.5763	val_Hits(filter)@10:0.7424
Epoch 10 _ Start training:  2024-10-16 10:24:10.750675 =============================================
Epoch 10, loss 2.2031 2024-10-16 10:25:37.855697
	Start validating:  2024-10-16 10:25:37.855784
	train_loss:2.2031	val_loss:3.0452	val_Mrr_raw:0.4958	val_Hits(raw)@1:0.3684	val_Hits(raw)@3:0.5698	val_Hits(raw)@10:0.7411	val_Mrr_filter:0.5166	val_Hits(filter)@1:0.3978	val_Hits(filter)@3:0.5836	val_Hits(filter)@10:0.7454
	Start testing:  2024-10-16 10:25:49.564970
	val_loss:3.0128	val_Mrr_raw:0.4958	val_Hits(raw)@1:0.3716	val_Hits(raw)@3:0.5627	val_Hits(raw)@10:0.7369	val_Mrr_filter:0.5102	val_Hits(filter)@1:0.3923	val_Hits(filter)@3:0.5732	val_Hits(filter)@10:0.7409
Epoch 11 _ Start training:  2024-10-16 10:26:01.243150 =============================================
Epoch 11, loss 2.1336 2024-10-16 10:27:27.686197
	Start validating:  2024-10-16 10:27:27.686359
	train_loss:2.1336	val_loss:3.0818	val_Mrr_raw:0.4921	val_Hits(raw)@1:0.3661	val_Hits(raw)@3:0.5639	val_Hits(raw)@10:0.7378	val_Mrr_filter:0.5113	val_Hits(filter)@1:0.3924	val_Hits(filter)@3:0.5788	val_Hits(filter)@10:0.7415
	Start testing:  2024-10-16 10:27:39.421707
	val_loss:3.0401	val_Mrr_raw:0.4914	val_Hits(raw)@1:0.3666	val_Hits(raw)@3:0.5601	val_Hits(raw)@10:0.7329	val_Mrr_filter:0.5057	val_Hits(filter)@1:0.3867	val_Hits(filter)@3:0.5705	val_Hits(filter)@10:0.7363
Epoch 12 _ Start training:  2024-10-16 10:27:51.086660 =============================================
Epoch 12, loss 2.0749 2024-10-16 10:29:17.144185
	Start validating:  2024-10-16 10:29:17.144240
	train_loss:2.0749	val_loss:3.1165	val_Mrr_raw:0.4890	val_Hits(raw)@1:0.3617	val_Hits(raw)@3:0.5607	val_Hits(raw)@10:0.7341	val_Mrr_filter:0.5094	val_Hits(filter)@1:0.3909	val_Hits(filter)@3:0.5743	val_Hits(filter)@10:0.7380
	Start testing:  2024-10-16 10:29:28.909123
	val_loss:3.0926	val_Mrr_raw:0.4862	val_Hits(raw)@1:0.3611	val_Hits(raw)@3:0.5554	val_Hits(raw)@10:0.7268	val_Mrr_filter:0.5001	val_Hits(filter)@1:0.3809	val_Hits(filter)@3:0.5652	val_Hits(filter)@10:0.7306
Epoch 13 _ Start training:  2024-10-16 10:29:40.553629 =============================================
Epoch 13, loss 2.0174 2024-10-16 10:31:07.893022
	Start validating:  2024-10-16 10:31:07.893098
	train_loss:2.0174	val_loss:3.0895	val_Mrr_raw:0.4955	val_Hits(raw)@1:0.3680	val_Hits(raw)@3:0.5700	val_Hits(raw)@10:0.7391	val_Mrr_filter:0.5155	val_Hits(filter)@1:0.3959	val_Hits(filter)@3:0.5849	val_Hits(filter)@10:0.7436
	Start testing:  2024-10-16 10:31:19.590538
	val_loss:3.0597	val_Mrr_raw:0.4921	val_Hits(raw)@1:0.3682	val_Hits(raw)@3:0.5607	val_Hits(raw)@10:0.7291	val_Mrr_filter:0.5061	val_Hits(filter)@1:0.3881	val_Hits(filter)@3:0.5706	val_Hits(filter)@10:0.7336
Epoch 14 _ Start training:  2024-10-16 10:31:31.226784 =============================================
Epoch 14, loss 1.9667 2024-10-16 10:32:58.115185
	Start validating:  2024-10-16 10:32:58.115291
	train_loss:1.9667	val_loss:3.1488	val_Mrr_raw:0.4898	val_Hits(raw)@1:0.3631	val_Hits(raw)@3:0.5623	val_Hits(raw)@10:0.7332	val_Mrr_filter:0.5087	val_Hits(filter)@1:0.3893	val_Hits(filter)@3:0.5762	val_Hits(filter)@10:0.7375
	Start testing:  2024-10-16 10:33:10.067828
	val_loss:3.1126	val_Mrr_raw:0.4898	val_Hits(raw)@1:0.3651	val_Hits(raw)@3:0.5602	val_Hits(raw)@10:0.7270	val_Mrr_filter:0.5037	val_Hits(filter)@1:0.3850	val_Hits(filter)@3:0.5703	val_Hits(filter)@10:0.7308
Epoch 15 _ Start training:  2024-10-16 10:33:21.564400 =============================================
Epoch 15, loss 1.9127 2024-10-16 10:34:48.432730
	Start validating:  2024-10-16 10:34:48.432776
	train_loss:1.9127	val_loss:3.1705	val_Mrr_raw:0.4884	val_Hits(raw)@1:0.3598	val_Hits(raw)@3:0.5623	val_Hits(raw)@10:0.7317	val_Mrr_filter:0.5079	val_Hits(filter)@1:0.3868	val_Hits(filter)@3:0.5769	val_Hits(filter)@10:0.7350
	Start testing:  2024-10-16 10:35:00.246849
	val_loss:3.1151	val_Mrr_raw:0.4875	val_Hits(raw)@1:0.3636	val_Hits(raw)@3:0.5551	val_Hits(raw)@10:0.7276	val_Mrr_filter:0.5010	val_Hits(filter)@1:0.3826	val_Hits(filter)@3:0.5646	val_Hits(filter)@10:0.7317
Epoch 16 _ Start training:  2024-10-16 10:35:11.850285 =============================================
Epoch 16, loss 1.8740 2024-10-16 10:36:38.371278
	Start validating:  2024-10-16 10:36:38.371336
	train_loss:1.8740	val_loss:3.2411	val_Mrr_raw:0.4832	val_Hits(raw)@1:0.3558	val_Hits(raw)@3:0.5533	val_Hits(raw)@10:0.7278	val_Mrr_filter:0.5020	val_Hits(filter)@1:0.3824	val_Hits(filter)@3:0.5694	val_Hits(filter)@10:0.7324
	Start testing:  2024-10-16 10:36:50.132831
	val_loss:3.1846	val_Mrr_raw:0.4871	val_Hits(raw)@1:0.3628	val_Hits(raw)@3:0.5568	val_Hits(raw)@10:0.7240	val_Mrr_filter:0.5007	val_Hits(filter)@1:0.3823	val_Hits(filter)@3:0.5651	val_Hits(filter)@10:0.7274
Epoch 17 _ Start training:  2024-10-16 10:37:01.731716 =============================================
Epoch 17, loss 1.8333 2024-10-16 10:38:28.612080
	Start validating:  2024-10-16 10:38:28.612245
	train_loss:1.8333	val_loss:3.2493	val_Mrr_raw:0.4819	val_Hits(raw)@1:0.3558	val_Hits(raw)@3:0.5533	val_Hits(raw)@10:0.7252	val_Mrr_filter:0.5010	val_Hits(filter)@1:0.3824	val_Hits(filter)@3:0.5667	val_Hits(filter)@10:0.7293
	Start testing:  2024-10-16 10:38:40.315007
	val_loss:3.1980	val_Mrr_raw:0.4803	val_Hits(raw)@1:0.3534	val_Hits(raw)@3:0.5530	val_Hits(raw)@10:0.7198	val_Mrr_filter:0.4935	val_Hits(filter)@1:0.3724	val_Hits(filter)@3:0.5619	val_Hits(filter)@10:0.7235
Epoch 18 _ Start training:  2024-10-16 10:38:51.957134 =============================================
Epoch 18, loss 1.7953 2024-10-16 10:40:18.880653
	Start validating:  2024-10-16 10:40:18.880699
	train_loss:1.7953	val_loss:3.2798	val_Mrr_raw:0.4757	val_Hits(raw)@1:0.3489	val_Hits(raw)@3:0.5475	val_Hits(raw)@10:0.7202	val_Mrr_filter:0.4942	val_Hits(filter)@1:0.3750	val_Hits(filter)@3:0.5613	val_Hits(filter)@10:0.7235
	Start testing:  2024-10-16 10:40:30.531036
	val_loss:3.2474	val_Mrr_raw:0.4739	val_Hits(raw)@1:0.3498	val_Hits(raw)@3:0.5437	val_Hits(raw)@10:0.7101	val_Mrr_filter:0.4862	val_Hits(filter)@1:0.3665	val_Hits(filter)@3:0.5532	val_Hits(filter)@10:0.7124
Epoch 19 _ Start training:  2024-10-16 10:40:42.114353 =============================================
Epoch 19, loss 1.7566 2024-10-16 10:42:08.453412
	Start validating:  2024-10-16 10:42:08.453492
	train_loss:1.7566	val_loss:3.2815	val_Mrr_raw:0.4825	val_Hits(raw)@1:0.3544	val_Hits(raw)@3:0.5557	val_Hits(raw)@10:0.7269	val_Mrr_filter:0.5021	val_Hits(filter)@1:0.3817	val_Hits(filter)@3:0.5695	val_Hits(filter)@10:0.7310
	Start testing:  2024-10-16 10:42:20.168221
	val_loss:3.2407	val_Mrr_raw:0.4808	val_Hits(raw)@1:0.3557	val_Hits(raw)@3:0.5505	val_Hits(raw)@10:0.7191	val_Mrr_filter:0.4940	val_Hits(filter)@1:0.3739	val_Hits(filter)@3:0.5590	val_Hits(filter)@10:0.7230
Epoch 20 _ Start training:  2024-10-16 10:42:31.749587 =============================================
Epoch 20, loss 1.7205 2024-10-16 10:43:58.280150
	Start validating:  2024-10-16 10:43:58.280194
	train_loss:1.7205	val_loss:3.3015	val_Mrr_raw:0.4815	val_Hits(raw)@1:0.3535	val_Hits(raw)@3:0.5554	val_Hits(raw)@10:0.7252	val_Mrr_filter:0.5005	val_Hits(filter)@1:0.3798	val_Hits(filter)@3:0.5694	val_Hits(filter)@10:0.7296
	Start testing:  2024-10-16 10:44:10.041906
	val_loss:3.2758	val_Mrr_raw:0.4815	val_Hits(raw)@1:0.3571	val_Hits(raw)@3:0.5486	val_Hits(raw)@10:0.7170	val_Mrr_filter:0.4952	val_Hits(filter)@1:0.3770	val_Hits(filter)@3:0.5573	val_Hits(filter)@10:0.7209
Epoch 21 _ Start training:  2024-10-16 10:44:21.644856 =============================================
Epoch 21, loss 1.6884 2024-10-16 10:45:48.598335
	Start validating:  2024-10-16 10:45:48.598381
	train_loss:1.6884	val_loss:3.3494	val_Mrr_raw:0.4724	val_Hits(raw)@1:0.3441	val_Hits(raw)@3:0.5445	val_Hits(raw)@10:0.7190	val_Mrr_filter:0.4910	val_Hits(filter)@1:0.3700	val_Hits(filter)@3:0.5584	val_Hits(filter)@10:0.7225
	Start testing:  2024-10-16 10:46:00.282844
	val_loss:3.3207	val_Mrr_raw:0.4732	val_Hits(raw)@1:0.3496	val_Hits(raw)@3:0.5406	val_Hits(raw)@10:0.7101	val_Mrr_filter:0.4867	val_Hits(filter)@1:0.3692	val_Hits(filter)@3:0.5495	val_Hits(filter)@10:0.7136
Epoch 22 _ Start training:  2024-10-16 10:46:11.888162 =============================================
Epoch 22, loss 1.6558 2024-10-16 10:47:39.215234
	Start validating:  2024-10-16 10:47:39.215292
	train_loss:1.6558	val_loss:3.3478	val_Mrr_raw:0.4739	val_Hits(raw)@1:0.3475	val_Hits(raw)@3:0.5452	val_Hits(raw)@10:0.7168	val_Mrr_filter:0.4926	val_Hits(filter)@1:0.3740	val_Hits(filter)@3:0.5568	val_Hits(filter)@10:0.7209
	Start testing:  2024-10-16 10:47:51.070002
	val_loss:3.3065	val_Mrr_raw:0.4715	val_Hits(raw)@1:0.3474	val_Hits(raw)@3:0.5405	val_Hits(raw)@10:0.7099	val_Mrr_filter:0.4843	val_Hits(filter)@1:0.3651	val_Hits(filter)@3:0.5492	val_Hits(filter)@10:0.7130
Epoch 23 _ Start training:  2024-10-16 10:48:02.674353 =============================================
Epoch 23, loss 1.6263 2024-10-16 10:49:29.417289
	Start validating:  2024-10-16 10:49:29.417376
	train_loss:1.6263	val_loss:3.3811	val_Mrr_raw:0.4734	val_Hits(raw)@1:0.3480	val_Hits(raw)@3:0.5424	val_Hits(raw)@10:0.7141	val_Mrr_filter:0.4920	val_Hits(filter)@1:0.3737	val_Hits(filter)@3:0.5560	val_Hits(filter)@10:0.7185
	Start testing:  2024-10-16 10:49:41.163774
	val_loss:3.3652	val_Mrr_raw:0.4666	val_Hits(raw)@1:0.3415	val_Hits(raw)@3:0.5326	val_Hits(raw)@10:0.7095	val_Mrr_filter:0.4794	val_Hits(filter)@1:0.3595	val_Hits(filter)@3:0.5419	val_Hits(filter)@10:0.7130
Epoch 24 _ Start training:  2024-10-16 10:49:52.809533 =============================================
Epoch 24, loss 1.6020 2024-10-16 10:51:19.464648
	Start validating:  2024-10-16 10:51:19.464715
	train_loss:1.6020	val_loss:3.4365	val_Mrr_raw:0.4639	val_Hits(raw)@1:0.3376	val_Hits(raw)@3:0.5342	val_Hits(raw)@10:0.7078	val_Mrr_filter:0.4813	val_Hits(filter)@1:0.3614	val_Hits(filter)@3:0.5469	val_Hits(filter)@10:0.7114
	Start testing:  2024-10-16 10:51:31.204899
	val_loss:3.4512	val_Mrr_raw:0.4546	val_Hits(raw)@1:0.3306	val_Hits(raw)@3:0.5213	val_Hits(raw)@10:0.6913	val_Mrr_filter:0.4667	val_Hits(filter)@1:0.3471	val_Hits(filter)@3:0.5296	val_Hits(filter)@10:0.6945
